2023-12-13 17:57:55.502 [info] Log level: Info
2023-12-13 17:57:55.502 [info] Validating found git in: "git"
2023-12-13 17:57:55.502 [info] Using git "2.25.1" from "git"
2023-12-13 17:57:55.502 [info] > git rev-parse --show-toplevel [1ms]
2023-12-13 17:57:55.502 [info] > git rev-parse --git-dir --git-common-dir [1ms]
2023-12-13 17:57:55.502 [info] Open repository: /home/ikbal/repos/resortApp
2023-12-13 17:57:55.502 [info] > git config --get commit.template [3ms]
2023-12-13 17:57:55.502 [info] > git rev-parse --show-toplevel [3ms]
2023-12-13 17:57:55.502 [info] > git for-each-ref --format=%(refname)%00%(upstream:short)%00%(objectname)%00%(upstream:track)%00%(upstream:remotename)%00%(upstream:remoteref) refs/heads/main refs/remotes/main [4ms]
2023-12-13 17:57:55.502 [warning] ENOENT: no such file or directory, open '/home/ikbal/repos/resortApp/.git/refs/remotes/origin/main'
2023-12-13 17:57:55.502 [info] > git rev-parse --show-toplevel [4ms]
2023-12-13 17:57:55.502 [info] > git rev-parse refs/remotes/origin/main [4ms]
2023-12-13 17:57:55.502 [info] > git rev-parse --show-toplevel [10ms]
2023-12-13 17:57:55.502 [info] > git status -z -uall [15ms]
2023-12-13 17:57:55.502 [info] > git config --get commit.template [8ms]
2023-12-13 17:57:55.502 [info] > git for-each-ref --format=%(refname)%00%(upstream:short)%00%(objectname)%00%(upstream:track)%00%(upstream:remotename)%00%(upstream:remoteref) refs/heads/main refs/remotes/main [4ms]
2023-12-13 17:57:55.502 [warning] ENOENT: no such file or directory, open '/home/ikbal/repos/resortApp/.git/refs/remotes/origin/main'
2023-12-13 17:57:55.502 [info] > git rev-parse refs/remotes/origin/main [2ms]
2023-12-13 17:57:55.507 [info] > git status -z -uall [6ms]
2023-12-13 17:57:56.287 [info] > git check-ignore -v -z --stdin [26ms]
2023-12-13 17:57:56.310 [info] > git show --textconv :frontend/src/components/styleguide/searchbar/datepicker/index.jsx [11ms]
2023-12-13 17:57:56.310 [info] > git ls-files --stage -- /home/ikbal/repos/resortApp/frontend/src/components/styleguide/searchbar/datepicker/index.jsx [6ms]
2023-12-14 11:20:51.492 [info] > git show --textconv :frontend/src/components/styleguide/searchbar/datepicker/datepicker.scss [4ms]
2023-12-14 11:20:51.492 [info] > git ls-files --stage -- /home/ikbal/repos/resortApp/frontend/src/components/styleguide/searchbar/datepicker/datepicker.scss [1ms]
2023-12-14 11:20:52.600 [info] > git show --textconv :frontend/src/components/styleguide/searchbar/datepicker/index.jsx [5ms]
2023-12-14 11:20:52.601 [info] > git ls-files --stage -- /home/ikbal/repos/resortApp/frontend/src/components/styleguide/searchbar/datepicker/index.jsx [1ms]
2023-12-14 11:21:53.428 [info] > git show --textconv :frontend/src/components/styleguide/searchbar/datepicker/datepicker.scss [12ms]
2023-12-14 11:21:53.430 [info] > git ls-files --stage -- /home/ikbal/repos/resortApp/frontend/src/components/styleguide/searchbar/datepicker/datepicker.scss [4ms]
2023-12-14 11:21:54.406 [info] > git show --textconv :frontend/src/components/styleguide/searchbar/datepicker/index.jsx [12ms]
2023-12-14 11:21:54.409 [info] > git ls-files --stage -- /home/ikbal/repos/resortApp/frontend/src/components/styleguide/searchbar/datepicker/index.jsx [4ms]
2023-12-14 11:22:48.683 [info] > git config --get commit.template [12ms]
2023-12-14 11:22:48.684 [info] > git for-each-ref --format=%(refname)%00%(upstream:short)%00%(objectname)%00%(upstream:track)%00%(upstream:remotename)%00%(upstream:remoteref) refs/heads/main refs/remotes/main [3ms]
2023-12-14 11:22:48.692 [warning] ENOENT: no such file or directory, open '/home/ikbal/repos/resortApp/.git/refs/remotes/origin/main'
2023-12-14 11:22:48.693 [info] > git rev-parse refs/remotes/origin/main [1ms]
2023-12-14 11:22:48.708 [info] > git status -z -uall [8ms]
2023-12-14 11:23:45.159 [info] > git config --get commit.template [6ms]
2023-12-14 11:23:45.160 [info] > git for-each-ref --format=%(refname)%00%(upstream:short)%00%(objectname)%00%(upstream:track)%00%(upstream:remotename)%00%(upstream:remoteref) refs/heads/main refs/remotes/main [3ms]
2023-12-14 11:23:45.168 [warning] ENOENT: no such file or directory, open '/home/ikbal/repos/resortApp/.git/refs/remotes/origin/main'
2023-12-14 11:23:45.170 [info] > git rev-parse refs/remotes/origin/main [1ms]
2023-12-14 11:23:45.181 [info] > git status -z -uall [8ms]
2023-12-14 11:23:45.624 [info] > git show --textconv :frontend/src/components/styleguide/searchbar/datepicker/datepicker.scss [4ms]
2023-12-14 11:23:45.625 [info] > git ls-files --stage -- /home/ikbal/repos/resortApp/frontend/src/components/styleguide/searchbar/datepicker/datepicker.scss [1ms]
2023-12-14 11:23:49.747 [info] > git show --textconv :frontend/src/components/styleguide/searchbar/datepicker/index.jsx [5ms]
2023-12-14 11:23:49.748 [info] > git ls-files --stage -- /home/ikbal/repos/resortApp/frontend/src/components/styleguide/searchbar/datepicker/index.jsx [1ms]
2023-12-14 11:23:50.200 [info] > git config --get commit.template [5ms]
2023-12-14 11:23:50.201 [info] > git for-each-ref --format=%(refname)%00%(upstream:short)%00%(objectname)%00%(upstream:track)%00%(upstream:remotename)%00%(upstream:remoteref) refs/heads/main refs/remotes/main [2ms]
2023-12-14 11:23:50.209 [warning] ENOENT: no such file or directory, open '/home/ikbal/repos/resortApp/.git/refs/remotes/origin/main'
2023-12-14 11:23:50.211 [info] > git rev-parse refs/remotes/origin/main [2ms]
2023-12-14 11:23:50.224 [info] > git status -z -uall [5ms]
2023-12-14 11:24:39.503 [info] > git config --get commit.template [7ms]
2023-12-14 11:24:39.504 [info] > git for-each-ref --format=%(refname)%00%(upstream:short)%00%(objectname)%00%(upstream:track)%00%(upstream:remotename)%00%(upstream:remoteref) refs/heads/main refs/remotes/main [3ms]
2023-12-14 11:24:39.511 [warning] ENOENT: no such file or directory, open '/home/ikbal/repos/resortApp/.git/refs/remotes/origin/main'
2023-12-14 11:24:39.511 [info] > git rev-parse refs/remotes/origin/main [0ms]
2023-12-14 11:24:39.524 [info] > git status -z -uall [6ms]
2023-12-14 11:24:46.598 [info] > git config --get commit.template [6ms]
2023-12-14 11:24:46.598 [info] > git for-each-ref --format=%(refname)%00%(upstream:short)%00%(objectname)%00%(upstream:track)%00%(upstream:remotename)%00%(upstream:remoteref) refs/heads/main refs/remotes/main [1ms]
2023-12-14 11:24:46.605 [warning] ENOENT: no such file or directory, open '/home/ikbal/repos/resortApp/.git/refs/remotes/origin/main'
2023-12-14 11:24:46.606 [info] > git rev-parse refs/remotes/origin/main [1ms]
2023-12-14 11:24:46.621 [info] > git status -z -uall [9ms]
2023-12-14 11:25:03.408 [info] > git config --get commit.template [14ms]
2023-12-14 11:25:03.409 [info] > git for-each-ref --format=%(refname)%00%(upstream:short)%00%(objectname)%00%(upstream:track)%00%(upstream:remotename)%00%(upstream:remoteref) refs/heads/main refs/remotes/main [2ms]
2023-12-14 11:25:03.417 [warning] ENOENT: no such file or directory, open '/home/ikbal/repos/resortApp/.git/refs/remotes/origin/main'
2023-12-14 11:25:03.418 [info] > git rev-parse refs/remotes/origin/main [1ms]
2023-12-14 11:25:03.431 [info] > git status -z -uall [6ms]
2023-12-14 11:25:04.677 [info] > git show --textconv :frontend/src/components/styleguide/searchbar/datepicker/datepicker.scss [13ms]
2023-12-14 11:25:04.679 [info] > git ls-files --stage -- /home/ikbal/repos/resortApp/frontend/src/components/styleguide/searchbar/datepicker/datepicker.scss [3ms]
2023-12-14 11:25:23.637 [info] > git config --get commit.template [1ms]
2023-12-14 11:25:23.649 [info] > git for-each-ref --format=%(refname)%00%(upstream:short)%00%(objectname)%00%(upstream:track)%00%(upstream:remotename)%00%(upstream:remoteref) refs/heads/main refs/remotes/main [2ms]
2023-12-14 11:25:23.655 [warning] ENOENT: no such file or directory, open '/home/ikbal/repos/resortApp/.git/refs/remotes/origin/main'
2023-12-14 11:25:23.656 [info] > git rev-parse refs/remotes/origin/main [1ms]
2023-12-14 11:25:23.665 [info] > git status -z -uall [6ms]
2023-12-14 11:25:24.855 [info] > git show --textconv :frontend/src/components/styleguide/searchbar/datepicker/index.jsx [5ms]
2023-12-14 11:25:24.857 [info] > git ls-files --stage -- /home/ikbal/repos/resortApp/frontend/src/components/styleguide/searchbar/datepicker/index.jsx [2ms]
2023-12-14 11:25:26.811 [info] > git show --textconv :frontend/src/components/styleguide/searchbar/datepicker/datepicker.scss [5ms]
2023-12-14 11:25:26.812 [info] > git ls-files --stage -- /home/ikbal/repos/resortApp/frontend/src/components/styleguide/searchbar/datepicker/datepicker.scss [1ms]
2023-12-14 11:25:31.904 [info] > git config --get commit.template [4ms]
2023-12-14 11:25:31.904 [info] > git for-each-ref --format=%(refname)%00%(upstream:short)%00%(objectname)%00%(upstream:track)%00%(upstream:remotename)%00%(upstream:remoteref) refs/heads/main refs/remotes/main [1ms]
2023-12-14 11:25:31.907 [warning] ENOENT: no such file or directory, open '/home/ikbal/repos/resortApp/.git/refs/remotes/origin/main'
2023-12-14 11:25:31.908 [info] > git rev-parse refs/remotes/origin/main [1ms]
2023-12-14 11:25:31.918 [info] > git status -z -uall [7ms]
2023-12-14 11:26:26.045 [info] > git config --get commit.template [5ms]
2023-12-14 11:26:26.045 [info] > git for-each-ref --format=%(refname)%00%(upstream:short)%00%(objectname)%00%(upstream:track)%00%(upstream:remotename)%00%(upstream:remoteref) refs/heads/main refs/remotes/main [1ms]
2023-12-14 11:26:26.050 [warning] ENOENT: no such file or directory, open '/home/ikbal/repos/resortApp/.git/refs/remotes/origin/main'
2023-12-14 11:26:26.051 [info] > git rev-parse refs/remotes/origin/main [1ms]
2023-12-14 11:26:26.064 [info] > git status -z -uall [5ms]
2023-12-14 11:27:23.039 [info] > git config --get commit.template [17ms]
2023-12-14 11:27:23.040 [info] > git for-each-ref --format=%(refname)%00%(upstream:short)%00%(objectname)%00%(upstream:track)%00%(upstream:remotename)%00%(upstream:remoteref) refs/heads/main refs/remotes/main [3ms]
2023-12-14 11:27:23.055 [warning] ENOENT: no such file or directory, open '/home/ikbal/repos/resortApp/.git/refs/remotes/origin/main'
2023-12-14 11:27:23.057 [info] > git rev-parse refs/remotes/origin/main [2ms]
2023-12-14 11:27:23.098 [info] > git status -z -uall [25ms]
2023-12-14 11:27:23.971 [info] > git show --textconv :frontend/src/components/styleguide/searchbar/datepicker/index.jsx [31ms]
2023-12-14 11:27:23.974 [info] > git ls-files --stage -- /home/ikbal/repos/resortApp/frontend/src/components/styleguide/searchbar/datepicker/index.jsx [6ms]
2023-12-14 11:27:24.475 [info] > git show --textconv :frontend/src/components/styleguide/searchbar/location-date-search/index.jsx [7ms]
2023-12-14 11:27:24.476 [info] > git ls-files --stage -- /home/ikbal/repos/resortApp/frontend/src/components/styleguide/searchbar/location-date-search/index.jsx [1ms]
2023-12-14 11:27:26.224 [info] > git show --textconv :frontend/src/components/styleguide/searchbar/datepicker/index.jsx [12ms]
2023-12-14 11:27:26.225 [info] > git ls-files --stage -- /home/ikbal/repos/resortApp/frontend/src/components/styleguide/searchbar/datepicker/index.jsx [2ms]
2023-12-14 11:27:28.116 [info] > git config --get commit.template [5ms]
2023-12-14 11:27:28.116 [info] > git for-each-ref --format=%(refname)%00%(upstream:short)%00%(objectname)%00%(upstream:track)%00%(upstream:remotename)%00%(upstream:remoteref) refs/heads/main refs/remotes/main [1ms]
2023-12-14 11:27:28.120 [warning] ENOENT: no such file or directory, open '/home/ikbal/repos/resortApp/.git/refs/remotes/origin/main'
2023-12-14 11:27:28.120 [info] > git rev-parse refs/remotes/origin/main [0ms]
2023-12-14 11:27:28.128 [info] > git status -z -uall [4ms]
2023-12-14 11:27:30.138 [info] > git show --textconv :frontend/src/components/styleguide/StyleGuide.jsx [4ms]
2023-12-14 11:27:30.139 [info] > git ls-files --stage -- /home/ikbal/repos/resortApp/frontend/src/components/styleguide/StyleGuide.jsx [1ms]
2023-12-14 11:27:31.759 [info] > git show --textconv :frontend/src/components/styleguide/searchbar/datepicker/index.jsx [4ms]
2023-12-14 11:27:31.760 [info] > git ls-files --stage -- /home/ikbal/repos/resortApp/frontend/src/components/styleguide/searchbar/datepicker/index.jsx [1ms]
2023-12-14 11:28:37.556 [info] > git config --get commit.template [10ms]
2023-12-14 11:28:37.557 [info] > git for-each-ref --format=%(refname)%00%(upstream:short)%00%(objectname)%00%(upstream:track)%00%(upstream:remotename)%00%(upstream:remoteref) refs/heads/main refs/remotes/main [3ms]
2023-12-14 11:28:37.566 [warning] ENOENT: no such file or directory, open '/home/ikbal/repos/resortApp/.git/refs/remotes/origin/main'
2023-12-14 11:28:37.567 [info] > git rev-parse refs/remotes/origin/main [1ms]
2023-12-14 11:28:37.582 [info] > git status -z -uall [7ms]
2023-12-14 11:28:42.926 [info] > git config --get commit.template [13ms]
2023-12-14 11:28:42.927 [info] > git for-each-ref --format=%(refname)%00%(upstream:short)%00%(objectname)%00%(upstream:track)%00%(upstream:remotename)%00%(upstream:remoteref) refs/heads/main refs/remotes/main [2ms]
2023-12-14 11:28:42.936 [warning] ENOENT: no such file or directory, open '/home/ikbal/repos/resortApp/.git/refs/remotes/origin/main'
2023-12-14 11:28:42.938 [info] > git rev-parse refs/remotes/origin/main [1ms]
2023-12-14 11:28:42.952 [info] > git status -z -uall [7ms]
2023-12-14 11:29:13.302 [info] > git config --get commit.template [8ms]
2023-12-14 11:29:13.303 [info] > git for-each-ref --format=%(refname)%00%(upstream:short)%00%(objectname)%00%(upstream:track)%00%(upstream:remotename)%00%(upstream:remoteref) refs/heads/main refs/remotes/main [2ms]
2023-12-14 11:29:13.313 [warning] ENOENT: no such file or directory, open '/home/ikbal/repos/resortApp/.git/refs/remotes/origin/main'
2023-12-14 11:29:13.315 [info] > git rev-parse refs/remotes/origin/main [2ms]
2023-12-14 11:29:13.332 [info] > git status -z -uall [8ms]
2023-12-14 11:29:32.436 [info] > git config --get commit.template [12ms]
2023-12-14 11:29:32.437 [info] > git for-each-ref --format=%(refname)%00%(upstream:short)%00%(objectname)%00%(upstream:track)%00%(upstream:remotename)%00%(upstream:remoteref) refs/heads/main refs/remotes/main [2ms]
2023-12-14 11:29:32.449 [warning] ENOENT: no such file or directory, open '/home/ikbal/repos/resortApp/.git/refs/remotes/origin/main'
2023-12-14 11:29:32.450 [info] > git rev-parse refs/remotes/origin/main [0ms]
2023-12-14 11:29:32.465 [info] > git status -z -uall [7ms]
2023-12-14 11:30:03.234 [info] > git show --textconv :frontend/src/components/styleguide/StyleGuide.jsx [7ms]
2023-12-14 11:30:03.235 [info] > git ls-files --stage -- /home/ikbal/repos/resortApp/frontend/src/components/styleguide/StyleGuide.jsx [1ms]
2023-12-14 11:30:03.978 [info] > git config --get commit.template [1ms]
2023-12-14 11:30:03.986 [info] > git for-each-ref --format=%(refname)%00%(upstream:short)%00%(objectname)%00%(upstream:track)%00%(upstream:remotename)%00%(upstream:remoteref) refs/heads/main refs/remotes/main [0ms]
2023-12-14 11:30:03.991 [warning] ENOENT: no such file or directory, open '/home/ikbal/repos/resortApp/.git/refs/remotes/origin/main'
2023-12-14 11:30:03.992 [info] > git rev-parse refs/remotes/origin/main [1ms]
2023-12-14 11:30:03.999 [info] > git status -z -uall [4ms]
2023-12-14 11:30:15.073 [info] > git config --get commit.template [7ms]
2023-12-14 11:30:15.073 [info] > git for-each-ref --format=%(refname)%00%(upstream:short)%00%(objectname)%00%(upstream:track)%00%(upstream:remotename)%00%(upstream:remoteref) refs/heads/main refs/remotes/main [1ms]
2023-12-14 11:30:15.080 [warning] ENOENT: no such file or directory, open '/home/ikbal/repos/resortApp/.git/refs/remotes/origin/main'
2023-12-14 11:30:15.081 [info] > git rev-parse refs/remotes/origin/main [0ms]
2023-12-14 11:30:15.091 [info] > git status -z -uall [4ms]
2023-12-14 11:30:16.349 [info] > git show --textconv :frontend/src/components/styleguide/searchbar/datepicker/datepicker.scss [5ms]
2023-12-14 11:30:16.349 [info] > git ls-files --stage -- /home/ikbal/repos/resortApp/frontend/src/components/styleguide/searchbar/datepicker/datepicker.scss [0ms]
2023-12-14 11:31:04.088 [info] > git for-each-ref --format=%(refname)%00%(upstream:short)%00%(objectname)%00%(upstream:track)%00%(upstream:remotename)%00%(upstream:remoteref) refs/heads/main refs/remotes/main [2ms]
2023-12-14 11:31:04.088 [info] > git config --get commit.template [7ms]
2023-12-14 11:31:04.094 [warning] ENOENT: no such file or directory, open '/home/ikbal/repos/resortApp/.git/refs/remotes/origin/main'
2023-12-14 11:31:04.094 [info] > git rev-parse refs/remotes/origin/main [0ms]
2023-12-14 11:31:04.103 [info] > git status -z -uall [4ms]
2023-12-14 11:31:30.534 [info] > git config --get commit.template [6ms]
2023-12-14 11:31:30.534 [info] > git for-each-ref --format=%(refname)%00%(upstream:short)%00%(objectname)%00%(upstream:track)%00%(upstream:remotename)%00%(upstream:remoteref) refs/heads/main refs/remotes/main [1ms]
2023-12-14 11:31:30.541 [warning] ENOENT: no such file or directory, open '/home/ikbal/repos/resortApp/.git/refs/remotes/origin/main'
2023-12-14 11:31:30.542 [info] > git rev-parse refs/remotes/origin/main [1ms]
2023-12-14 11:31:30.550 [info] > git status -z -uall [4ms]
2023-12-14 11:31:48.598 [info] > git config --get commit.template [6ms]
2023-12-14 11:31:48.599 [info] > git for-each-ref --format=%(refname)%00%(upstream:short)%00%(objectname)%00%(upstream:track)%00%(upstream:remotename)%00%(upstream:remoteref) refs/heads/main refs/remotes/main [1ms]
2023-12-14 11:31:48.605 [warning] ENOENT: no such file or directory, open '/home/ikbal/repos/resortApp/.git/refs/remotes/origin/main'
2023-12-14 11:31:48.606 [info] > git rev-parse refs/remotes/origin/main [1ms]
2023-12-14 11:31:48.615 [info] > git status -z -uall [4ms]
2023-12-14 11:31:56.326 [info] > git config --get commit.template [6ms]
2023-12-14 11:31:56.326 [info] > git for-each-ref --format=%(refname)%00%(upstream:short)%00%(objectname)%00%(upstream:track)%00%(upstream:remotename)%00%(upstream:remoteref) refs/heads/main refs/remotes/main [1ms]
2023-12-14 11:31:56.331 [warning] ENOENT: no such file or directory, open '/home/ikbal/repos/resortApp/.git/refs/remotes/origin/main'
2023-12-14 11:31:56.332 [info] > git rev-parse refs/remotes/origin/main [1ms]
2023-12-14 11:31:56.341 [info] > git status -z -uall [4ms]
2023-12-14 11:32:14.966 [info] > git config --get commit.template [6ms]
2023-12-14 11:32:14.966 [info] > git for-each-ref --format=%(refname)%00%(upstream:short)%00%(objectname)%00%(upstream:track)%00%(upstream:remotename)%00%(upstream:remoteref) refs/heads/main refs/remotes/main [0ms]
2023-12-14 11:32:14.972 [warning] ENOENT: no such file or directory, open '/home/ikbal/repos/resortApp/.git/refs/remotes/origin/main'
2023-12-14 11:32:14.973 [info] > git rev-parse refs/remotes/origin/main [1ms]
2023-12-14 11:32:14.981 [info] > git status -z -uall [4ms]
2023-12-14 11:32:20.034 [info] > git config --get commit.template [11ms]
2023-12-14 11:32:20.035 [info] > git for-each-ref --format=%(refname)%00%(upstream:short)%00%(objectname)%00%(upstream:track)%00%(upstream:remotename)%00%(upstream:remoteref) refs/heads/main refs/remotes/main [2ms]
2023-12-14 11:32:20.042 [warning] ENOENT: no such file or directory, open '/home/ikbal/repos/resortApp/.git/refs/remotes/origin/main'
2023-12-14 11:32:20.043 [info] > git rev-parse refs/remotes/origin/main [1ms]
2023-12-14 11:32:20.058 [info] > git status -z -uall [9ms]
2023-12-14 11:32:29.462 [info] > git config --get commit.template [5ms]
2023-12-14 11:32:29.462 [info] > git for-each-ref --format=%(refname)%00%(upstream:short)%00%(objectname)%00%(upstream:track)%00%(upstream:remotename)%00%(upstream:remoteref) refs/heads/main refs/remotes/main [1ms]
2023-12-14 11:32:29.468 [warning] ENOENT: no such file or directory, open '/home/ikbal/repos/resortApp/.git/refs/remotes/origin/main'
2023-12-14 11:32:29.468 [info] > git rev-parse refs/remotes/origin/main [0ms]
2023-12-14 11:32:29.476 [info] > git status -z -uall [4ms]
2023-12-14 11:32:52.188 [info] > git config --get commit.template [11ms]
2023-12-14 11:32:52.189 [info] > git for-each-ref --format=%(refname)%00%(upstream:short)%00%(objectname)%00%(upstream:track)%00%(upstream:remotename)%00%(upstream:remoteref) refs/heads/main refs/remotes/main [2ms]
2023-12-14 11:32:52.198 [warning] ENOENT: no such file or directory, open '/home/ikbal/repos/resortApp/.git/refs/remotes/origin/main'
2023-12-14 11:32:52.199 [info] > git rev-parse refs/remotes/origin/main [1ms]
2023-12-14 11:32:52.210 [info] > git status -z -uall [5ms]
2023-12-14 11:33:17.445 [info] > git show --textconv :frontend/src/components/styleguide/StyleGuide.jsx [4ms]
2023-12-14 11:33:17.445 [info] > git ls-files --stage -- /home/ikbal/repos/resortApp/frontend/src/components/styleguide/StyleGuide.jsx [0ms]
2023-12-14 11:33:32.720 [info] > git show --textconv :frontend/src/components/styleguide/searchbar/datepicker/index.jsx [6ms]
2023-12-14 11:33:32.721 [info] > git ls-files --stage -- /home/ikbal/repos/resortApp/frontend/src/components/styleguide/searchbar/datepicker/index.jsx [2ms]
2023-12-14 11:34:51.328 [info] > git config --get commit.template [13ms]
2023-12-14 11:34:51.328 [info] > git for-each-ref --format=%(refname)%00%(upstream:short)%00%(objectname)%00%(upstream:track)%00%(upstream:remotename)%00%(upstream:remoteref) refs/heads/main refs/remotes/main [2ms]
2023-12-14 11:34:51.338 [warning] ENOENT: no such file or directory, open '/home/ikbal/repos/resortApp/.git/refs/remotes/origin/main'
2023-12-14 11:34:51.340 [info] > git rev-parse refs/remotes/origin/main [2ms]
2023-12-14 11:34:51.354 [info] > git status -z -uall [6ms]
2023-12-14 11:35:15.590 [info] > git config --get commit.template [13ms]
2023-12-14 11:35:15.591 [info] > git for-each-ref --format=%(refname)%00%(upstream:short)%00%(objectname)%00%(upstream:track)%00%(upstream:remotename)%00%(upstream:remoteref) refs/heads/main refs/remotes/main [2ms]
2023-12-14 11:35:15.601 [warning] ENOENT: no such file or directory, open '/home/ikbal/repos/resortApp/.git/refs/remotes/origin/main'
2023-12-14 11:35:15.603 [info] > git rev-parse refs/remotes/origin/main [2ms]
2023-12-14 11:35:15.621 [info] > git status -z -uall [9ms]
2023-12-14 11:35:49.524 [info] > git config --get commit.template [5ms]
2023-12-14 11:35:49.525 [info] > git for-each-ref --format=%(refname)%00%(upstream:short)%00%(objectname)%00%(upstream:track)%00%(upstream:remotename)%00%(upstream:remoteref) refs/heads/main refs/remotes/main [1ms]
2023-12-14 11:35:49.530 [warning] ENOENT: no such file or directory, open '/home/ikbal/repos/resortApp/.git/refs/remotes/origin/main'
2023-12-14 11:35:49.531 [info] > git rev-parse refs/remotes/origin/main [1ms]
2023-12-14 11:35:49.540 [info] > git status -z -uall [4ms]
2023-12-14 11:36:19.383 [info] > git config --get commit.template [7ms]
2023-12-14 11:36:19.383 [info] > git for-each-ref --format=%(refname)%00%(upstream:short)%00%(objectname)%00%(upstream:track)%00%(upstream:remotename)%00%(upstream:remoteref) refs/heads/main refs/remotes/main [1ms]
2023-12-14 11:36:19.389 [warning] ENOENT: no such file or directory, open '/home/ikbal/repos/resortApp/.git/refs/remotes/origin/main'
2023-12-14 11:36:19.389 [info] > git rev-parse refs/remotes/origin/main [0ms]
2023-12-14 11:36:19.398 [info] > git status -z -uall [4ms]
2023-12-14 11:37:19.438 [info] > git config --get commit.template [7ms]
2023-12-14 11:37:19.438 [info] > git for-each-ref --format=%(refname)%00%(upstream:short)%00%(objectname)%00%(upstream:track)%00%(upstream:remotename)%00%(upstream:remoteref) refs/heads/main refs/remotes/main [1ms]
2023-12-14 11:37:19.444 [warning] ENOENT: no such file or directory, open '/home/ikbal/repos/resortApp/.git/refs/remotes/origin/main'
2023-12-14 11:37:19.445 [info] > git rev-parse refs/remotes/origin/main [1ms]
2023-12-14 11:37:19.456 [info] > git status -z -uall [5ms]
2023-12-14 11:38:17.409 [info] > git config --get commit.template [13ms]
2023-12-14 11:38:17.410 [info] > git for-each-ref --format=%(refname)%00%(upstream:short)%00%(objectname)%00%(upstream:track)%00%(upstream:remotename)%00%(upstream:remoteref) refs/heads/main refs/remotes/main [2ms]
2023-12-14 11:38:17.419 [warning] ENOENT: no such file or directory, open '/home/ikbal/repos/resortApp/.git/refs/remotes/origin/main'
2023-12-14 11:38:17.420 [info] > git rev-parse refs/remotes/origin/main [2ms]
2023-12-14 11:38:17.433 [info] > git status -z -uall [6ms]
2023-12-14 11:38:52.996 [info] > git config --get commit.template [7ms]
2023-12-14 11:38:52.996 [info] > git for-each-ref --format=%(refname)%00%(upstream:short)%00%(objectname)%00%(upstream:track)%00%(upstream:remotename)%00%(upstream:remoteref) refs/heads/main refs/remotes/main [1ms]
2023-12-14 11:38:53.002 [warning] ENOENT: no such file or directory, open '/home/ikbal/repos/resortApp/.git/refs/remotes/origin/main'
2023-12-14 11:38:53.003 [info] > git rev-parse refs/remotes/origin/main [1ms]
2023-12-14 11:38:53.012 [info] > git status -z -uall [5ms]
2023-12-14 11:39:05.742 [info] > git config --get commit.template [6ms]
2023-12-14 11:39:05.742 [info] > git for-each-ref --format=%(refname)%00%(upstream:short)%00%(objectname)%00%(upstream:track)%00%(upstream:remotename)%00%(upstream:remoteref) refs/heads/main refs/remotes/main [1ms]
2023-12-14 11:39:05.748 [warning] ENOENT: no such file or directory, open '/home/ikbal/repos/resortApp/.git/refs/remotes/origin/main'
2023-12-14 11:39:05.749 [info] > git rev-parse refs/remotes/origin/main [1ms]
2023-12-14 11:39:05.758 [info] > git status -z -uall [5ms]
2023-12-14 11:40:09.635 [info] > git config --get commit.template [1ms]
2023-12-14 11:40:09.641 [info] > git for-each-ref --format=%(refname)%00%(upstream:short)%00%(objectname)%00%(upstream:track)%00%(upstream:remotename)%00%(upstream:remoteref) refs/heads/main refs/remotes/main [1ms]
2023-12-14 11:40:09.647 [warning] ENOENT: no such file or directory, open '/home/ikbal/repos/resortApp/.git/refs/remotes/origin/main'
2023-12-14 11:40:09.648 [info] > git rev-parse refs/remotes/origin/main [1ms]
2023-12-14 11:40:09.657 [info] > git status -z -uall [4ms]
2023-12-14 11:40:25.612 [info] > git config --get commit.template [12ms]
2023-12-14 11:40:25.613 [info] > git for-each-ref --format=%(refname)%00%(upstream:short)%00%(objectname)%00%(upstream:track)%00%(upstream:remotename)%00%(upstream:remoteref) refs/heads/main refs/remotes/main [2ms]
2023-12-14 11:40:25.623 [warning] ENOENT: no such file or directory, open '/home/ikbal/repos/resortApp/.git/refs/remotes/origin/main'
2023-12-14 11:40:25.625 [info] > git rev-parse refs/remotes/origin/main [1ms]
2023-12-14 11:40:25.640 [info] > git status -z -uall [6ms]
2023-12-14 11:40:42.725 [info] > git show --textconv :frontend/src/components/styleguide/searchbar/datepicker/datepicker.scss [9ms]
2023-12-14 11:40:42.727 [info] > git ls-files --stage -- /home/ikbal/repos/resortApp/frontend/src/components/styleguide/searchbar/datepicker/datepicker.scss [3ms]
2023-12-14 11:40:46.793 [info] > git show --textconv :frontend/src/components/styleguide/StyleGuide.jsx [13ms]
2023-12-14 11:40:46.795 [info] > git ls-files --stage -- /home/ikbal/repos/resortApp/frontend/src/components/styleguide/StyleGuide.jsx [2ms]
2023-12-14 11:40:53.388 [info] > git show --textconv :frontend/src/components/styleguide/searchbar/datepicker/datepicker.scss [4ms]
2023-12-14 11:40:53.388 [info] > git ls-files --stage -- /home/ikbal/repos/resortApp/frontend/src/components/styleguide/searchbar/datepicker/datepicker.scss [1ms]
2023-12-14 11:40:54.859 [info] > git show --textconv :frontend/src/components/styleguide/searchbar/datepicker/index.jsx [5ms]
2023-12-14 11:40:54.860 [info] > git ls-files --stage -- /home/ikbal/repos/resortApp/frontend/src/components/styleguide/searchbar/datepicker/index.jsx [1ms]
2023-12-14 11:41:35.695 [info] > git show --textconv :frontend/src/components/styleguide/searchbar/datepicker/datepicker.scss [14ms]
2023-12-14 11:41:35.697 [info] > git ls-files --stage -- /home/ikbal/repos/resortApp/frontend/src/components/styleguide/searchbar/datepicker/datepicker.scss [2ms]
2023-12-14 11:42:49.499 [info] > git for-each-ref --format=%(refname)%00%(upstream:short)%00%(objectname)%00%(upstream:track)%00%(upstream:remotename)%00%(upstream:remoteref) refs/heads/main refs/remotes/main [1ms]
2023-12-14 11:42:49.499 [info] > git config --get commit.template [7ms]
2023-12-14 11:42:49.505 [warning] ENOENT: no such file or directory, open '/home/ikbal/repos/resortApp/.git/refs/remotes/origin/main'
2023-12-14 11:42:49.505 [info] > git rev-parse refs/remotes/origin/main [0ms]
2023-12-14 11:42:49.514 [info] > git status -z -uall [4ms]
2023-12-14 11:42:57.022 [info] > git config --get commit.template [8ms]
2023-12-14 11:42:57.023 [info] > git for-each-ref --format=%(refname)%00%(upstream:short)%00%(objectname)%00%(upstream:track)%00%(upstream:remotename)%00%(upstream:remoteref) refs/heads/main refs/remotes/main [1ms]
2023-12-14 11:42:57.028 [warning] ENOENT: no such file or directory, open '/home/ikbal/repos/resortApp/.git/refs/remotes/origin/main'
2023-12-14 11:42:57.029 [info] > git rev-parse refs/remotes/origin/main [1ms]
2023-12-14 11:42:57.039 [info] > git status -z -uall [4ms]
2023-12-14 11:43:09.465 [info] > git config --get commit.template [6ms]
2023-12-14 11:43:09.465 [info] > git for-each-ref --format=%(refname)%00%(upstream:short)%00%(objectname)%00%(upstream:track)%00%(upstream:remotename)%00%(upstream:remoteref) refs/heads/main refs/remotes/main [1ms]
2023-12-14 11:43:09.472 [warning] ENOENT: no such file or directory, open '/home/ikbal/repos/resortApp/.git/refs/remotes/origin/main'
2023-12-14 11:43:09.472 [info] > git rev-parse refs/remotes/origin/main [0ms]
2023-12-14 11:43:09.481 [info] > git status -z -uall [4ms]
2023-12-14 11:43:56.127 [info] > git config --get commit.template [6ms]
2023-12-14 11:43:56.128 [info] > git for-each-ref --format=%(refname)%00%(upstream:short)%00%(objectname)%00%(upstream:track)%00%(upstream:remotename)%00%(upstream:remoteref) refs/heads/main refs/remotes/main [1ms]
2023-12-14 11:43:56.134 [warning] ENOENT: no such file or directory, open '/home/ikbal/repos/resortApp/.git/refs/remotes/origin/main'
2023-12-14 11:43:56.134 [info] > git rev-parse refs/remotes/origin/main [0ms]
2023-12-14 11:43:56.143 [info] > git status -z -uall [4ms]
2023-12-14 11:43:57.361 [info] > git show --textconv :frontend/src/components/styleguide/searchbar/datepicker/index.jsx [6ms]
2023-12-14 11:43:57.361 [info] > git ls-files --stage -- /home/ikbal/repos/resortApp/frontend/src/components/styleguide/searchbar/datepicker/index.jsx [1ms]
2023-12-14 11:44:04.933 [info] > git for-each-ref --format=%(refname)%00%(upstream:short)%00%(objectname)%00%(upstream:track)%00%(upstream:remotename)%00%(upstream:remoteref) refs/heads/main refs/remotes/main [1ms]
2023-12-14 11:44:04.933 [info] > git config --get commit.template [8ms]
2023-12-14 11:44:04.939 [warning] ENOENT: no such file or directory, open '/home/ikbal/repos/resortApp/.git/refs/remotes/origin/main'
2023-12-14 11:44:04.940 [info] > git rev-parse refs/remotes/origin/main [1ms]
2023-12-14 11:44:04.949 [info] > git status -z -uall [5ms]
2023-12-14 11:45:52.069 [info] > git config --get commit.template [6ms]
2023-12-14 11:45:52.069 [info] > git for-each-ref --format=%(refname)%00%(upstream:short)%00%(objectname)%00%(upstream:track)%00%(upstream:remotename)%00%(upstream:remoteref) refs/heads/main refs/remotes/main [1ms]
2023-12-14 11:45:52.074 [warning] ENOENT: no such file or directory, open '/home/ikbal/repos/resortApp/.git/refs/remotes/origin/main'
2023-12-14 11:45:52.074 [info] > git rev-parse refs/remotes/origin/main [1ms]
2023-12-14 11:45:52.083 [info] > git status -z -uall [4ms]
2023-12-14 11:47:05.306 [info] > git show --textconv :frontend/node_modules/react-datepicker/dist/react-datepicker.css [10ms]
2023-12-14 11:47:05.308 [info] > git ls-files --stage -- /home/ikbal/repos/resortApp/frontend/node_modules/react-datepicker/dist/react-datepicker.css [2ms]
2023-12-14 11:47:05.500 [info] > git check-ignore -v -z --stdin [1ms]
2023-12-14 11:51:42.018 [info] > git show --textconv :frontend/src/components/styleguide/searchbar/datepicker/index.jsx [7ms]
2023-12-14 11:51:42.018 [info] > git ls-files --stage -- /home/ikbal/repos/resortApp/frontend/src/components/styleguide/searchbar/datepicker/index.jsx [1ms]
2023-12-14 11:51:44.699 [info] > git show --textconv :frontend/node_modules/react-datepicker/dist/react-datepicker.css [12ms]
2023-12-14 11:51:44.701 [info] > git ls-files --stage -- /home/ikbal/repos/resortApp/frontend/node_modules/react-datepicker/dist/react-datepicker.css [2ms]
2023-12-14 11:51:46.488 [info] > git show --textconv :frontend/src/components/styleguide/searchbar/datepicker/index.jsx [4ms]
2023-12-14 11:51:46.489 [info] > git ls-files --stage -- /home/ikbal/repos/resortApp/frontend/src/components/styleguide/searchbar/datepicker/index.jsx [1ms]
2023-12-14 11:51:53.633 [info] > git config --get commit.template [6ms]
2023-12-14 11:51:53.633 [info] > git for-each-ref --format=%(refname)%00%(upstream:short)%00%(objectname)%00%(upstream:track)%00%(upstream:remotename)%00%(upstream:remoteref) refs/heads/main refs/remotes/main [1ms]
2023-12-14 11:51:53.638 [warning] ENOENT: no such file or directory, open '/home/ikbal/repos/resortApp/.git/refs/remotes/origin/main'
2023-12-14 11:51:53.638 [info] > git rev-parse refs/remotes/origin/main [0ms]
2023-12-14 11:51:53.647 [info] > git status -z -uall [4ms]
2023-12-14 11:52:50.146 [info] > git show --textconv :frontend/src/components/styleguide/searchbar/datepicker/datepicker.scss [7ms]
2023-12-14 11:52:50.146 [info] > git ls-files --stage -- /home/ikbal/repos/resortApp/frontend/src/components/styleguide/searchbar/datepicker/datepicker.scss [1ms]
2023-12-14 11:53:33.159 [info] > git config --get commit.template [6ms]
2023-12-14 11:53:33.160 [info] > git for-each-ref --format=%(refname)%00%(upstream:short)%00%(objectname)%00%(upstream:track)%00%(upstream:remotename)%00%(upstream:remoteref) refs/heads/main refs/remotes/main [1ms]
2023-12-14 11:53:33.166 [warning] ENOENT: no such file or directory, open '/home/ikbal/repos/resortApp/.git/refs/remotes/origin/main'
2023-12-14 11:53:33.167 [info] > git rev-parse refs/remotes/origin/main [1ms]
2023-12-14 11:53:33.176 [info] > git status -z -uall [4ms]
2023-12-14 11:53:48.670 [info] > git config --get commit.template [6ms]
2023-12-14 11:53:48.670 [info] > git for-each-ref --format=%(refname)%00%(upstream:short)%00%(objectname)%00%(upstream:track)%00%(upstream:remotename)%00%(upstream:remoteref) refs/heads/main refs/remotes/main [0ms]
2023-12-14 11:53:48.675 [warning] ENOENT: no such file or directory, open '/home/ikbal/repos/resortApp/.git/refs/remotes/origin/main'
2023-12-14 11:53:48.676 [info] > git rev-parse refs/remotes/origin/main [1ms]
2023-12-14 11:53:48.684 [info] > git status -z -uall [4ms]
2023-12-14 11:53:50.746 [info] > git show --textconv :frontend/node_modules/react-datepicker/dist/react-datepicker.css [12ms]
2023-12-14 11:53:50.747 [info] > git ls-files --stage -- /home/ikbal/repos/resortApp/frontend/node_modules/react-datepicker/dist/react-datepicker.css [2ms]
2023-12-14 11:53:52.044 [info] > git show --textconv :frontend/src/components/styleguide/searchbar/datepicker/index.jsx [12ms]
2023-12-14 11:53:52.046 [info] > git ls-files --stage -- /home/ikbal/repos/resortApp/frontend/src/components/styleguide/searchbar/datepicker/index.jsx [2ms]
2023-12-14 11:54:00.558 [info] > git config --get commit.template [5ms]
2023-12-14 11:54:00.559 [info] > git for-each-ref --format=%(refname)%00%(upstream:short)%00%(objectname)%00%(upstream:track)%00%(upstream:remotename)%00%(upstream:remoteref) refs/heads/main refs/remotes/main [1ms]
2023-12-14 11:54:00.565 [warning] ENOENT: no such file or directory, open '/home/ikbal/repos/resortApp/.git/refs/remotes/origin/main'
2023-12-14 11:54:00.565 [info] > git rev-parse refs/remotes/origin/main [1ms]
2023-12-14 11:54:00.574 [info] > git status -z -uall [5ms]
2023-12-14 11:54:02.873 [info] > git show --textconv :frontend/node_modules/react-datepicker/dist/react-datepicker.css [12ms]
2023-12-14 11:54:02.875 [info] > git ls-files --stage -- /home/ikbal/repos/resortApp/frontend/node_modules/react-datepicker/dist/react-datepicker.css [2ms]
2023-12-14 11:55:51.895 [info] > git show --textconv :frontend/src/components/styleguide/searchbar/datepicker/index.jsx [7ms]
2023-12-14 11:55:51.896 [info] > git ls-files --stage -- /home/ikbal/repos/resortApp/frontend/src/components/styleguide/searchbar/datepicker/index.jsx [1ms]
2023-12-14 11:55:53.893 [info] > git show --textconv :frontend/node_modules/react-datepicker/dist/react-datepicker.css [8ms]
2023-12-14 11:55:53.894 [info] > git ls-files --stage -- /home/ikbal/repos/resortApp/frontend/node_modules/react-datepicker/dist/react-datepicker.css [2ms]
2023-12-14 11:56:01.981 [info] > git show --textconv :frontend/src/components/styleguide/searchbar/datepicker/index.jsx [7ms]
2023-12-14 11:56:01.981 [info] > git ls-files --stage -- /home/ikbal/repos/resortApp/frontend/src/components/styleguide/searchbar/datepicker/index.jsx [1ms]
2023-12-14 11:57:06.909 [info] > git show --textconv :frontend/src/components/styleguide/searchbar/datepicker/datepicker.scss [4ms]
2023-12-14 11:57:06.910 [info] > git ls-files --stage -- /home/ikbal/repos/resortApp/frontend/src/components/styleguide/searchbar/datepicker/datepicker.scss [1ms]
2023-12-14 11:57:50.296 [info] > git show --textconv :frontend/node_modules/react-datepicker/dist/react-datepicker.css [13ms]
2023-12-14 11:57:50.298 [info] > git ls-files --stage -- /home/ikbal/repos/resortApp/frontend/node_modules/react-datepicker/dist/react-datepicker.css [2ms]
2023-12-14 11:59:40.550 [info] > git show --textconv :frontend/src/components/styleguide/searchbar/datepicker/index.jsx [5ms]
2023-12-14 11:59:40.551 [info] > git ls-files --stage -- /home/ikbal/repos/resortApp/frontend/src/components/styleguide/searchbar/datepicker/index.jsx [1ms]
2023-12-14 11:59:44.766 [info] > git show --textconv :frontend/src/components/styleguide/searchbar/datepicker/datepicker.scss [5ms]
2023-12-14 11:59:44.767 [info] > git ls-files --stage -- /home/ikbal/repos/resortApp/frontend/src/components/styleguide/searchbar/datepicker/datepicker.scss [1ms]
2023-12-14 11:59:45.192 [info] > git show --textconv :frontend/node_modules/react-datepicker/dist/react-datepicker.css [5ms]
2023-12-14 11:59:45.192 [info] > git ls-files --stage -- /home/ikbal/repos/resortApp/frontend/node_modules/react-datepicker/dist/react-datepicker.css [1ms]
2023-12-14 11:59:46.663 [info] > git show --textconv :frontend/src/components/styleguide/searchbar/datepicker/index.jsx [11ms]
2023-12-14 11:59:46.664 [info] > git ls-files --stage -- /home/ikbal/repos/resortApp/frontend/src/components/styleguide/searchbar/datepicker/index.jsx [0ms]
2023-12-14 12:00:20.111 [info] > git show --textconv :frontend/src/components/styleguide/searchbar/datepicker/datepicker.scss [7ms]
2023-12-14 12:00:20.112 [info] > git ls-files --stage -- /home/ikbal/repos/resortApp/frontend/src/components/styleguide/searchbar/datepicker/datepicker.scss [2ms]
2023-12-14 12:00:37.870 [info] > git config --get commit.template [13ms]
2023-12-14 12:00:37.871 [info] > git for-each-ref --format=%(refname)%00%(upstream:short)%00%(objectname)%00%(upstream:track)%00%(upstream:remotename)%00%(upstream:remoteref) refs/heads/main refs/remotes/main [2ms]
2023-12-14 12:00:37.881 [warning] ENOENT: no such file or directory, open '/home/ikbal/repos/resortApp/.git/refs/remotes/origin/main'
2023-12-14 12:00:37.882 [info] > git rev-parse refs/remotes/origin/main [2ms]
2023-12-14 12:00:37.895 [info] > git status -z -uall [6ms]
2023-12-14 12:00:38.361 [info] > git show --textconv :frontend/src/components/styleguide/searchbar/datepicker/index.jsx [4ms]
2023-12-14 12:00:38.361 [info] > git ls-files --stage -- /home/ikbal/repos/resortApp/frontend/src/components/styleguide/searchbar/datepicker/index.jsx [0ms]
2023-12-14 12:00:49.413 [info] > git config --get commit.template [7ms]
2023-12-14 12:00:49.413 [info] > git for-each-ref --format=%(refname)%00%(upstream:short)%00%(objectname)%00%(upstream:track)%00%(upstream:remotename)%00%(upstream:remoteref) refs/heads/main refs/remotes/main [1ms]
2023-12-14 12:00:49.417 [warning] ENOENT: no such file or directory, open '/home/ikbal/repos/resortApp/.git/refs/remotes/origin/main'
2023-12-14 12:00:49.418 [info] > git rev-parse refs/remotes/origin/main [1ms]
2023-12-14 12:00:49.426 [info] > git status -z -uall [4ms]
2023-12-14 12:00:51.182 [info] > git show --textconv :frontend/src/components/styleguide/searchbar/datepicker/datepicker.scss [10ms]
2023-12-14 12:00:51.183 [info] > git ls-files --stage -- /home/ikbal/repos/resortApp/frontend/src/components/styleguide/searchbar/datepicker/datepicker.scss [3ms]
2023-12-14 12:02:16.636 [info] > git config --get commit.template [5ms]
2023-12-14 12:02:16.636 [info] > git for-each-ref --format=%(refname)%00%(upstream:short)%00%(objectname)%00%(upstream:track)%00%(upstream:remotename)%00%(upstream:remoteref) refs/heads/main refs/remotes/main [1ms]
2023-12-14 12:02:16.642 [warning] ENOENT: no such file or directory, open '/home/ikbal/repos/resortApp/.git/refs/remotes/origin/main'
2023-12-14 12:02:16.642 [info] > git rev-parse refs/remotes/origin/main [0ms]
2023-12-14 12:02:16.650 [info] > git status -z -uall [3ms]
2023-12-14 12:03:47.438 [info] > git config --get commit.template [9ms]
2023-12-14 12:03:47.439 [info] > git for-each-ref --format=%(refname)%00%(upstream:short)%00%(objectname)%00%(upstream:track)%00%(upstream:remotename)%00%(upstream:remoteref) refs/heads/main refs/remotes/main [2ms]
2023-12-14 12:03:47.448 [warning] ENOENT: no such file or directory, open '/home/ikbal/repos/resortApp/.git/refs/remotes/origin/main'
2023-12-14 12:03:47.449 [info] > git rev-parse refs/remotes/origin/main [2ms]
2023-12-14 12:03:47.460 [info] > git status -z -uall [4ms]
2023-12-14 12:04:02.701 [info] > git config --get commit.template [1ms]
2023-12-14 12:04:02.709 [info] > git for-each-ref --format=%(refname)%00%(upstream:short)%00%(objectname)%00%(upstream:track)%00%(upstream:remotename)%00%(upstream:remoteref) refs/heads/main refs/remotes/main [1ms]
2023-12-14 12:04:02.714 [warning] ENOENT: no such file or directory, open '/home/ikbal/repos/resortApp/.git/refs/remotes/origin/main'
2023-12-14 12:04:02.715 [info] > git rev-parse refs/remotes/origin/main [1ms]
2023-12-14 12:04:02.724 [info] > git status -z -uall [5ms]
2023-12-14 12:04:03.799 [info] > git show --textconv :frontend/node_modules/react-datepicker/dist/react-datepicker.css [11ms]
2023-12-14 12:04:03.800 [info] > git ls-files --stage -- /home/ikbal/repos/resortApp/frontend/node_modules/react-datepicker/dist/react-datepicker.css [2ms]
2023-12-14 12:04:50.014 [info] > git show --textconv :frontend/src/components/styleguide/searchbar/datepicker/datepicker.scss [5ms]
2023-12-14 12:04:50.014 [info] > git ls-files --stage -- /home/ikbal/repos/resortApp/frontend/src/components/styleguide/searchbar/datepicker/datepicker.scss [0ms]
2023-12-14 12:04:51.645 [info] > git show --textconv :frontend/node_modules/react-datepicker/dist/react-datepicker.css [13ms]
2023-12-14 12:04:51.647 [info] > git ls-files --stage -- /home/ikbal/repos/resortApp/frontend/node_modules/react-datepicker/dist/react-datepicker.css [2ms]
2023-12-14 12:05:23.749 [info] > git show --textconv :frontend/src/components/styleguide/searchbar/datepicker/index.jsx [5ms]
2023-12-14 12:05:23.750 [info] > git ls-files --stage -- /home/ikbal/repos/resortApp/frontend/src/components/styleguide/searchbar/datepicker/index.jsx [1ms]
2023-12-14 12:05:32.913 [info] > git config --get commit.template [1ms]
2023-12-14 12:05:32.921 [info] > git for-each-ref --format=%(refname)%00%(upstream:short)%00%(objectname)%00%(upstream:track)%00%(upstream:remotename)%00%(upstream:remoteref) refs/heads/main refs/remotes/main [1ms]
2023-12-14 12:05:32.927 [warning] ENOENT: no such file or directory, open '/home/ikbal/repos/resortApp/.git/refs/remotes/origin/main'
2023-12-14 12:05:32.928 [info] > git rev-parse refs/remotes/origin/main [1ms]
2023-12-14 12:05:32.938 [info] > git status -z -uall [6ms]
2023-12-14 12:05:49.536 [info] > git show --textconv :frontend/src/components/styleguide/searchbar/datepicker/datepicker.scss [9ms]
2023-12-14 12:05:49.537 [info] > git ls-files --stage -- /home/ikbal/repos/resortApp/frontend/src/components/styleguide/searchbar/datepicker/datepicker.scss [2ms]
2023-12-14 12:05:59.845 [info] > git config --get commit.template [9ms]
2023-12-14 12:05:59.845 [info] > git for-each-ref --format=%(refname)%00%(upstream:short)%00%(objectname)%00%(upstream:track)%00%(upstream:remotename)%00%(upstream:remoteref) refs/heads/main refs/remotes/main [0ms]
2023-12-14 12:05:59.853 [warning] ENOENT: no such file or directory, open '/home/ikbal/repos/resortApp/.git/refs/remotes/origin/main'
2023-12-14 12:05:59.854 [info] > git rev-parse refs/remotes/origin/main [1ms]
2023-12-14 12:05:59.869 [info] > git status -z -uall [7ms]
2023-12-14 12:06:11.391 [info] > git config --get commit.template [9ms]
2023-12-14 12:06:11.392 [info] > git for-each-ref --format=%(refname)%00%(upstream:short)%00%(objectname)%00%(upstream:track)%00%(upstream:remotename)%00%(upstream:remoteref) refs/heads/main refs/remotes/main [2ms]
2023-12-14 12:06:11.402 [warning] ENOENT: no such file or directory, open '/home/ikbal/repos/resortApp/.git/refs/remotes/origin/main'
2023-12-14 12:06:11.404 [info] > git rev-parse refs/remotes/origin/main [2ms]
2023-12-14 12:06:11.418 [info] > git status -z -uall [6ms]
2023-12-14 12:06:29.922 [info] > git config --get commit.template [8ms]
2023-12-14 12:06:29.923 [info] > git for-each-ref --format=%(refname)%00%(upstream:short)%00%(objectname)%00%(upstream:track)%00%(upstream:remotename)%00%(upstream:remoteref) refs/heads/main refs/remotes/main [1ms]
2023-12-14 12:06:29.931 [warning] ENOENT: no such file or directory, open '/home/ikbal/repos/resortApp/.git/refs/remotes/origin/main'
2023-12-14 12:06:29.932 [info] > git rev-parse refs/remotes/origin/main [1ms]
2023-12-14 12:06:29.942 [info] > git status -z -uall [6ms]
2023-12-14 12:06:44.635 [info] > git config --get commit.template [4ms]
2023-12-14 12:06:44.635 [info] > git for-each-ref --format=%(refname)%00%(upstream:short)%00%(objectname)%00%(upstream:track)%00%(upstream:remotename)%00%(upstream:remoteref) refs/heads/main refs/remotes/main [0ms]
2023-12-14 12:06:44.639 [warning] ENOENT: no such file or directory, open '/home/ikbal/repos/resortApp/.git/refs/remotes/origin/main'
2023-12-14 12:06:44.639 [info] > git rev-parse refs/remotes/origin/main [0ms]
2023-12-14 12:06:44.647 [info] > git status -z -uall [4ms]
2023-12-14 12:06:51.879 [info] > git config --get commit.template [13ms]
2023-12-14 12:06:51.881 [info] > git for-each-ref --format=%(refname)%00%(upstream:short)%00%(objectname)%00%(upstream:track)%00%(upstream:remotename)%00%(upstream:remoteref) refs/heads/main refs/remotes/main [2ms]
2023-12-14 12:06:51.890 [warning] ENOENT: no such file or directory, open '/home/ikbal/repos/resortApp/.git/refs/remotes/origin/main'
2023-12-14 12:06:51.891 [info] > git rev-parse refs/remotes/origin/main [1ms]
2023-12-14 12:06:51.905 [info] > git status -z -uall [7ms]
2023-12-14 12:06:56.935 [info] > git config --get commit.template [13ms]
2023-12-14 12:06:56.936 [info] > git for-each-ref --format=%(refname)%00%(upstream:short)%00%(objectname)%00%(upstream:track)%00%(upstream:remotename)%00%(upstream:remoteref) refs/heads/main refs/remotes/main [2ms]
2023-12-14 12:06:56.947 [warning] ENOENT: no such file or directory, open '/home/ikbal/repos/resortApp/.git/refs/remotes/origin/main'
2023-12-14 12:06:56.948 [info] > git rev-parse refs/remotes/origin/main [1ms]
2023-12-14 12:06:56.963 [info] > git status -z -uall [6ms]
2023-12-14 12:07:07.405 [info] > git config --get commit.template [12ms]
2023-12-14 12:07:07.405 [info] > git for-each-ref --format=%(refname)%00%(upstream:short)%00%(objectname)%00%(upstream:track)%00%(upstream:remotename)%00%(upstream:remoteref) refs/heads/main refs/remotes/main [1ms]
2023-12-14 12:07:07.414 [warning] ENOENT: no such file or directory, open '/home/ikbal/repos/resortApp/.git/refs/remotes/origin/main'
2023-12-14 12:07:07.416 [info] > git rev-parse refs/remotes/origin/main [2ms]
2023-12-14 12:07:07.434 [info] > git status -z -uall [10ms]
2023-12-14 12:07:12.908 [info] > git for-each-ref --format=%(refname)%00%(upstream:short)%00%(objectname)%00%(upstream:track)%00%(upstream:remotename)%00%(upstream:remoteref) refs/heads/main refs/remotes/main [2ms]
2023-12-14 12:07:12.908 [info] > git config --get commit.template [13ms]
2023-12-14 12:07:12.917 [warning] ENOENT: no such file or directory, open '/home/ikbal/repos/resortApp/.git/refs/remotes/origin/main'
2023-12-14 12:07:12.918 [info] > git rev-parse refs/remotes/origin/main [1ms]
2023-12-14 12:07:12.936 [info] > git status -z -uall [10ms]
2023-12-14 12:07:38.136 [info] > git config --get commit.template [10ms]
2023-12-14 12:07:38.136 [info] > git for-each-ref --format=%(refname)%00%(upstream:short)%00%(objectname)%00%(upstream:track)%00%(upstream:remotename)%00%(upstream:remoteref) refs/heads/main refs/remotes/main [1ms]
2023-12-14 12:07:38.147 [warning] ENOENT: no such file or directory, open '/home/ikbal/repos/resortApp/.git/refs/remotes/origin/main'
2023-12-14 12:07:38.148 [info] > git rev-parse refs/remotes/origin/main [1ms]
2023-12-14 12:07:38.165 [info] > git status -z -uall [10ms]
2023-12-14 12:07:43.189 [info] > git config --get commit.template [10ms]
2023-12-14 12:07:43.191 [info] > git for-each-ref --format=%(refname)%00%(upstream:short)%00%(objectname)%00%(upstream:track)%00%(upstream:remotename)%00%(upstream:remoteref) refs/heads/main refs/remotes/main [2ms]
2023-12-14 12:07:43.201 [warning] ENOENT: no such file or directory, open '/home/ikbal/repos/resortApp/.git/refs/remotes/origin/main'
2023-12-14 12:07:43.203 [info] > git rev-parse refs/remotes/origin/main [2ms]
2023-12-14 12:07:43.218 [info] > git status -z -uall [6ms]
2023-12-14 12:08:04.410 [info] > git config --get commit.template [6ms]
2023-12-14 12:08:04.410 [info] > git for-each-ref --format=%(refname)%00%(upstream:short)%00%(objectname)%00%(upstream:track)%00%(upstream:remotename)%00%(upstream:remoteref) refs/heads/main refs/remotes/main [0ms]
2023-12-14 12:08:04.415 [warning] ENOENT: no such file or directory, open '/home/ikbal/repos/resortApp/.git/refs/remotes/origin/main'
2023-12-14 12:08:04.416 [info] > git rev-parse refs/remotes/origin/main [0ms]
2023-12-14 12:08:04.424 [info] > git status -z -uall [4ms]
2023-12-14 12:08:14.545 [info] > git config --get commit.template [6ms]
2023-12-14 12:08:14.545 [info] > git for-each-ref --format=%(refname)%00%(upstream:short)%00%(objectname)%00%(upstream:track)%00%(upstream:remotename)%00%(upstream:remoteref) refs/heads/main refs/remotes/main [1ms]
2023-12-14 12:08:14.549 [warning] ENOENT: no such file or directory, open '/home/ikbal/repos/resortApp/.git/refs/remotes/origin/main'
2023-12-14 12:08:14.550 [info] > git rev-parse refs/remotes/origin/main [1ms]
2023-12-14 12:08:14.559 [info] > git status -z -uall [4ms]
2023-12-14 12:08:23.957 [info] > git show --textconv :frontend/src/components/styleguide/searchbar/datepicker/index.jsx [6ms]
2023-12-14 12:08:23.958 [info] > git ls-files --stage -- /home/ikbal/repos/resortApp/frontend/src/components/styleguide/searchbar/datepicker/index.jsx [1ms]
2023-12-14 12:09:09.026 [info] > git show --textconv :frontend/src/components/styleguide/searchbar/datepicker/datepicker.scss [7ms]
2023-12-14 12:09:09.028 [info] > git ls-files --stage -- /home/ikbal/repos/resortApp/frontend/src/components/styleguide/searchbar/datepicker/datepicker.scss [1ms]
2023-12-14 12:09:35.112 [info] > git config --get commit.template [6ms]
2023-12-14 12:09:35.112 [info] > git for-each-ref --format=%(refname)%00%(upstream:short)%00%(objectname)%00%(upstream:track)%00%(upstream:remotename)%00%(upstream:remoteref) refs/heads/main refs/remotes/main [0ms]
2023-12-14 12:09:35.116 [warning] ENOENT: no such file or directory, open '/home/ikbal/repos/resortApp/.git/refs/remotes/origin/main'
2023-12-14 12:09:35.117 [info] > git rev-parse refs/remotes/origin/main [1ms]
2023-12-14 12:09:35.125 [info] > git status -z -uall [4ms]
2023-12-14 12:09:40.263 [info] > git config --get commit.template [6ms]
2023-12-14 12:09:40.263 [info] > git for-each-ref --format=%(refname)%00%(upstream:short)%00%(objectname)%00%(upstream:track)%00%(upstream:remotename)%00%(upstream:remoteref) refs/heads/main refs/remotes/main [1ms]
2023-12-14 12:09:40.269 [warning] ENOENT: no such file or directory, open '/home/ikbal/repos/resortApp/.git/refs/remotes/origin/main'
2023-12-14 12:09:40.270 [info] > git rev-parse refs/remotes/origin/main [1ms]
2023-12-14 12:09:40.278 [info] > git status -z -uall [4ms]
2023-12-14 12:10:01.392 [info] > git config --get commit.template [6ms]
2023-12-14 12:10:01.393 [info] > git for-each-ref --format=%(refname)%00%(upstream:short)%00%(objectname)%00%(upstream:track)%00%(upstream:remotename)%00%(upstream:remoteref) refs/heads/main refs/remotes/main [1ms]
2023-12-14 12:10:01.397 [warning] ENOENT: no such file or directory, open '/home/ikbal/repos/resortApp/.git/refs/remotes/origin/main'
2023-12-14 12:10:01.398 [info] > git rev-parse refs/remotes/origin/main [1ms]
2023-12-14 12:10:01.407 [info] > git status -z -uall [4ms]
2023-12-14 12:10:12.216 [info] > git config --get commit.template [10ms]
2023-12-14 12:10:12.217 [info] > git for-each-ref --format=%(refname)%00%(upstream:short)%00%(objectname)%00%(upstream:track)%00%(upstream:remotename)%00%(upstream:remoteref) refs/heads/main refs/remotes/main [2ms]
2023-12-14 12:10:12.228 [warning] ENOENT: no such file or directory, open '/home/ikbal/repos/resortApp/.git/refs/remotes/origin/main'
2023-12-14 12:10:12.229 [info] > git rev-parse refs/remotes/origin/main [1ms]
2023-12-14 12:10:12.243 [info] > git status -z -uall [4ms]
2023-12-14 12:10:42.626 [info] > git config --get commit.template [5ms]
2023-12-14 12:10:42.626 [info] > git for-each-ref --format=%(refname)%00%(upstream:short)%00%(objectname)%00%(upstream:track)%00%(upstream:remotename)%00%(upstream:remoteref) refs/heads/main refs/remotes/main [1ms]
2023-12-14 12:10:42.631 [warning] ENOENT: no such file or directory, open '/home/ikbal/repos/resortApp/.git/refs/remotes/origin/main'
2023-12-14 12:10:42.631 [info] > git rev-parse refs/remotes/origin/main [0ms]
2023-12-14 12:10:42.640 [info] > git status -z -uall [4ms]
2023-12-14 12:11:05.431 [info] > git config --get commit.template [5ms]
2023-12-14 12:11:05.431 [info] > git for-each-ref --format=%(refname)%00%(upstream:short)%00%(objectname)%00%(upstream:track)%00%(upstream:remotename)%00%(upstream:remoteref) refs/heads/main refs/remotes/main [1ms]
2023-12-14 12:11:05.437 [warning] ENOENT: no such file or directory, open '/home/ikbal/repos/resortApp/.git/refs/remotes/origin/main'
2023-12-14 12:11:05.437 [info] > git rev-parse refs/remotes/origin/main [0ms]
2023-12-14 12:11:05.447 [info] > git status -z -uall [5ms]
2023-12-14 12:11:16.948 [info] > git config --get commit.template [5ms]
2023-12-14 12:11:16.949 [info] > git for-each-ref --format=%(refname)%00%(upstream:short)%00%(objectname)%00%(upstream:track)%00%(upstream:remotename)%00%(upstream:remoteref) refs/heads/main refs/remotes/main [2ms]
2023-12-14 12:11:16.958 [warning] ENOENT: no such file or directory, open '/home/ikbal/repos/resortApp/.git/refs/remotes/origin/main'
2023-12-14 12:11:16.960 [info] > git rev-parse refs/remotes/origin/main [2ms]
2023-12-14 12:11:16.977 [info] > git status -z -uall [9ms]
2023-12-14 12:12:26.226 [info] > git show --textconv :frontend/src/components/styleguide/searchbar/datepicker/index.jsx [12ms]
2023-12-14 12:12:26.226 [info] > git ls-files --stage -- /home/ikbal/repos/resortApp/frontend/src/components/styleguide/searchbar/datepicker/index.jsx [0ms]
2023-12-14 12:12:39.740 [info] > git config --get commit.template [5ms]
2023-12-14 12:12:39.740 [info] > git for-each-ref --format=%(refname)%00%(upstream:short)%00%(objectname)%00%(upstream:track)%00%(upstream:remotename)%00%(upstream:remoteref) refs/heads/main refs/remotes/main [1ms]
2023-12-14 12:12:39.744 [warning] ENOENT: no such file or directory, open '/home/ikbal/repos/resortApp/.git/refs/remotes/origin/main'
2023-12-14 12:12:39.745 [info] > git rev-parse refs/remotes/origin/main [1ms]
2023-12-14 12:12:39.754 [info] > git status -z -uall [4ms]
2023-12-14 12:13:35.449 [info] > git show --textconv :frontend/src/components/styleguide/searchbar/datepicker/datepicker.scss [5ms]
2023-12-14 12:13:35.449 [info] > git ls-files --stage -- /home/ikbal/repos/resortApp/frontend/src/components/styleguide/searchbar/datepicker/datepicker.scss [0ms]
2023-12-14 12:14:18.004 [info] > git config --get commit.template [12ms]
2023-12-14 12:14:18.005 [info] > git for-each-ref --format=%(refname)%00%(upstream:short)%00%(objectname)%00%(upstream:track)%00%(upstream:remotename)%00%(upstream:remoteref) refs/heads/main refs/remotes/main [2ms]
2023-12-14 12:14:18.014 [warning] ENOENT: no such file or directory, open '/home/ikbal/repos/resortApp/.git/refs/remotes/origin/main'
2023-12-14 12:14:18.016 [info] > git rev-parse refs/remotes/origin/main [1ms]
2023-12-14 12:14:18.029 [info] > git status -z -uall [6ms]
2023-12-14 12:14:23.057 [info] > git config --get commit.template [13ms]
2023-12-14 12:14:23.057 [info] > git for-each-ref --format=%(refname)%00%(upstream:short)%00%(objectname)%00%(upstream:track)%00%(upstream:remotename)%00%(upstream:remoteref) refs/heads/main refs/remotes/main [1ms]
2023-12-14 12:14:23.067 [warning] ENOENT: no such file or directory, open '/home/ikbal/repos/resortApp/.git/refs/remotes/origin/main'
2023-12-14 12:14:23.069 [info] > git rev-parse refs/remotes/origin/main [2ms]
2023-12-14 12:14:23.082 [info] > git status -z -uall [6ms]
2023-12-14 12:14:23.955 [info] > git show --textconv :frontend/src/components/styleguide/searchbar/datepicker/index.jsx [12ms]
2023-12-14 12:14:23.956 [info] > git ls-files --stage -- /home/ikbal/repos/resortApp/frontend/src/components/styleguide/searchbar/datepicker/index.jsx [2ms]
2023-12-14 12:14:29.746 [info] > git config --get commit.template [11ms]
2023-12-14 12:14:29.747 [info] > git for-each-ref --format=%(refname)%00%(upstream:short)%00%(objectname)%00%(upstream:track)%00%(upstream:remotename)%00%(upstream:remoteref) refs/heads/main refs/remotes/main [1ms]
2023-12-14 12:14:29.754 [warning] ENOENT: no such file or directory, open '/home/ikbal/repos/resortApp/.git/refs/remotes/origin/main'
2023-12-14 12:14:29.755 [info] > git rev-parse refs/remotes/origin/main [1ms]
2023-12-14 12:14:29.766 [info] > git status -z -uall [4ms]
2023-12-14 12:14:30.871 [info] > git show --textconv :frontend/src/components/styleguide/searchbar/datepicker/datepicker.scss [5ms]
2023-12-14 12:14:30.872 [info] > git ls-files --stage -- /home/ikbal/repos/resortApp/frontend/src/components/styleguide/searchbar/datepicker/datepicker.scss [1ms]
2023-12-14 12:14:41.649 [info] > git config --get commit.template [4ms]
2023-12-14 12:14:41.650 [info] > git for-each-ref --format=%(refname)%00%(upstream:short)%00%(objectname)%00%(upstream:track)%00%(upstream:remotename)%00%(upstream:remoteref) refs/heads/main refs/remotes/main [1ms]
2023-12-14 12:14:41.654 [warning] ENOENT: no such file or directory, open '/home/ikbal/repos/resortApp/.git/refs/remotes/origin/main'
2023-12-14 12:14:41.654 [info] > git rev-parse refs/remotes/origin/main [0ms]
2023-12-14 12:14:41.663 [info] > git status -z -uall [4ms]
2023-12-14 12:14:51.546 [info] > git config --get commit.template [8ms]
2023-12-14 12:14:51.547 [info] > git for-each-ref --format=%(refname)%00%(upstream:short)%00%(objectname)%00%(upstream:track)%00%(upstream:remotename)%00%(upstream:remoteref) refs/heads/main refs/remotes/main [2ms]
2023-12-14 12:14:51.555 [warning] ENOENT: no such file or directory, open '/home/ikbal/repos/resortApp/.git/refs/remotes/origin/main'
2023-12-14 12:14:51.556 [info] > git rev-parse refs/remotes/origin/main [1ms]
2023-12-14 12:14:51.574 [info] > git status -z -uall [9ms]
2023-12-14 12:15:07.471 [info] > git config --get commit.template [4ms]
2023-12-14 12:15:07.471 [info] > git for-each-ref --format=%(refname)%00%(upstream:short)%00%(objectname)%00%(upstream:track)%00%(upstream:remotename)%00%(upstream:remoteref) refs/heads/main refs/remotes/main [1ms]
2023-12-14 12:15:07.475 [warning] ENOENT: no such file or directory, open '/home/ikbal/repos/resortApp/.git/refs/remotes/origin/main'
2023-12-14 12:15:07.475 [info] > git rev-parse refs/remotes/origin/main [0ms]
2023-12-14 12:15:07.483 [info] > git status -z -uall [4ms]
2023-12-14 12:15:18.301 [info] > git config --get commit.template [5ms]
2023-12-14 12:15:18.301 [info] > git for-each-ref --format=%(refname)%00%(upstream:short)%00%(objectname)%00%(upstream:track)%00%(upstream:remotename)%00%(upstream:remoteref) refs/heads/main refs/remotes/main [1ms]
2023-12-14 12:15:18.305 [warning] ENOENT: no such file or directory, open '/home/ikbal/repos/resortApp/.git/refs/remotes/origin/main'
2023-12-14 12:15:18.305 [info] > git rev-parse refs/remotes/origin/main [1ms]
2023-12-14 12:15:18.314 [info] > git status -z -uall [4ms]
2023-12-14 12:16:57.082 [info] > git config --get commit.template [4ms]
2023-12-14 12:16:57.083 [info] > git for-each-ref --format=%(refname)%00%(upstream:short)%00%(objectname)%00%(upstream:track)%00%(upstream:remotename)%00%(upstream:remoteref) refs/heads/main refs/remotes/main [1ms]
2023-12-14 12:16:57.086 [warning] ENOENT: no such file or directory, open '/home/ikbal/repos/resortApp/.git/refs/remotes/origin/main'
2023-12-14 12:16:57.087 [info] > git rev-parse refs/remotes/origin/main [1ms]
2023-12-14 12:16:57.094 [info] > git status -z -uall [4ms]
2023-12-14 12:17:17.112 [info] > git config --get commit.template [5ms]
2023-12-14 12:17:17.113 [info] > git for-each-ref --format=%(refname)%00%(upstream:short)%00%(objectname)%00%(upstream:track)%00%(upstream:remotename)%00%(upstream:remoteref) refs/heads/main refs/remotes/main [1ms]
2023-12-14 12:17:17.120 [warning] ENOENT: no such file or directory, open '/home/ikbal/repos/resortApp/.git/refs/remotes/origin/main'
2023-12-14 12:17:17.120 [info] > git rev-parse refs/remotes/origin/main [0ms]
2023-12-14 12:17:17.131 [info] > git status -z -uall [5ms]
2023-12-14 12:17:41.713 [info] > git config --get commit.template [4ms]
2023-12-14 12:17:41.714 [info] > git for-each-ref --format=%(refname)%00%(upstream:short)%00%(objectname)%00%(upstream:track)%00%(upstream:remotename)%00%(upstream:remoteref) refs/heads/main refs/remotes/main [1ms]
2023-12-14 12:17:41.721 [warning] ENOENT: no such file or directory, open '/home/ikbal/repos/resortApp/.git/refs/remotes/origin/main'
2023-12-14 12:17:41.722 [info] > git rev-parse refs/remotes/origin/main [1ms]
2023-12-14 12:17:41.738 [info] > git status -z -uall [8ms]
2023-12-14 12:18:02.153 [info] > git config --get commit.template [5ms]
2023-12-14 12:18:02.154 [info] > git for-each-ref --format=%(refname)%00%(upstream:short)%00%(objectname)%00%(upstream:track)%00%(upstream:remotename)%00%(upstream:remoteref) refs/heads/main refs/remotes/main [1ms]
2023-12-14 12:18:02.159 [warning] ENOENT: no such file or directory, open '/home/ikbal/repos/resortApp/.git/refs/remotes/origin/main'
2023-12-14 12:18:02.160 [info] > git rev-parse refs/remotes/origin/main [1ms]
2023-12-14 12:18:02.168 [info] > git status -z -uall [4ms]
2023-12-14 12:18:12.072 [info] > git config --get commit.template [8ms]
2023-12-14 12:18:12.073 [info] > git for-each-ref --format=%(refname)%00%(upstream:short)%00%(objectname)%00%(upstream:track)%00%(upstream:remotename)%00%(upstream:remoteref) refs/heads/main refs/remotes/main [2ms]
2023-12-14 12:18:12.083 [warning] ENOENT: no such file or directory, open '/home/ikbal/repos/resortApp/.git/refs/remotes/origin/main'
2023-12-14 12:18:12.084 [info] > git rev-parse refs/remotes/origin/main [1ms]
2023-12-14 12:18:12.100 [info] > git status -z -uall [7ms]
2023-12-14 12:18:25.945 [info] > git config --get commit.template [7ms]
2023-12-14 12:18:25.945 [info] > git for-each-ref --format=%(refname)%00%(upstream:short)%00%(objectname)%00%(upstream:track)%00%(upstream:remotename)%00%(upstream:remoteref) refs/heads/main refs/remotes/main [1ms]
2023-12-14 12:18:25.950 [warning] ENOENT: no such file or directory, open '/home/ikbal/repos/resortApp/.git/refs/remotes/origin/main'
2023-12-14 12:18:25.950 [info] > git rev-parse refs/remotes/origin/main [0ms]
2023-12-14 12:18:25.959 [info] > git status -z -uall [4ms]
2023-12-14 12:19:11.740 [info] > git config --get commit.template [8ms]
2023-12-14 12:19:11.742 [info] > git for-each-ref --format=%(refname)%00%(upstream:short)%00%(objectname)%00%(upstream:track)%00%(upstream:remotename)%00%(upstream:remoteref) refs/heads/main refs/remotes/main [2ms]
2023-12-14 12:19:11.748 [warning] ENOENT: no such file or directory, open '/home/ikbal/repos/resortApp/.git/refs/remotes/origin/main'
2023-12-14 12:19:11.749 [info] > git rev-parse refs/remotes/origin/main [1ms]
2023-12-14 12:19:11.757 [info] > git status -z -uall [4ms]
2023-12-14 12:19:25.123 [info] > git config --get commit.template [4ms]
2023-12-14 12:19:25.124 [info] > git for-each-ref --format=%(refname)%00%(upstream:short)%00%(objectname)%00%(upstream:track)%00%(upstream:remotename)%00%(upstream:remoteref) refs/heads/main refs/remotes/main [1ms]
2023-12-14 12:19:25.127 [warning] ENOENT: no such file or directory, open '/home/ikbal/repos/resortApp/.git/refs/remotes/origin/main'
2023-12-14 12:19:25.128 [info] > git rev-parse refs/remotes/origin/main [1ms]
2023-12-14 12:19:25.135 [info] > git status -z -uall [3ms]
2023-12-14 12:19:39.028 [info] > git config --get commit.template [12ms]
2023-12-14 12:19:39.029 [info] > git for-each-ref --format=%(refname)%00%(upstream:short)%00%(objectname)%00%(upstream:track)%00%(upstream:remotename)%00%(upstream:remoteref) refs/heads/main refs/remotes/main [2ms]
2023-12-14 12:19:39.039 [warning] ENOENT: no such file or directory, open '/home/ikbal/repos/resortApp/.git/refs/remotes/origin/main'
2023-12-14 12:19:39.040 [info] > git rev-parse refs/remotes/origin/main [1ms]
2023-12-14 12:19:39.057 [info] > git status -z -uall [8ms]
2023-12-14 12:19:59.491 [info] > git config --get commit.template [5ms]
2023-12-14 12:19:59.491 [info] > git for-each-ref --format=%(refname)%00%(upstream:short)%00%(objectname)%00%(upstream:track)%00%(upstream:remotename)%00%(upstream:remoteref) refs/heads/main refs/remotes/main [0ms]
2023-12-14 12:19:59.495 [warning] ENOENT: no such file or directory, open '/home/ikbal/repos/resortApp/.git/refs/remotes/origin/main'
2023-12-14 12:19:59.496 [info] > git rev-parse refs/remotes/origin/main [1ms]
2023-12-14 12:19:59.504 [info] > git status -z -uall [4ms]
2023-12-14 12:20:08.128 [info] > git show --textconv :frontend/src/components/styleguide/searchbar/datepicker/index.jsx [5ms]
2023-12-14 12:20:08.128 [info] > git ls-files --stage -- /home/ikbal/repos/resortApp/frontend/src/components/styleguide/searchbar/datepicker/index.jsx [0ms]
2023-12-14 12:20:09.036 [info] > git config --get commit.template [7ms]
2023-12-14 12:20:09.037 [info] > git for-each-ref --format=%(refname)%00%(upstream:short)%00%(objectname)%00%(upstream:track)%00%(upstream:remotename)%00%(upstream:remoteref) refs/heads/main refs/remotes/main [2ms]
2023-12-14 12:20:09.047 [warning] ENOENT: no such file or directory, open '/home/ikbal/repos/resortApp/.git/refs/remotes/origin/main'
2023-12-14 12:20:09.047 [info] > git rev-parse refs/remotes/origin/main [0ms]
2023-12-14 12:20:09.055 [info] > git status -z -uall [4ms]
2023-12-14 12:20:10.988 [info] > git rev-parse --show-toplevel [1ms]
2023-12-14 12:20:10.988 [info] fatal: not a git repository (or any of the parent directories): .git
2023-12-14 12:20:15.143 [info] > git rev-parse --show-toplevel [0ms]
2023-12-14 12:20:15.143 [info] fatal: not a git repository (or any of the parent directories): .git
2023-12-14 12:20:15.149 [info] > git rev-parse --show-toplevel [0ms]
2023-12-14 12:20:15.149 [info] fatal: not a git repository (or any of the parent directories): .git
2023-12-14 12:20:18.521 [info] > git rev-parse --show-toplevel [0ms]
2023-12-14 12:20:18.521 [info] fatal: not a git repository (or any of the parent directories): .git
2023-12-14 12:20:44.835 [info] > git show --textconv :frontend/src/components/styleguide/searchbar/datepicker/index.jsx [7ms]
2023-12-14 12:20:44.835 [info] > git ls-files --stage -- /home/ikbal/repos/resortApp/frontend/src/components/styleguide/searchbar/datepicker/index.jsx [0ms]
2023-12-14 12:20:52.651 [info] > git show --textconv :frontend/node_modules/react-datepicker/dist/react-datepicker.css [4ms]
2023-12-14 12:20:52.652 [info] > git ls-files --stage -- /home/ikbal/repos/resortApp/frontend/node_modules/react-datepicker/dist/react-datepicker.css [1ms]
2023-12-14 12:20:53.604 [info] > git config --get commit.template [11ms]
2023-12-14 12:20:53.606 [info] > git for-each-ref --format=%(refname)%00%(upstream:short)%00%(objectname)%00%(upstream:track)%00%(upstream:remotename)%00%(upstream:remoteref) refs/heads/main refs/remotes/main [2ms]
2023-12-14 12:20:53.613 [warning] ENOENT: no such file or directory, open '/home/ikbal/repos/resortApp/.git/refs/remotes/origin/main'
2023-12-14 12:20:53.614 [info] > git rev-parse refs/remotes/origin/main [1ms]
2023-12-14 12:20:53.622 [info] > git status -z -uall [4ms]
2023-12-14 12:20:54.334 [info] > git show --textconv :frontend/src/components/styleguide/searchbar/datepicker/index.jsx [12ms]
2023-12-14 12:20:54.336 [info] > git ls-files --stage -- /home/ikbal/repos/resortApp/frontend/src/components/styleguide/searchbar/datepicker/index.jsx [2ms]
2023-12-14 12:20:55.179 [info] > git show --textconv :frontend/src/components/styleguide/searchbar/datepicker/datepicker.scss [5ms]
2023-12-14 12:20:55.179 [info] > git ls-files --stage -- /home/ikbal/repos/resortApp/frontend/src/components/styleguide/searchbar/datepicker/datepicker.scss [1ms]
2023-12-14 12:20:55.689 [info] > git rev-parse --show-toplevel [1ms]
2023-12-14 12:20:55.689 [info] fatal: not a git repository (or any of the parent directories): .git
2023-12-14 12:20:56.933 [info] > git show --textconv :frontend/src/components/styleguide/searchbar/datepicker/datepicker.scss [4ms]
2023-12-14 12:20:56.934 [info] > git ls-files --stage -- /home/ikbal/repos/resortApp/frontend/src/components/styleguide/searchbar/datepicker/datepicker.scss [1ms]
2023-12-14 12:21:49.516 [info] > git config --get commit.template [13ms]
2023-12-14 12:21:49.517 [info] > git for-each-ref --format=%(refname)%00%(upstream:short)%00%(objectname)%00%(upstream:track)%00%(upstream:remotename)%00%(upstream:remoteref) refs/heads/main refs/remotes/main [2ms]
2023-12-14 12:21:49.523 [warning] ENOENT: no such file or directory, open '/home/ikbal/repos/resortApp/.git/refs/remotes/origin/main'
2023-12-14 12:21:49.525 [info] > git rev-parse refs/remotes/origin/main [2ms]
2023-12-14 12:21:49.541 [info] > git status -z -uall [8ms]
2023-12-14 12:21:58.650 [info] > git config --get commit.template [7ms]
2023-12-14 12:21:58.652 [info] > git for-each-ref --format=%(refname)%00%(upstream:short)%00%(objectname)%00%(upstream:track)%00%(upstream:remotename)%00%(upstream:remoteref) refs/heads/main refs/remotes/main [3ms]
2023-12-14 12:21:58.661 [warning] ENOENT: no such file or directory, open '/home/ikbal/repos/resortApp/.git/refs/remotes/origin/main'
2023-12-14 12:21:58.663 [info] > git rev-parse refs/remotes/origin/main [2ms]
2023-12-14 12:21:58.680 [info] > git status -z -uall [8ms]
2023-12-14 12:22:09.370 [info] > git config --get commit.template [5ms]
2023-12-14 12:22:09.370 [info] > git for-each-ref --format=%(refname)%00%(upstream:short)%00%(objectname)%00%(upstream:track)%00%(upstream:remotename)%00%(upstream:remoteref) refs/heads/main refs/remotes/main [1ms]
2023-12-14 12:22:09.373 [warning] ENOENT: no such file or directory, open '/home/ikbal/repos/resortApp/.git/refs/remotes/origin/main'
2023-12-14 12:22:09.374 [info] > git rev-parse refs/remotes/origin/main [1ms]
2023-12-14 12:22:09.381 [info] > git status -z -uall [4ms]
2023-12-14 12:22:27.136 [info] > git config --get commit.template [1ms]
2023-12-14 12:22:27.142 [info] > git for-each-ref --format=%(refname)%00%(upstream:short)%00%(objectname)%00%(upstream:track)%00%(upstream:remotename)%00%(upstream:remoteref) refs/heads/main refs/remotes/main [1ms]
2023-12-14 12:22:27.148 [warning] ENOENT: no such file or directory, open '/home/ikbal/repos/resortApp/.git/refs/remotes/origin/main'
2023-12-14 12:22:27.149 [info] > git rev-parse refs/remotes/origin/main [1ms]
2023-12-14 12:22:27.159 [info] > git status -z -uall [4ms]
2023-12-14 12:48:00.100 [info] > git config --get commit.template [8ms]
2023-12-14 12:48:00.101 [info] > git for-each-ref --format=%(refname)%00%(upstream:short)%00%(objectname)%00%(upstream:track)%00%(upstream:remotename)%00%(upstream:remoteref) refs/heads/main refs/remotes/main [2ms]
2023-12-14 12:48:00.110 [warning] ENOENT: no such file or directory, open '/home/ikbal/repos/resortApp/.git/refs/remotes/origin/main'
2023-12-14 12:48:00.111 [info] > git rev-parse refs/remotes/origin/main [1ms]
2023-12-14 12:48:00.125 [info] > git status -z -uall [6ms]
2023-12-14 12:48:10.416 [info] > git show --textconv :frontend/src/components/styleguide/searchbar/datepicker/index.jsx [8ms]
2023-12-14 12:48:10.416 [info] > git ls-files --stage -- /home/ikbal/repos/resortApp/frontend/src/components/styleguide/searchbar/datepicker/index.jsx [1ms]
2023-12-14 12:48:11.314 [info] > git config --get commit.template [5ms]
2023-12-14 12:48:11.315 [info] > git for-each-ref --format=%(refname)%00%(upstream:short)%00%(objectname)%00%(upstream:track)%00%(upstream:remotename)%00%(upstream:remoteref) refs/heads/main refs/remotes/main [1ms]
2023-12-14 12:48:11.319 [warning] ENOENT: no such file or directory, open '/home/ikbal/repos/resortApp/.git/refs/remotes/origin/main'
2023-12-14 12:48:11.320 [info] > git rev-parse refs/remotes/origin/main [1ms]
2023-12-14 12:48:11.328 [info] > git status -z -uall [4ms]
2023-12-14 12:48:31.771 [info] > git config --get commit.template [5ms]
2023-12-14 12:48:31.771 [info] > git for-each-ref --format=%(refname)%00%(upstream:short)%00%(objectname)%00%(upstream:track)%00%(upstream:remotename)%00%(upstream:remoteref) refs/heads/main refs/remotes/main [1ms]
2023-12-14 12:48:31.775 [warning] ENOENT: no such file or directory, open '/home/ikbal/repos/resortApp/.git/refs/remotes/origin/main'
2023-12-14 12:48:31.776 [info] > git rev-parse refs/remotes/origin/main [1ms]
2023-12-14 12:48:31.783 [info] > git status -z -uall [4ms]
2023-12-14 12:49:29.322 [info] > git config --get commit.template [5ms]
2023-12-14 12:49:29.323 [info] > git for-each-ref --format=%(refname)%00%(upstream:short)%00%(objectname)%00%(upstream:track)%00%(upstream:remotename)%00%(upstream:remoteref) refs/heads/main refs/remotes/main [1ms]
2023-12-14 12:49:29.329 [warning] ENOENT: no such file or directory, open '/home/ikbal/repos/resortApp/.git/refs/remotes/origin/main'
2023-12-14 12:49:29.330 [info] > git rev-parse refs/remotes/origin/main [1ms]
2023-12-14 12:49:29.339 [info] > git status -z -uall [4ms]
2023-12-14 12:49:52.791 [info] > git check-ignore -v -z --stdin [1ms]
2023-12-14 12:49:53.389 [info] > git config --get commit.template [5ms]
2023-12-14 12:49:53.389 [info] > git for-each-ref --format=%(refname)%00%(upstream:short)%00%(objectname)%00%(upstream:track)%00%(upstream:remotename)%00%(upstream:remoteref) refs/heads/main refs/remotes/main [1ms]
2023-12-14 12:49:53.395 [warning] ENOENT: no such file or directory, open '/home/ikbal/repos/resortApp/.git/refs/remotes/origin/main'
2023-12-14 12:49:53.396 [info] > git rev-parse refs/remotes/origin/main [1ms]
2023-12-14 12:49:53.404 [info] > git status -z -uall [4ms]
2023-12-14 12:49:54.824 [info] > git show --textconv :frontend/src/components/styleguide/searchbar/datepicker/index.jsx [13ms]
2023-12-14 12:49:54.825 [info] > git ls-files --stage -- /home/ikbal/repos/resortApp/frontend/src/components/styleguide/searchbar/datepicker/index.jsx [2ms]
2023-12-14 12:50:11.043 [info] > git config --get commit.template [13ms]
2023-12-14 12:50:11.044 [info] > git for-each-ref --format=%(refname)%00%(upstream:short)%00%(objectname)%00%(upstream:track)%00%(upstream:remotename)%00%(upstream:remoteref) refs/heads/main refs/remotes/main [2ms]
2023-12-14 12:50:11.055 [warning] ENOENT: no such file or directory, open '/home/ikbal/repos/resortApp/.git/refs/remotes/origin/main'
2023-12-14 12:50:11.056 [info] > git rev-parse refs/remotes/origin/main [2ms]
2023-12-14 12:50:11.070 [info] > git status -z -uall [7ms]
2023-12-14 12:50:11.834 [info] > git show --textconv :frontend/node_modules/react-day-picker/dist/style.css.d.ts [6ms]
2023-12-14 12:50:11.835 [info] > git ls-files --stage -- /home/ikbal/repos/resortApp/frontend/node_modules/react-day-picker/dist/style.css.d.ts [1ms]
2023-12-14 12:50:12.102 [info] > git check-ignore -v -z --stdin [1ms]
2023-12-14 12:50:13.988 [info] > git show --textconv :frontend/src/components/styleguide/searchbar/datepicker/index.jsx [12ms]
2023-12-14 12:50:13.990 [info] > git ls-files --stage -- /home/ikbal/repos/resortApp/frontend/src/components/styleguide/searchbar/datepicker/index.jsx [2ms]
2023-12-14 12:50:44.364 [info] > git config --get commit.template [6ms]
2023-12-14 12:50:44.364 [info] > git for-each-ref --format=%(refname)%00%(upstream:short)%00%(objectname)%00%(upstream:track)%00%(upstream:remotename)%00%(upstream:remoteref) refs/heads/main refs/remotes/main [1ms]
2023-12-14 12:50:44.369 [warning] ENOENT: no such file or directory, open '/home/ikbal/repos/resortApp/.git/refs/remotes/origin/main'
2023-12-14 12:50:44.370 [info] > git rev-parse refs/remotes/origin/main [0ms]
2023-12-14 12:50:44.378 [info] > git status -z -uall [4ms]
2023-12-14 12:50:53.569 [info] > git config --get commit.template [6ms]
2023-12-14 12:50:53.570 [info] > git for-each-ref --format=%(refname)%00%(upstream:short)%00%(objectname)%00%(upstream:track)%00%(upstream:remotename)%00%(upstream:remoteref) refs/heads/main refs/remotes/main [1ms]
2023-12-14 12:50:53.575 [warning] ENOENT: no such file or directory, open '/home/ikbal/repos/resortApp/.git/refs/remotes/origin/main'
2023-12-14 12:50:53.575 [info] > git rev-parse refs/remotes/origin/main [1ms]
2023-12-14 12:50:53.585 [info] > git status -z -uall [4ms]
2023-12-14 12:51:10.103 [info] > git config --get commit.template [6ms]
2023-12-14 12:51:10.103 [info] > git for-each-ref --format=%(refname)%00%(upstream:short)%00%(objectname)%00%(upstream:track)%00%(upstream:remotename)%00%(upstream:remoteref) refs/heads/main refs/remotes/main [1ms]
2023-12-14 12:51:10.109 [warning] ENOENT: no such file or directory, open '/home/ikbal/repos/resortApp/.git/refs/remotes/origin/main'
2023-12-14 12:51:10.109 [info] > git rev-parse refs/remotes/origin/main [0ms]
2023-12-14 12:51:10.118 [info] > git status -z -uall [4ms]
2023-12-14 12:51:56.762 [info] > git config --get commit.template [6ms]
2023-12-14 12:51:56.763 [info] > git for-each-ref --format=%(refname)%00%(upstream:short)%00%(objectname)%00%(upstream:track)%00%(upstream:remotename)%00%(upstream:remoteref) refs/heads/main refs/remotes/main [1ms]
2023-12-14 12:51:56.768 [warning] ENOENT: no such file or directory, open '/home/ikbal/repos/resortApp/.git/refs/remotes/origin/main'
2023-12-14 12:51:56.769 [info] > git rev-parse refs/remotes/origin/main [1ms]
2023-12-14 12:51:56.777 [info] > git status -z -uall [4ms]
2023-12-14 12:54:19.476 [info] > git config --get commit.template [5ms]
2023-12-14 12:54:19.477 [info] > git for-each-ref --format=%(refname)%00%(upstream:short)%00%(objectname)%00%(upstream:track)%00%(upstream:remotename)%00%(upstream:remoteref) refs/heads/main refs/remotes/main [1ms]
2023-12-14 12:54:19.484 [warning] ENOENT: no such file or directory, open '/home/ikbal/repos/resortApp/.git/refs/remotes/origin/main'
2023-12-14 12:54:19.485 [info] > git rev-parse refs/remotes/origin/main [1ms]
2023-12-14 12:54:19.493 [info] > git status -z -uall [4ms]
2023-12-14 12:54:21.374 [info] > git show --textconv :frontend/src/components/styleguide/searchbar/datepicker/datepicker.scss [6ms]
2023-12-14 12:54:21.374 [info] > git ls-files --stage -- /home/ikbal/repos/resortApp/frontend/src/components/styleguide/searchbar/datepicker/datepicker.scss [1ms]
2023-12-14 12:54:22.439 [info] > git show --textconv :frontend/src/components/styleguide/searchbar/datepicker/index.jsx [5ms]
2023-12-14 12:54:22.439 [info] > git ls-files --stage -- /home/ikbal/repos/resortApp/frontend/src/components/styleguide/searchbar/datepicker/index.jsx [1ms]
2023-12-14 12:55:30.685 [info] > git show --textconv :frontend/node_modules/react-day-picker/dist/style.css.d.ts [6ms]
2023-12-14 12:55:30.685 [info] > git ls-files --stage -- /home/ikbal/repos/resortApp/frontend/node_modules/react-day-picker/dist/style.css.d.ts [1ms]
2023-12-14 12:55:44.044 [info] > git show --textconv :frontend/src/components/styleguide/searchbar/datepicker/index.jsx [12ms]
2023-12-14 12:55:44.044 [info] > git ls-files --stage -- /home/ikbal/repos/resortApp/frontend/src/components/styleguide/searchbar/datepicker/index.jsx [1ms]
2023-12-14 12:55:46.058 [info] > git show --textconv :frontend/node_modules/react-day-picker/dist/style.css.d.ts [5ms]
2023-12-14 12:55:46.059 [info] > git ls-files --stage -- /home/ikbal/repos/resortApp/frontend/node_modules/react-day-picker/dist/style.css.d.ts [1ms]
2023-12-14 12:56:10.384 [info] > git show --textconv :frontend/src/components/styleguide/searchbar/datepicker/datepicker.scss [7ms]
2023-12-14 12:56:10.385 [info] > git ls-files --stage -- /home/ikbal/repos/resortApp/frontend/src/components/styleguide/searchbar/datepicker/datepicker.scss [2ms]
