2023-12-13 17:57:54.411 [warning] Via 'product.json#extensionEnabledApiProposals' extension 'ms-python.python' wants API proposal 'registerIssueDataProvider' but that proposal DOES NOT EXIST. Likely, the proposal has been finalized (check 'vscode.d.ts') or was abandoned.
2023-12-13 17:57:54.696 [info] Started local extension host with pid 3468.
2023-12-13 17:57:57.393 [info] [perf] Render performance baseline is 19ms
2023-12-14 11:25:06.784 [error] Illegal value for lineNumber: Error: Illegal value for lineNumber
    at q.getLineContent (vscode-file://vscode-app/snap/code/147/usr/share/code/resources/app/out/vs/workbench/workbench.desktop.main.js:730:4396)
    at o.update (vscode-file://vscode-app/snap/code/147/usr/share/code/resources/app/out/vs/workbench/workbench.desktop.main.js:681:81713)
    at P.w (vscode-file://vscode-app/snap/code/147/usr/share/code/resources/app/out/vs/workbench/workbench.desktop.main.js:744:53935)
2023-12-14 11:25:07.830 [error] Illegal value for lineNumber: Error: Illegal value for lineNumber
    at q.getLineContent (vscode-file://vscode-app/snap/code/147/usr/share/code/resources/app/out/vs/workbench/workbench.desktop.main.js:730:4396)
    at o.update (vscode-file://vscode-app/snap/code/147/usr/share/code/resources/app/out/vs/workbench/workbench.desktop.main.js:681:81713)
    at P.w (vscode-file://vscode-app/snap/code/147/usr/share/code/resources/app/out/vs/workbench/workbench.desktop.main.js:744:53935)
2023-12-14 11:25:09.650 [error] Illegal value for lineNumber: Error: Illegal value for lineNumber
    at q.getLineContent (vscode-file://vscode-app/snap/code/147/usr/share/code/resources/app/out/vs/workbench/workbench.desktop.main.js:730:4396)
    at o.update (vscode-file://vscode-app/snap/code/147/usr/share/code/resources/app/out/vs/workbench/workbench.desktop.main.js:681:81713)
    at P.w (vscode-file://vscode-app/snap/code/147/usr/share/code/resources/app/out/vs/workbench/workbench.desktop.main.js:744:53935)
2023-12-14 11:25:11.305 [error] Illegal value for lineNumber: Error: Illegal value for lineNumber
    at q.getLineContent (vscode-file://vscode-app/snap/code/147/usr/share/code/resources/app/out/vs/workbench/workbench.desktop.main.js:730:4396)
    at o.update (vscode-file://vscode-app/snap/code/147/usr/share/code/resources/app/out/vs/workbench/workbench.desktop.main.js:681:81713)
    at P.w (vscode-file://vscode-app/snap/code/147/usr/share/code/resources/app/out/vs/workbench/workbench.desktop.main.js:744:53935)
2023-12-14 11:25:12.626 [error] Illegal value for lineNumber: Error: Illegal value for lineNumber
    at q.getLineContent (vscode-file://vscode-app/snap/code/147/usr/share/code/resources/app/out/vs/workbench/workbench.desktop.main.js:730:4396)
    at o.update (vscode-file://vscode-app/snap/code/147/usr/share/code/resources/app/out/vs/workbench/workbench.desktop.main.js:681:81713)
    at P.w (vscode-file://vscode-app/snap/code/147/usr/share/code/resources/app/out/vs/workbench/workbench.desktop.main.js:744:53935)
2023-12-14 12:49:49.636 [error] Unable to read file '/home/ikbal/repos/resortApp/frontend/node_modules/react-day-picker/lib/style.css' (Error: Unable to resolve nonexistent file '/home/ikbal/repos/resortApp/frontend/node_modules/react-day-picker/lib/style.css'): Error: Unable to read file '/home/ikbal/repos/resortApp/frontend/node_modules/react-day-picker/lib/style.css' (Error: Unable to resolve nonexistent file '/home/ikbal/repos/resortApp/frontend/node_modules/react-day-picker/lib/style.css')
    at n.F (vscode-file://vscode-app/snap/code/147/usr/share/code/resources/app/out/vs/workbench/workbench.desktop.main.js:645:18891)
    at n.D (vscode-file://vscode-app/snap/code/147/usr/share/code/resources/app/out/vs/workbench/workbench.desktop.main.js:645:18686)
    at async b.M (vscode-file://vscode-app/snap/code/147/usr/share/code/resources/app/out/vs/workbench/workbench.desktop.main.js:2169:42874)
    at async b.readStream (vscode-file://vscode-app/snap/code/147/usr/share/code/resources/app/out/vs/workbench/workbench.desktop.main.js:2169:42628)
    at async P.Cb (vscode-file://vscode-app/snap/code/147/usr/share/code/resources/app/out/vs/workbench/workbench.desktop.main.js:2158:6445)
    at async P.resolve (vscode-file://vscode-app/snap/code/147/usr/share/code/resources/app/out/vs/workbench/workbench.desktop.main.js:2158:4892)
    at async s.W (vscode-file://vscode-app/snap/code/147/usr/share/code/resources/app/out/vs/workbench/workbench.desktop.main.js:2169:39017)
    at async f.r (vscode-file://vscode-app/snap/code/147/usr/share/code/resources/app/out/vs/workbench/workbench.desktop.main.js:2158:18530)
    at async y.acquire (vscode-file://vscode-app/snap/code/147/usr/share/code/resources/app/out/vs/workbench/workbench.desktop.main.js:37:3392)
    at async d.createModelReference (vscode-file://vscode-app/snap/code/147/usr/share/code/resources/app/out/vs/workbench/workbench.desktop.main.js:2158:20107)
2023-12-14 12:49:51.016 [error] Unable to read file '/home/ikbal/repos/resortApp/frontend/node_modules/react-day-picker/lib/style.css' (Error: Unable to resolve nonexistent file '/home/ikbal/repos/resortApp/frontend/node_modules/react-day-picker/lib/style.css'): Error: Unable to read file '/home/ikbal/repos/resortApp/frontend/node_modules/react-day-picker/lib/style.css' (Error: Unable to resolve nonexistent file '/home/ikbal/repos/resortApp/frontend/node_modules/react-day-picker/lib/style.css')
    at n.F (vscode-file://vscode-app/snap/code/147/usr/share/code/resources/app/out/vs/workbench/workbench.desktop.main.js:645:18891)
    at n.D (vscode-file://vscode-app/snap/code/147/usr/share/code/resources/app/out/vs/workbench/workbench.desktop.main.js:645:18686)
    at async b.M (vscode-file://vscode-app/snap/code/147/usr/share/code/resources/app/out/vs/workbench/workbench.desktop.main.js:2169:42874)
    at async b.readStream (vscode-file://vscode-app/snap/code/147/usr/share/code/resources/app/out/vs/workbench/workbench.desktop.main.js:2169:42628)
    at async P.Cb (vscode-file://vscode-app/snap/code/147/usr/share/code/resources/app/out/vs/workbench/workbench.desktop.main.js:2158:6445)
    at async P.resolve (vscode-file://vscode-app/snap/code/147/usr/share/code/resources/app/out/vs/workbench/workbench.desktop.main.js:2158:4892)
    at async s.W (vscode-file://vscode-app/snap/code/147/usr/share/code/resources/app/out/vs/workbench/workbench.desktop.main.js:2169:39017)
    at async f.r (vscode-file://vscode-app/snap/code/147/usr/share/code/resources/app/out/vs/workbench/workbench.desktop.main.js:2158:18530)
    at async y.acquire (vscode-file://vscode-app/snap/code/147/usr/share/code/resources/app/out/vs/workbench/workbench.desktop.main.js:37:3392)
    at async d.createModelReference (vscode-file://vscode-app/snap/code/147/usr/share/code/resources/app/out/vs/workbench/workbench.desktop.main.js:2158:20107)
2023-12-14 12:49:52.286 [error] Error: The editor could not be opened because the file was not found.
    at M.fc (vscode-file://vscode-app/snap/code/147/usr/share/code/resources/app/out/vs/workbench/workbench.desktop.main.js:2148:25082)
    at async M.setInput (vscode-file://vscode-app/snap/code/147/usr/share/code/resources/app/out/vs/workbench/workbench.desktop.main.js:2148:24168)
    at async b.S (vscode-file://vscode-app/snap/code/147/usr/share/code/resources/app/out/vs/workbench/workbench.desktop.main.js:2146:23046)
    at async b.L (vscode-file://vscode-app/snap/code/147/usr/share/code/resources/app/out/vs/workbench/workbench.desktop.main.js:2146:21637)
    at async b.openEditor (vscode-file://vscode-app/snap/code/147/usr/share/code/resources/app/out/vs/workbench/workbench.desktop.main.js:2146:20603)
    at async vscode-file://vscode-app/snap/code/147/usr/share/code/resources/app/out/vs/workbench/workbench.desktop.main.js:2275:23005
    at async v.M (vscode-file://vscode-app/snap/code/147/usr/share/code/resources/app/out/vs/workbench/workbench.desktop.main.js:1184:80268)
    at async v.openCodeEditor (vscode-file://vscode-app/snap/code/147/usr/share/code/resources/app/out/vs/workbench/workbench.desktop.main.js:720:4538)
    at async N.m (vscode-file://vscode-app/snap/code/147/usr/share/code/resources/app/out/vs/workbench/workbench.desktop.main.js:765:56908)
    at async N.l (vscode-file://vscode-app/snap/code/147/usr/share/code/resources/app/out/vs/workbench/workbench.desktop.main.js:765:56696)
