2023-12-15 12:32:35.698 [info] update#setState idle
2023-12-15 12:32:37.085 [error] vscode-file: Refused to load resource /snap/code/147/usr/share/code/resources/app/extensions/theme-seti/icons/seti.woff from vscode-file: protocol (original URL: vscode-file://vscode-app/snap/code/147/usr/share/code/resources/app/extensions/theme-seti/icons/seti.woff)
2023-12-15 12:33:05.703 [info] update#setState checking for updates
2023-12-15 12:33:05.705 [info] update#setState idle
2023-12-15 13:33:05.704 [info] update#setState checking for updates
2023-12-15 13:33:05.708 [info] update#setState idle
2023-12-15 14:33:05.707 [info] update#setState checking for updates
2023-12-15 14:33:05.709 [info] update#setState idle
2023-12-15 15:33:05.711 [info] update#setState checking for updates
2023-12-15 15:33:05.714 [info] update#setState idle
2023-12-15 16:33:05.716 [info] update#setState checking for updates
2023-12-15 16:33:05.719 [info] update#setState idle
2023-12-15 17:33:05.719 [info] update#setState checking for updates
2023-12-15 17:33:05.721 [info] update#setState idle
2023-12-15 18:33:05.724 [info] update#setState checking for updates
2023-12-15 18:33:05.726 [info] update#setState idle
2023-12-15 19:33:05.727 [info] update#setState checking for updates
2023-12-15 19:33:05.729 [info] update#setState idle
2023-12-15 20:33:05.730 [info] update#setState checking for updates
2023-12-15 20:33:05.732 [info] update#setState idle
2023-12-15 21:33:05.733 [info] update#setState checking for updates
2023-12-15 21:33:05.735 [info] update#setState idle
2023-12-15 22:33:05.734 [info] update#setState checking for updates
2023-12-15 22:33:05.737 [info] update#setState idle
2023-12-15 23:33:05.737 [info] update#setState checking for updates
2023-12-15 23:33:05.739 [info] update#setState idle
2023-12-16 00:33:05.738 [info] update#setState checking for updates
2023-12-16 00:33:05.740 [info] update#setState idle
2023-12-16 01:33:05.740 [info] update#setState checking for updates
2023-12-16 01:33:05.741 [info] update#setState idle
2023-12-16 02:33:05.741 [info] update#setState checking for updates
2023-12-16 02:33:05.743 [info] update#setState idle
2023-12-16 02:43:25.024 [info] Extension host with pid 11283 exited with code: 0, signal: unknown.
2023-12-16 02:43:25.025 [error] ptyHost terminated unexpectedly with code 0
