2023-12-12 15:54:40.909 [info] Reading sessions from keychain...
2023-12-12 15:54:40.909 [info] Getting sessions for all scopes...
2023-12-12 15:54:40.909 [info] Got 0 sessions for ...
2023-12-12 15:54:40.909 [info] Getting sessions for all scopes...
2023-12-12 15:54:40.909 [info] Got 0 sessions for ...
2023-12-12 15:54:40.909 [info] Getting sessions for read:user...
2023-12-12 15:54:40.909 [info] Got 0 sessions for read:user...
2023-12-12 15:54:40.909 [info] Getting sessions for user:email...
2023-12-12 15:54:40.909 [info] Got 0 sessions for user:email...
2023-12-12 15:54:41.264 [info] Getting sessions for user:email...
2023-12-12 15:54:41.264 [info] Got 0 sessions for user:email...
2023-12-12 15:54:41.265 [info] Getting sessions for read:user...
2023-12-12 15:54:41.265 [info] Got 0 sessions for read:user...
2023-12-12 15:54:45.764 [info] Getting sessions for read:user...
2023-12-12 15:54:45.764 [info] Got 0 sessions for read:user...
2023-12-12 15:54:45.765 [info] Getting sessions for user:email...
2023-12-12 15:54:45.765 [info] Got 0 sessions for user:email...
2023-12-12 15:54:45.766 [info] Getting sessions for read:user...
2023-12-12 15:54:45.766 [info] Got 0 sessions for read:user...
2023-12-12 15:54:45.767 [info] Getting sessions for user:email...
2023-12-12 15:54:45.767 [info] Got 0 sessions for user:email...
2023-12-12 15:54:47.534 [info] Logging in for the following scopes: user:email
2023-12-12 15:54:47.540 [info] Trying without local server... (user:email)
2023-12-12 15:54:56.273 [info] Exchanging code for token...
2023-12-12 15:54:56.800 [info] Token exchange success!
2023-12-12 15:54:56.801 [info] Getting user info...
2023-12-12 15:54:57.309 [info] Got account info!
2023-12-12 15:54:57.310 [info] Storing 1 sessions...
2023-12-12 15:55:20.311 [info] Reading sessions from keychain...
2023-12-12 15:55:20.311 [info] Stored 1 sessions!
2023-12-12 15:55:20.311 [info] Login success!
2023-12-12 15:55:20.312 [info] Got stored sessions!
2023-12-12 15:55:20.312 [info] Got 1 verified sessions.
2023-12-12 15:55:20.328 [info] Getting sessions for user:email...
2023-12-12 15:55:20.328 [info] Got 1 sessions for user:email...
2023-12-12 15:55:20.328 [info] Getting sessions for read:user...
2023-12-12 15:55:20.328 [info] Got 0 sessions for read:user...
2023-12-12 15:55:20.329 [info] Getting sessions for user:email...
2023-12-12 15:55:20.329 [info] Got 1 sessions for user:email...
2023-12-12 15:55:20.329 [info] Getting sessions for user:email...
2023-12-12 15:55:20.329 [info] Got 1 sessions for user:email...
2023-12-12 15:55:20.908 [info] Getting sessions for user:email...
2023-12-12 15:55:20.908 [info] Got 1 sessions for user:email...
2023-12-12 15:55:20.926 [info] Getting sessions for user:email...
2023-12-12 15:55:20.926 [info] Got 1 sessions for user:email...
