2023-12-13 17:57:56.332 [info] Reading sessions from keychain...
2023-12-13 17:57:56.332 [info] Getting sessions for all scopes...
2023-12-13 17:57:56.332 [info] Got stored sessions!
2023-12-13 17:57:56.332 [info] Got 1 verified sessions.
2023-12-13 17:57:56.332 [info] Got 1 sessions for ...
2023-12-13 17:57:56.332 [info] Getting sessions for all scopes...
2023-12-13 17:57:56.332 [info] Got 1 sessions for ...
2023-12-13 17:57:56.332 [info] Getting sessions for read:user,repo,user:email,workflow...
2023-12-13 17:57:56.332 [info] Got 0 sessions for read:user,repo,user:email,workflow...
2023-12-13 17:57:56.332 [info] Getting sessions for read:user...
2023-12-13 17:57:56.332 [info] Got 0 sessions for read:user...
2023-12-13 17:57:56.333 [info] Getting sessions for user:email...
2023-12-13 17:57:56.333 [info] Got 1 sessions for user:email...
2023-12-13 17:57:56.553 [info] Getting sessions for user:email...
2023-12-13 17:57:56.553 [info] Got 1 sessions for user:email...
2023-12-13 17:57:57.069 [info] Getting sessions for user:email...
2023-12-13 17:57:57.069 [info] Got 1 sessions for user:email...
2023-12-13 17:57:57.085 [info] Getting sessions for user:email...
2023-12-13 17:57:57.085 [info] Got 1 sessions for user:email...
2023-12-13 18:22:56.920 [info] Getting sessions for read:user...
2023-12-13 18:22:56.920 [info] Got 0 sessions for read:user...
2023-12-13 18:22:56.921 [info] Getting sessions for user:email...
2023-12-13 18:22:56.921 [info] Got 1 sessions for user:email...
2023-12-13 18:22:57.068 [info] Getting sessions for user:email...
2023-12-13 18:22:57.068 [info] Got 1 sessions for user:email...
2023-12-13 18:22:57.558 [info] Getting sessions for user:email...
2023-12-13 18:22:57.558 [info] Got 1 sessions for user:email...
2023-12-13 18:47:57.514 [info] Getting sessions for read:user...
2023-12-13 18:47:57.514 [info] Got 0 sessions for read:user...
2023-12-13 18:47:57.517 [info] Getting sessions for user:email...
2023-12-13 18:47:57.517 [info] Got 1 sessions for user:email...
2023-12-13 18:47:57.559 [info] Getting sessions for user:email...
2023-12-13 18:47:57.559 [info] Got 1 sessions for user:email...
2023-12-13 18:47:58.034 [info] Getting sessions for user:email...
2023-12-13 18:47:58.034 [info] Got 1 sessions for user:email...
2023-12-13 19:12:58.018 [info] Getting sessions for read:user...
2023-12-13 19:12:58.018 [info] Got 0 sessions for read:user...
2023-12-13 19:12:58.022 [info] Getting sessions for user:email...
2023-12-13 19:12:58.022 [info] Got 1 sessions for user:email...
2023-12-13 19:12:58.035 [info] Getting sessions for user:email...
2023-12-13 19:12:58.035 [info] Got 1 sessions for user:email...
2023-12-13 19:12:58.774 [info] Getting sessions for user:email...
2023-12-13 19:12:58.774 [info] Got 1 sessions for user:email...
2023-12-13 19:37:58.541 [info] Getting sessions for read:user...
2023-12-13 19:37:58.541 [info] Got 0 sessions for read:user...
2023-12-13 19:37:58.545 [info] Getting sessions for user:email...
2023-12-13 19:37:58.545 [info] Got 1 sessions for user:email...
2023-12-13 19:37:58.778 [info] Getting sessions for user:email...
2023-12-13 19:37:58.778 [info] Got 1 sessions for user:email...
2023-12-13 19:37:59.278 [info] Getting sessions for user:email...
2023-12-13 19:37:59.278 [info] Got 1 sessions for user:email...
2023-12-13 20:02:59.065 [info] Getting sessions for read:user...
2023-12-13 20:02:59.065 [info] Got 0 sessions for read:user...
2023-12-13 20:02:59.068 [info] Getting sessions for user:email...
2023-12-13 20:02:59.068 [info] Got 1 sessions for user:email...
2023-12-13 20:02:59.279 [info] Getting sessions for user:email...
2023-12-13 20:02:59.279 [info] Got 1 sessions for user:email...
2023-12-13 20:02:59.764 [info] Getting sessions for user:email...
2023-12-13 20:02:59.764 [info] Got 1 sessions for user:email...
2023-12-13 20:27:59.695 [info] Getting sessions for read:user...
2023-12-13 20:27:59.695 [info] Got 0 sessions for read:user...
2023-12-13 20:27:59.698 [info] Getting sessions for user:email...
2023-12-13 20:27:59.699 [info] Got 1 sessions for user:email...
2023-12-13 20:27:59.766 [info] Getting sessions for user:email...
2023-12-13 20:27:59.766 [info] Got 1 sessions for user:email...
2023-12-13 20:28:00.242 [info] Getting sessions for user:email...
2023-12-13 20:28:00.242 [info] Got 1 sessions for user:email...
2023-12-13 20:53:00.158 [info] Getting sessions for read:user...
2023-12-13 20:53:00.158 [info] Got 0 sessions for read:user...
2023-12-13 20:53:00.160 [info] Getting sessions for user:email...
2023-12-13 20:53:00.160 [info] Got 1 sessions for user:email...
2023-12-13 20:53:00.242 [info] Getting sessions for user:email...
2023-12-13 20:53:00.243 [info] Got 1 sessions for user:email...
2023-12-13 20:53:00.718 [info] Getting sessions for user:email...
2023-12-13 20:53:00.718 [info] Got 1 sessions for user:email...
2023-12-13 21:18:00.712 [info] Getting sessions for read:user...
2023-12-13 21:18:00.712 [info] Got 0 sessions for read:user...
2023-12-13 21:18:00.713 [info] Getting sessions for user:email...
2023-12-13 21:18:00.713 [info] Got 1 sessions for user:email...
2023-12-13 21:18:00.718 [info] Getting sessions for user:email...
2023-12-13 21:18:00.718 [info] Got 1 sessions for user:email...
2023-12-13 21:18:01.227 [info] Getting sessions for user:email...
2023-12-13 21:18:01.227 [info] Got 1 sessions for user:email...
2023-12-13 21:43:01.229 [info] Getting sessions for user:email...
2023-12-13 21:43:01.230 [info] Got 1 sessions for user:email...
2023-12-13 21:43:01.234 [info] Getting sessions for read:user...
2023-12-13 21:43:01.234 [info] Got 0 sessions for read:user...
2023-12-13 21:43:01.237 [info] Getting sessions for user:email...
2023-12-13 21:43:01.237 [info] Got 1 sessions for user:email...
2023-12-13 21:43:01.771 [info] Getting sessions for user:email...
2023-12-13 21:43:01.771 [info] Got 1 sessions for user:email...
2023-12-13 22:08:01.778 [info] Getting sessions for user:email...
2023-12-13 22:08:01.778 [info] Got 1 sessions for user:email...
2023-12-13 22:08:01.812 [info] Getting sessions for read:user...
2023-12-13 22:08:01.812 [info] Got 0 sessions for read:user...
2023-12-13 22:08:01.815 [info] Getting sessions for user:email...
2023-12-13 22:08:01.815 [info] Got 1 sessions for user:email...
2023-12-13 22:08:02.246 [info] Getting sessions for user:email...
2023-12-13 22:08:02.246 [info] Got 1 sessions for user:email...
2023-12-13 22:33:02.253 [info] Getting sessions for user:email...
2023-12-13 22:33:02.253 [info] Got 1 sessions for user:email...
2023-12-13 22:33:02.541 [info] Getting sessions for read:user...
2023-12-13 22:33:02.541 [info] Got 0 sessions for read:user...
2023-12-13 22:33:02.544 [info] Getting sessions for user:email...
2023-12-13 22:33:02.544 [info] Got 1 sessions for user:email...
2023-12-13 22:33:02.750 [info] Getting sessions for user:email...
2023-12-13 22:33:02.750 [info] Got 1 sessions for user:email...
2023-12-13 22:58:02.753 [info] Getting sessions for user:email...
2023-12-13 22:58:02.754 [info] Got 1 sessions for user:email...
2023-12-13 22:58:03.078 [info] Getting sessions for read:user...
2023-12-13 22:58:03.078 [info] Got 0 sessions for read:user...
2023-12-13 22:58:03.081 [info] Getting sessions for user:email...
2023-12-13 22:58:03.081 [info] Got 1 sessions for user:email...
2023-12-13 22:58:03.289 [info] Getting sessions for user:email...
2023-12-13 22:58:03.289 [info] Got 1 sessions for user:email...
2023-12-13 23:23:03.297 [info] Getting sessions for user:email...
2023-12-13 23:23:03.297 [info] Got 1 sessions for user:email...
2023-12-13 23:23:03.627 [info] Getting sessions for read:user...
2023-12-13 23:23:03.627 [info] Got 0 sessions for read:user...
2023-12-13 23:23:03.630 [info] Getting sessions for user:email...
2023-12-13 23:23:03.630 [info] Got 1 sessions for user:email...
2023-12-13 23:23:03.793 [info] Getting sessions for user:email...
2023-12-13 23:23:03.793 [info] Got 1 sessions for user:email...
2023-12-13 23:48:03.802 [info] Getting sessions for user:email...
2023-12-13 23:48:03.802 [info] Got 1 sessions for user:email...
2023-12-13 23:48:04.185 [info] Getting sessions for read:user...
2023-12-13 23:48:04.185 [info] Got 0 sessions for read:user...
2023-12-13 23:48:04.189 [info] Getting sessions for user:email...
2023-12-13 23:48:04.189 [info] Got 1 sessions for user:email...
2023-12-13 23:48:04.430 [info] Getting sessions for user:email...
2023-12-13 23:48:04.430 [info] Got 1 sessions for user:email...
2023-12-14 00:13:04.435 [info] Getting sessions for user:email...
2023-12-14 00:13:04.435 [info] Got 1 sessions for user:email...
2023-12-14 00:13:04.720 [info] Getting sessions for read:user...
2023-12-14 00:13:04.720 [info] Got 0 sessions for read:user...
2023-12-14 00:13:04.723 [info] Getting sessions for user:email...
2023-12-14 00:13:04.723 [info] Got 1 sessions for user:email...
2023-12-14 00:13:05.024 [info] Getting sessions for user:email...
2023-12-14 00:13:05.024 [info] Got 1 sessions for user:email...
2023-12-14 00:38:05.034 [info] Getting sessions for user:email...
2023-12-14 00:38:05.034 [info] Got 1 sessions for user:email...
2023-12-14 00:38:05.202 [info] Getting sessions for read:user...
2023-12-14 00:38:05.202 [info] Got 0 sessions for read:user...
2023-12-14 00:38:05.205 [info] Getting sessions for user:email...
2023-12-14 00:38:05.205 [info] Got 1 sessions for user:email...
2023-12-14 00:38:05.681 [info] Getting sessions for user:email...
2023-12-14 00:38:05.681 [info] Got 1 sessions for user:email...
2023-12-14 01:03:05.692 [info] Getting sessions for user:email...
2023-12-14 01:03:05.692 [info] Got 1 sessions for user:email...
2023-12-14 01:03:05.787 [info] Getting sessions for read:user...
2023-12-14 01:03:05.787 [info] Got 0 sessions for read:user...
2023-12-14 01:03:05.788 [info] Getting sessions for user:email...
2023-12-14 01:03:05.788 [info] Got 1 sessions for user:email...
2023-12-14 01:03:06.240 [info] Getting sessions for user:email...
2023-12-14 01:03:06.240 [info] Got 1 sessions for user:email...
2023-12-14 01:28:06.245 [info] Getting sessions for user:email...
2023-12-14 01:28:06.245 [info] Got 1 sessions for user:email...
2023-12-14 01:28:06.248 [info] Getting sessions for read:user...
2023-12-14 01:28:06.248 [info] Got 0 sessions for read:user...
2023-12-14 01:28:06.249 [info] Getting sessions for user:email...
2023-12-14 01:28:06.249 [info] Got 1 sessions for user:email...
2023-12-14 01:28:06.817 [info] Getting sessions for user:email...
2023-12-14 01:28:06.817 [info] Got 1 sessions for user:email...
2023-12-14 01:53:06.823 [info] Getting sessions for read:user...
2023-12-14 01:53:06.823 [info] Got 0 sessions for read:user...
2023-12-14 01:53:06.824 [info] Getting sessions for user:email...
2023-12-14 01:53:06.824 [info] Got 1 sessions for user:email...
2023-12-14 01:53:06.826 [info] Getting sessions for user:email...
2023-12-14 01:53:06.826 [info] Got 1 sessions for user:email...
2023-12-14 01:53:07.281 [info] Getting sessions for user:email...
2023-12-14 01:53:07.281 [info] Got 1 sessions for user:email...
2023-12-14 02:18:07.286 [info] Getting sessions for read:user...
2023-12-14 02:18:07.286 [info] Got 0 sessions for read:user...
2023-12-14 02:18:07.286 [info] Getting sessions for user:email...
2023-12-14 02:18:07.286 [info] Got 1 sessions for user:email...
2023-12-14 02:18:07.294 [info] Getting sessions for user:email...
2023-12-14 02:18:07.294 [info] Got 1 sessions for user:email...
2023-12-14 11:22:33.652 [info] Getting sessions for read:user...
2023-12-14 11:22:33.652 [info] Got 0 sessions for read:user...
2023-12-14 11:22:33.654 [info] Getting sessions for user:email...
2023-12-14 11:22:33.654 [info] Got 1 sessions for user:email...
2023-12-14 11:47:34.302 [info] Getting sessions for read:user...
2023-12-14 11:47:34.302 [info] Got 0 sessions for read:user...
2023-12-14 11:47:34.305 [info] Getting sessions for user:email...
2023-12-14 11:47:34.305 [info] Got 1 sessions for user:email...
2023-12-14 12:12:34.890 [info] Getting sessions for read:user...
2023-12-14 12:12:34.891 [info] Got 0 sessions for read:user...
2023-12-14 12:12:34.893 [info] Getting sessions for user:email...
2023-12-14 12:12:34.893 [info] Got 1 sessions for user:email...
2023-12-14 12:37:35.388 [info] Getting sessions for read:user...
2023-12-14 12:37:35.388 [info] Got 0 sessions for read:user...
2023-12-14 12:37:35.389 [info] Getting sessions for user:email...
2023-12-14 12:37:35.389 [info] Got 1 sessions for user:email...
