2023-12-14 12:58:33.352 [info] Reading sessions from keychain...
2023-12-14 12:58:33.352 [info] Getting sessions for all scopes...
2023-12-14 12:58:33.352 [info] Got stored sessions!
2023-12-14 12:58:33.352 [info] Got 1 verified sessions.
2023-12-14 12:58:33.352 [info] Got 1 sessions for ...
2023-12-14 12:58:33.352 [info] Getting sessions for read:user,repo,user:email,workflow...
2023-12-14 12:58:33.352 [info] Got 0 sessions for read:user,repo,user:email,workflow...
2023-12-14 12:58:33.352 [info] Getting sessions for read:user...
2023-12-14 12:58:33.352 [info] Got 0 sessions for read:user...
2023-12-14 12:58:33.352 [info] Getting sessions for all scopes...
2023-12-14 12:58:33.352 [info] Got 1 sessions for ...
2023-12-14 12:58:33.352 [info] Getting sessions for user:email...
2023-12-14 12:58:33.352 [info] Got 1 sessions for user:email...
2023-12-14 12:58:33.642 [info] Getting sessions for user:email...
2023-12-14 12:58:33.642 [info] Got 1 sessions for user:email...
2023-12-14 12:58:34.133 [info] Getting sessions for user:email...
2023-12-14 12:58:34.133 [info] Got 1 sessions for user:email...
2023-12-14 12:58:34.148 [info] Getting sessions for user:email...
2023-12-14 12:58:34.148 [info] Got 1 sessions for user:email...
2023-12-14 13:23:33.819 [info] Getting sessions for read:user...
2023-12-14 13:23:33.819 [info] Got 0 sessions for read:user...
2023-12-14 13:23:33.820 [info] Getting sessions for user:email...
2023-12-14 13:23:33.820 [info] Got 1 sessions for user:email...
2023-12-14 13:23:34.133 [info] Getting sessions for user:email...
2023-12-14 13:23:34.133 [info] Got 1 sessions for user:email...
2023-12-14 13:23:34.587 [info] Getting sessions for user:email...
2023-12-14 13:23:34.587 [info] Got 1 sessions for user:email...
2023-12-14 13:48:34.336 [info] Getting sessions for read:user...
2023-12-14 13:48:34.336 [info] Got 0 sessions for read:user...
2023-12-14 13:48:34.339 [info] Getting sessions for user:email...
2023-12-14 13:48:34.339 [info] Got 1 sessions for user:email...
2023-12-14 13:48:34.589 [info] Getting sessions for user:email...
2023-12-14 13:48:34.589 [info] Got 1 sessions for user:email...
2023-12-14 13:48:35.162 [info] Getting sessions for user:email...
2023-12-14 13:48:35.162 [info] Got 1 sessions for user:email...
2023-12-14 14:13:34.815 [info] Getting sessions for read:user...
2023-12-14 14:13:34.816 [info] Got 0 sessions for read:user...
2023-12-14 14:13:34.817 [info] Getting sessions for user:email...
2023-12-14 14:13:34.817 [info] Got 1 sessions for user:email...
2023-12-14 14:13:35.163 [info] Getting sessions for user:email...
2023-12-14 14:13:35.163 [info] Got 1 sessions for user:email...
2023-12-14 14:13:35.624 [info] Getting sessions for user:email...
2023-12-14 14:13:35.624 [info] Got 1 sessions for user:email...
2023-12-14 14:38:35.359 [info] Getting sessions for read:user...
2023-12-14 14:38:35.359 [info] Got 0 sessions for read:user...
2023-12-14 14:38:35.360 [info] Getting sessions for user:email...
2023-12-14 14:38:35.360 [info] Got 1 sessions for user:email...
2023-12-14 14:38:35.624 [info] Getting sessions for user:email...
2023-12-14 14:38:35.624 [info] Got 1 sessions for user:email...
2023-12-14 14:38:36.117 [info] Getting sessions for user:email...
2023-12-14 14:38:36.117 [info] Got 1 sessions for user:email...
2023-12-14 15:03:35.822 [info] Getting sessions for read:user...
2023-12-14 15:03:35.822 [info] Got 0 sessions for read:user...
2023-12-14 15:03:35.823 [info] Getting sessions for user:email...
2023-12-14 15:03:35.823 [info] Got 1 sessions for user:email...
2023-12-14 15:03:36.118 [info] Getting sessions for user:email...
2023-12-14 15:03:36.118 [info] Got 1 sessions for user:email...
2023-12-14 15:03:36.633 [info] Getting sessions for user:email...
2023-12-14 15:03:36.633 [info] Got 1 sessions for user:email...
2023-12-14 15:28:36.332 [info] Getting sessions for read:user...
2023-12-14 15:28:36.332 [info] Got 0 sessions for read:user...
2023-12-14 15:28:36.334 [info] Getting sessions for user:email...
2023-12-14 15:28:36.334 [info] Got 1 sessions for user:email...
2023-12-14 15:28:36.634 [info] Getting sessions for user:email...
2023-12-14 15:28:36.634 [info] Got 1 sessions for user:email...
2023-12-14 15:28:37.085 [info] Getting sessions for user:email...
2023-12-14 15:28:37.085 [info] Got 1 sessions for user:email...
2023-12-14 15:53:36.878 [info] Getting sessions for read:user...
2023-12-14 15:53:36.878 [info] Got 0 sessions for read:user...
2023-12-14 15:53:36.897 [info] Getting sessions for user:email...
2023-12-14 15:53:36.897 [info] Got 1 sessions for user:email...
2023-12-14 15:53:37.084 [info] Getting sessions for user:email...
2023-12-14 15:53:37.084 [info] Got 1 sessions for user:email...
2023-12-14 15:53:37.518 [info] Getting sessions for user:email...
2023-12-14 15:53:37.518 [info] Got 1 sessions for user:email...
2023-12-14 16:18:37.406 [info] Getting sessions for read:user...
2023-12-14 16:18:37.406 [info] Got 0 sessions for read:user...
2023-12-14 16:18:37.436 [info] Getting sessions for user:email...
2023-12-14 16:18:37.436 [info] Got 1 sessions for user:email...
2023-12-14 16:18:37.521 [info] Getting sessions for user:email...
2023-12-14 16:18:37.521 [info] Got 1 sessions for user:email...
2023-12-14 16:18:38.091 [info] Getting sessions for user:email...
2023-12-14 16:18:38.091 [info] Got 1 sessions for user:email...
2023-12-14 16:43:38.012 [info] Getting sessions for read:user...
2023-12-14 16:43:38.012 [info] Got 0 sessions for read:user...
2023-12-14 16:43:38.037 [info] Getting sessions for user:email...
2023-12-14 16:43:38.037 [info] Got 1 sessions for user:email...
2023-12-14 16:43:38.090 [info] Getting sessions for user:email...
2023-12-14 16:43:38.090 [info] Got 1 sessions for user:email...
2023-12-14 16:43:38.571 [info] Getting sessions for user:email...
2023-12-14 16:43:38.571 [info] Got 1 sessions for user:email...
2023-12-14 17:08:38.574 [info] Getting sessions for user:email...
2023-12-14 17:08:38.574 [info] Got 1 sessions for user:email...
2023-12-14 17:08:38.594 [info] Getting sessions for read:user...
2023-12-14 17:08:38.594 [info] Got 0 sessions for read:user...
2023-12-14 17:08:38.595 [info] Getting sessions for user:email...
2023-12-14 17:08:38.595 [info] Got 1 sessions for user:email...
2023-12-14 17:08:39.141 [info] Getting sessions for user:email...
2023-12-14 17:08:39.141 [info] Got 1 sessions for user:email...
2023-12-14 17:33:39.141 [info] Getting sessions for read:user...
2023-12-14 17:33:39.141 [info] Got 0 sessions for read:user...
2023-12-14 17:33:39.142 [info] Getting sessions for user:email...
2023-12-14 17:33:39.142 [info] Got 1 sessions for user:email...
2023-12-14 17:33:39.142 [info] Getting sessions for user:email...
2023-12-14 17:33:39.142 [info] Got 1 sessions for user:email...
2023-12-14 17:33:39.678 [info] Getting sessions for user:email...
2023-12-14 17:33:39.678 [info] Got 1 sessions for user:email...
2023-12-14 17:58:39.679 [info] Getting sessions for user:email...
2023-12-14 17:58:39.679 [info] Got 1 sessions for user:email...
2023-12-14 17:58:39.698 [info] Getting sessions for read:user...
2023-12-14 17:58:39.698 [info] Got 0 sessions for read:user...
2023-12-14 17:58:39.699 [info] Getting sessions for user:email...
2023-12-14 17:58:39.699 [info] Got 1 sessions for user:email...
2023-12-14 17:58:40.247 [info] Getting sessions for user:email...
2023-12-14 17:58:40.247 [info] Got 1 sessions for user:email...
2023-12-14 18:23:40.245 [info] Getting sessions for user:email...
2023-12-14 18:23:40.245 [info] Got 1 sessions for user:email...
2023-12-14 18:23:40.249 [info] Getting sessions for read:user...
2023-12-14 18:23:40.249 [info] Got 0 sessions for read:user...
2023-12-14 18:23:40.252 [info] Getting sessions for user:email...
2023-12-14 18:23:40.252 [info] Got 1 sessions for user:email...
2023-12-14 18:23:40.795 [info] Getting sessions for user:email...
2023-12-14 18:23:40.795 [info] Got 1 sessions for user:email...
2023-12-14 18:48:40.757 [info] Getting sessions for read:user...
2023-12-14 18:48:40.758 [info] Got 0 sessions for read:user...
2023-12-14 18:48:40.760 [info] Getting sessions for user:email...
2023-12-14 18:48:40.760 [info] Got 1 sessions for user:email...
2023-12-14 18:48:40.797 [info] Getting sessions for user:email...
2023-12-14 18:48:40.797 [info] Got 1 sessions for user:email...
2023-12-14 18:48:41.441 [info] Getting sessions for user:email...
2023-12-14 18:48:41.441 [info] Got 1 sessions for user:email...
2023-12-14 19:13:41.267 [info] Getting sessions for read:user...
2023-12-14 19:13:41.267 [info] Got 0 sessions for read:user...
2023-12-14 19:13:41.270 [info] Getting sessions for user:email...
2023-12-14 19:13:41.270 [info] Got 1 sessions for user:email...
2023-12-14 19:13:41.441 [info] Getting sessions for user:email...
2023-12-14 19:13:41.441 [info] Got 1 sessions for user:email...
2023-12-14 19:13:41.905 [info] Getting sessions for user:email...
2023-12-14 19:13:41.905 [info] Got 1 sessions for user:email...
2023-12-14 19:38:41.804 [info] Getting sessions for read:user...
2023-12-14 19:38:41.804 [info] Got 0 sessions for read:user...
2023-12-14 19:38:41.807 [info] Getting sessions for user:email...
2023-12-14 19:38:41.807 [info] Got 1 sessions for user:email...
2023-12-14 19:38:41.906 [info] Getting sessions for user:email...
2023-12-14 19:38:41.906 [info] Got 1 sessions for user:email...
2023-12-14 19:38:42.349 [info] Getting sessions for user:email...
2023-12-14 19:38:42.349 [info] Got 1 sessions for user:email...
2023-12-14 20:03:42.348 [info] Getting sessions for read:user...
2023-12-14 20:03:42.348 [info] Got 0 sessions for read:user...
2023-12-14 20:03:42.349 [info] Getting sessions for user:email...
2023-12-14 20:03:42.349 [info] Got 1 sessions for user:email...
2023-12-14 20:03:42.351 [info] Getting sessions for user:email...
2023-12-14 20:03:42.351 [info] Got 1 sessions for user:email...
2023-12-14 20:03:42.827 [info] Getting sessions for user:email...
2023-12-14 20:03:42.827 [info] Got 1 sessions for user:email...
2023-12-14 20:28:42.828 [info] Getting sessions for user:email...
2023-12-14 20:28:42.828 [info] Got 1 sessions for user:email...
2023-12-14 20:28:42.867 [info] Getting sessions for read:user...
2023-12-14 20:28:42.867 [info] Got 0 sessions for read:user...
2023-12-14 20:28:42.870 [info] Getting sessions for user:email...
2023-12-14 20:28:42.870 [info] Got 1 sessions for user:email...
2023-12-14 20:28:43.549 [info] Getting sessions for user:email...
2023-12-14 20:28:43.549 [info] Got 1 sessions for user:email...
2023-12-14 20:53:43.445 [info] Getting sessions for read:user...
2023-12-14 20:53:43.446 [info] Got 0 sessions for read:user...
2023-12-14 20:53:43.448 [info] Getting sessions for user:email...
2023-12-14 20:53:43.448 [info] Got 1 sessions for user:email...
2023-12-14 20:53:43.550 [info] Getting sessions for user:email...
2023-12-14 20:53:43.551 [info] Got 1 sessions for user:email...
2023-12-14 20:53:44.191 [info] Getting sessions for user:email...
2023-12-14 20:53:44.191 [info] Got 1 sessions for user:email...
2023-12-14 21:18:44.001 [info] Getting sessions for read:user...
2023-12-14 21:18:44.001 [info] Got 0 sessions for read:user...
2023-12-14 21:18:44.004 [info] Getting sessions for user:email...
2023-12-14 21:18:44.004 [info] Got 1 sessions for user:email...
2023-12-14 21:18:44.193 [info] Getting sessions for user:email...
2023-12-14 21:18:44.193 [info] Got 1 sessions for user:email...
2023-12-14 21:18:44.814 [info] Getting sessions for user:email...
2023-12-14 21:18:44.814 [info] Got 1 sessions for user:email...
2023-12-14 21:43:44.527 [info] Getting sessions for read:user...
2023-12-14 21:43:44.527 [info] Got 0 sessions for read:user...
2023-12-14 21:43:44.529 [info] Getting sessions for user:email...
2023-12-14 21:43:44.529 [info] Got 1 sessions for user:email...
2023-12-14 21:43:44.816 [info] Getting sessions for user:email...
2023-12-14 21:43:44.816 [info] Got 1 sessions for user:email...
2023-12-14 21:43:45.342 [info] Getting sessions for user:email...
2023-12-14 21:43:45.342 [info] Got 1 sessions for user:email...
2023-12-14 22:08:45.061 [info] Getting sessions for read:user...
2023-12-14 22:08:45.061 [info] Got 0 sessions for read:user...
2023-12-14 22:08:45.063 [info] Getting sessions for user:email...
2023-12-14 22:08:45.063 [info] Got 1 sessions for user:email...
2023-12-14 22:08:45.343 [info] Getting sessions for user:email...
2023-12-14 22:08:45.343 [info] Got 1 sessions for user:email...
2023-12-14 22:08:46.145 [info] Getting sessions for user:email...
2023-12-14 22:08:46.145 [info] Got 1 sessions for user:email...
2023-12-14 22:33:45.767 [info] Getting sessions for read:user...
2023-12-14 22:33:45.767 [info] Got 0 sessions for read:user...
2023-12-14 22:33:45.769 [info] Getting sessions for user:email...
2023-12-14 22:33:45.769 [info] Got 1 sessions for user:email...
2023-12-14 22:33:46.145 [info] Getting sessions for user:email...
2023-12-14 22:33:46.145 [info] Got 1 sessions for user:email...
2023-12-14 22:33:46.775 [info] Getting sessions for user:email...
2023-12-14 22:33:46.775 [info] Got 1 sessions for user:email...
2023-12-14 22:58:46.561 [info] Getting sessions for read:user...
2023-12-14 22:58:46.561 [info] Got 0 sessions for read:user...
2023-12-14 22:58:46.563 [info] Getting sessions for user:email...
2023-12-14 22:58:46.563 [info] Got 1 sessions for user:email...
2023-12-14 22:58:46.775 [info] Getting sessions for user:email...
2023-12-14 22:58:46.775 [info] Got 1 sessions for user:email...
2023-12-14 22:58:47.324 [info] Getting sessions for user:email...
2023-12-14 22:58:47.324 [info] Got 1 sessions for user:email...
2023-12-14 23:23:47.088 [info] Getting sessions for read:user...
2023-12-14 23:23:47.088 [info] Got 0 sessions for read:user...
2023-12-14 23:23:47.091 [info] Getting sessions for user:email...
2023-12-14 23:23:47.091 [info] Got 1 sessions for user:email...
2023-12-14 23:23:47.324 [info] Getting sessions for user:email...
2023-12-14 23:23:47.324 [info] Got 1 sessions for user:email...
2023-12-14 23:23:47.870 [info] Getting sessions for user:email...
2023-12-14 23:23:47.870 [info] Got 1 sessions for user:email...
2023-12-14 23:48:47.639 [info] Getting sessions for read:user...
2023-12-14 23:48:47.639 [info] Got 0 sessions for read:user...
2023-12-14 23:48:47.641 [info] Getting sessions for user:email...
2023-12-14 23:48:47.641 [info] Got 1 sessions for user:email...
2023-12-14 23:48:47.872 [info] Getting sessions for user:email...
2023-12-14 23:48:47.872 [info] Got 1 sessions for user:email...
2023-12-14 23:48:48.491 [info] Getting sessions for user:email...
2023-12-14 23:48:48.491 [info] Got 1 sessions for user:email...
2023-12-15 00:13:48.176 [info] Getting sessions for read:user...
2023-12-15 00:13:48.176 [info] Got 0 sessions for read:user...
2023-12-15 00:13:48.177 [info] Getting sessions for user:email...
2023-12-15 00:13:48.177 [info] Got 1 sessions for user:email...
2023-12-15 00:13:48.491 [info] Getting sessions for user:email...
2023-12-15 00:13:48.491 [info] Got 1 sessions for user:email...
2023-12-15 00:13:49.014 [info] Getting sessions for user:email...
2023-12-15 00:13:49.014 [info] Got 1 sessions for user:email...
2023-12-15 00:38:48.642 [info] Getting sessions for read:user...
2023-12-15 00:38:48.642 [info] Got 0 sessions for read:user...
2023-12-15 00:38:48.642 [info] Getting sessions for user:email...
2023-12-15 00:38:48.642 [info] Got 1 sessions for user:email...
2023-12-15 00:38:49.014 [info] Getting sessions for user:email...
2023-12-15 00:38:49.015 [info] Got 1 sessions for user:email...
2023-12-15 00:38:49.907 [info] Getting sessions for user:email...
2023-12-15 00:38:49.907 [info] Got 1 sessions for user:email...
