2023-12-15 12:32:38.925 [info] Reading sessions from keychain...
2023-12-15 12:32:38.925 [info] Getting sessions for all scopes...
2023-12-15 12:32:38.925 [info] Got stored sessions!
2023-12-15 12:32:38.925 [info] Got 1 verified sessions.
2023-12-15 12:32:38.925 [info] Got 1 sessions for ...
2023-12-15 12:32:38.925 [info] Getting sessions for all scopes...
2023-12-15 12:32:38.925 [info] Got 1 sessions for ...
2023-12-15 12:32:38.925 [info] Getting sessions for read:user,repo,user:email,workflow...
2023-12-15 12:32:38.925 [info] Got 0 sessions for read:user,repo,user:email,workflow...
2023-12-15 12:32:38.925 [info] Getting sessions for read:user...
2023-12-15 12:32:38.925 [info] Got 0 sessions for read:user...
2023-12-15 12:32:38.926 [info] Getting sessions for user:email...
2023-12-15 12:32:38.926 [info] Got 1 sessions for user:email...
2023-12-15 12:32:39.223 [info] Getting sessions for user:email...
2023-12-15 12:32:39.223 [info] Got 1 sessions for user:email...
2023-12-15 12:32:44.741 [info] Getting sessions for user:email...
2023-12-15 12:32:44.741 [info] Got 1 sessions for user:email...
2023-12-15 12:32:44.758 [info] Getting sessions for user:email...
2023-12-15 12:32:44.758 [info] Got 1 sessions for user:email...
2023-12-15 12:57:44.746 [info] Getting sessions for read:user...
2023-12-15 12:57:44.746 [info] Got 0 sessions for read:user...
2023-12-15 12:57:44.746 [info] Getting sessions for user:email...
2023-12-15 12:57:44.746 [info] Got 1 sessions for user:email...
2023-12-15 12:57:44.750 [info] Getting sessions for user:email...
2023-12-15 12:57:44.750 [info] Got 1 sessions for user:email...
2023-12-15 12:57:45.287 [info] Getting sessions for user:email...
2023-12-15 12:57:45.287 [info] Got 1 sessions for user:email...
2023-12-15 13:22:45.310 [info] Getting sessions for read:user...
2023-12-15 13:22:45.310 [info] Got 0 sessions for read:user...
2023-12-15 13:22:45.310 [info] Getting sessions for user:email...
2023-12-15 13:22:45.310 [info] Got 1 sessions for user:email...
2023-12-15 13:22:45.313 [info] Getting sessions for user:email...
2023-12-15 13:22:45.313 [info] Got 1 sessions for user:email...
2023-12-15 13:22:45.801 [info] Getting sessions for user:email...
2023-12-15 13:22:45.801 [info] Got 1 sessions for user:email...
2023-12-15 13:47:45.756 [info] Getting sessions for read:user...
2023-12-15 13:47:45.756 [info] Got 0 sessions for read:user...
2023-12-15 13:47:45.757 [info] Getting sessions for user:email...
2023-12-15 13:47:45.757 [info] Got 1 sessions for user:email...
2023-12-15 13:47:45.801 [info] Getting sessions for user:email...
2023-12-15 13:47:45.801 [info] Got 1 sessions for user:email...
2023-12-15 13:47:46.385 [info] Getting sessions for user:email...
2023-12-15 13:47:46.385 [info] Got 1 sessions for user:email...
2023-12-15 14:12:46.291 [info] Getting sessions for read:user...
2023-12-15 14:12:46.291 [info] Got 0 sessions for read:user...
2023-12-15 14:12:46.294 [info] Getting sessions for user:email...
2023-12-15 14:12:46.294 [info] Got 1 sessions for user:email...
2023-12-15 14:12:46.385 [info] Getting sessions for user:email...
2023-12-15 14:12:46.385 [info] Got 1 sessions for user:email...
2023-12-15 14:12:46.938 [info] Getting sessions for user:email...
2023-12-15 14:12:46.938 [info] Got 1 sessions for user:email...
2023-12-15 14:37:46.756 [info] Getting sessions for read:user...
2023-12-15 14:37:46.756 [info] Got 0 sessions for read:user...
2023-12-15 14:37:46.757 [info] Getting sessions for user:email...
2023-12-15 14:37:46.757 [info] Got 1 sessions for user:email...
2023-12-15 14:37:46.938 [info] Getting sessions for user:email...
2023-12-15 14:37:46.938 [info] Got 1 sessions for user:email...
2023-12-15 14:37:47.486 [info] Getting sessions for user:email...
2023-12-15 14:37:47.486 [info] Got 1 sessions for user:email...
2023-12-15 15:02:47.268 [info] Getting sessions for read:user...
2023-12-15 15:02:47.269 [info] Got 0 sessions for read:user...
2023-12-15 15:02:47.269 [info] Getting sessions for user:email...
2023-12-15 15:02:47.269 [info] Got 1 sessions for user:email...
2023-12-15 15:02:47.486 [info] Getting sessions for user:email...
2023-12-15 15:02:47.486 [info] Got 1 sessions for user:email...
2023-12-15 15:02:48.172 [info] Getting sessions for user:email...
2023-12-15 15:02:48.172 [info] Got 1 sessions for user:email...
2023-12-15 15:27:47.762 [info] Getting sessions for read:user...
2023-12-15 15:27:47.762 [info] Got 0 sessions for read:user...
2023-12-15 15:27:47.765 [info] Getting sessions for user:email...
2023-12-15 15:27:47.765 [info] Got 1 sessions for user:email...
2023-12-15 15:27:48.175 [info] Getting sessions for user:email...
2023-12-15 15:27:48.175 [info] Got 1 sessions for user:email...
2023-12-15 15:27:48.632 [info] Getting sessions for user:email...
2023-12-15 15:27:48.632 [info] Got 1 sessions for user:email...
2023-12-15 15:52:48.190 [info] Getting sessions for read:user...
2023-12-15 15:52:48.190 [info] Got 0 sessions for read:user...
2023-12-15 15:52:48.193 [info] Getting sessions for user:email...
2023-12-15 15:52:48.193 [info] Got 1 sessions for user:email...
2023-12-15 15:52:48.634 [info] Getting sessions for user:email...
2023-12-15 15:52:48.634 [info] Got 1 sessions for user:email...
2023-12-15 15:52:49.196 [info] Getting sessions for user:email...
2023-12-15 15:52:49.196 [info] Got 1 sessions for user:email...
2023-12-15 16:17:48.796 [info] Getting sessions for read:user...
2023-12-15 16:17:48.796 [info] Got 0 sessions for read:user...
2023-12-15 16:17:48.799 [info] Getting sessions for user:email...
2023-12-15 16:17:48.799 [info] Got 1 sessions for user:email...
2023-12-15 16:17:49.198 [info] Getting sessions for user:email...
2023-12-15 16:17:49.198 [info] Got 1 sessions for user:email...
2023-12-15 16:17:50.727 [info] Getting sessions for user:email...
2023-12-15 16:17:50.727 [info] Got 1 sessions for user:email...
2023-12-15 16:42:49.259 [info] Getting sessions for read:user...
2023-12-15 16:42:49.259 [info] Got 0 sessions for read:user...
2023-12-15 16:42:49.260 [info] Getting sessions for user:email...
2023-12-15 16:42:49.260 [info] Got 1 sessions for user:email...
2023-12-15 16:42:50.728 [info] Getting sessions for user:email...
2023-12-15 16:42:50.728 [info] Got 1 sessions for user:email...
2023-12-15 16:42:51.269 [info] Getting sessions for user:email...
2023-12-15 16:42:51.269 [info] Got 1 sessions for user:email...
2023-12-15 17:07:49.866 [info] Getting sessions for read:user...
2023-12-15 17:07:49.866 [info] Got 0 sessions for read:user...
2023-12-15 17:07:49.869 [info] Getting sessions for user:email...
2023-12-15 17:07:49.869 [info] Got 1 sessions for user:email...
2023-12-15 17:07:51.269 [info] Getting sessions for user:email...
2023-12-15 17:07:51.270 [info] Got 1 sessions for user:email...
2023-12-15 17:07:51.856 [info] Getting sessions for user:email...
2023-12-15 17:07:51.856 [info] Got 1 sessions for user:email...
2023-12-15 17:32:50.328 [info] Getting sessions for read:user...
2023-12-15 17:32:50.328 [info] Got 0 sessions for read:user...
2023-12-15 17:32:50.330 [info] Getting sessions for user:email...
2023-12-15 17:32:50.330 [info] Got 1 sessions for user:email...
2023-12-15 17:32:51.857 [info] Getting sessions for user:email...
2023-12-15 17:32:51.857 [info] Got 1 sessions for user:email...
2023-12-15 17:32:52.375 [info] Getting sessions for user:email...
2023-12-15 17:32:52.375 [info] Got 1 sessions for user:email...
2023-12-15 17:57:51.024 [info] Getting sessions for read:user...
2023-12-15 17:57:51.024 [info] Got 0 sessions for read:user...
2023-12-15 17:57:51.027 [info] Getting sessions for user:email...
2023-12-15 17:57:51.027 [info] Got 1 sessions for user:email...
2023-12-15 17:57:52.377 [info] Getting sessions for user:email...
2023-12-15 17:57:52.377 [info] Got 1 sessions for user:email...
2023-12-15 17:57:52.892 [info] Getting sessions for user:email...
2023-12-15 17:57:52.892 [info] Got 1 sessions for user:email...
2023-12-15 18:22:51.671 [info] Getting sessions for read:user...
2023-12-15 18:22:51.671 [info] Got 0 sessions for read:user...
2023-12-15 18:22:51.674 [info] Getting sessions for user:email...
2023-12-15 18:22:51.674 [info] Got 1 sessions for user:email...
2023-12-15 18:22:52.893 [info] Getting sessions for user:email...
2023-12-15 18:22:52.893 [info] Got 1 sessions for user:email...
2023-12-15 18:22:53.351 [info] Getting sessions for user:email...
2023-12-15 18:22:53.351 [info] Got 1 sessions for user:email...
2023-12-15 18:47:52.254 [info] Getting sessions for read:user...
2023-12-15 18:47:52.254 [info] Got 0 sessions for read:user...
2023-12-15 18:47:52.257 [info] Getting sessions for user:email...
2023-12-15 18:47:52.257 [info] Got 1 sessions for user:email...
2023-12-15 18:47:53.353 [info] Getting sessions for user:email...
2023-12-15 18:47:53.353 [info] Got 1 sessions for user:email...
2023-12-15 18:47:53.950 [info] Getting sessions for user:email...
2023-12-15 18:47:53.950 [info] Got 1 sessions for user:email...
2023-12-15 19:12:52.828 [info] Getting sessions for read:user...
2023-12-15 19:12:52.828 [info] Got 0 sessions for read:user...
2023-12-15 19:12:52.829 [info] Getting sessions for user:email...
2023-12-15 19:12:52.829 [info] Got 1 sessions for user:email...
2023-12-15 19:12:53.951 [info] Getting sessions for user:email...
2023-12-15 19:12:53.951 [info] Got 1 sessions for user:email...
2023-12-15 19:12:54.502 [info] Getting sessions for user:email...
2023-12-15 19:12:54.502 [info] Got 1 sessions for user:email...
2023-12-15 19:37:53.323 [info] Getting sessions for read:user...
2023-12-15 19:37:53.323 [info] Got 0 sessions for read:user...
2023-12-15 19:37:53.326 [info] Getting sessions for user:email...
2023-12-15 19:37:53.326 [info] Got 1 sessions for user:email...
2023-12-15 19:37:54.504 [info] Getting sessions for user:email...
2023-12-15 19:37:54.504 [info] Got 1 sessions for user:email...
2023-12-15 19:37:55.049 [info] Getting sessions for user:email...
2023-12-15 19:37:55.049 [info] Got 1 sessions for user:email...
2023-12-15 20:02:53.847 [info] Getting sessions for read:user...
2023-12-15 20:02:53.847 [info] Got 0 sessions for read:user...
2023-12-15 20:02:53.851 [info] Getting sessions for user:email...
2023-12-15 20:02:53.851 [info] Got 1 sessions for user:email...
2023-12-15 20:02:55.051 [info] Getting sessions for user:email...
2023-12-15 20:02:55.051 [info] Got 1 sessions for user:email...
2023-12-15 20:02:55.578 [info] Getting sessions for user:email...
2023-12-15 20:02:55.578 [info] Got 1 sessions for user:email...
2023-12-15 20:27:54.449 [info] Getting sessions for read:user...
2023-12-15 20:27:54.449 [info] Got 0 sessions for read:user...
2023-12-15 20:27:54.452 [info] Getting sessions for user:email...
2023-12-15 20:27:54.452 [info] Got 1 sessions for user:email...
2023-12-15 20:27:55.580 [info] Getting sessions for user:email...
2023-12-15 20:27:55.580 [info] Got 1 sessions for user:email...
2023-12-15 20:27:56.210 [info] Getting sessions for user:email...
2023-12-15 20:27:56.210 [info] Got 1 sessions for user:email...
2023-12-15 20:52:54.969 [info] Getting sessions for read:user...
2023-12-15 20:52:54.969 [info] Got 0 sessions for read:user...
2023-12-15 20:52:54.972 [info] Getting sessions for user:email...
2023-12-15 20:52:54.972 [info] Got 1 sessions for user:email...
2023-12-15 20:52:56.213 [info] Getting sessions for user:email...
2023-12-15 20:52:56.213 [info] Got 1 sessions for user:email...
2023-12-15 20:52:56.804 [info] Getting sessions for user:email...
2023-12-15 20:52:56.804 [info] Got 1 sessions for user:email...
2023-12-15 21:17:55.504 [info] Getting sessions for read:user...
2023-12-15 21:17:55.504 [info] Got 0 sessions for read:user...
2023-12-15 21:17:55.507 [info] Getting sessions for user:email...
2023-12-15 21:17:55.507 [info] Got 1 sessions for user:email...
2023-12-15 21:17:56.805 [info] Getting sessions for user:email...
2023-12-15 21:17:56.805 [info] Got 1 sessions for user:email...
2023-12-15 21:17:57.519 [info] Getting sessions for user:email...
2023-12-15 21:17:57.519 [info] Got 1 sessions for user:email...
2023-12-15 21:42:56.002 [info] Getting sessions for read:user...
2023-12-15 21:42:56.002 [info] Got 0 sessions for read:user...
2023-12-15 21:42:56.005 [info] Getting sessions for user:email...
2023-12-15 21:42:56.005 [info] Got 1 sessions for user:email...
2023-12-15 21:42:57.521 [info] Getting sessions for user:email...
2023-12-15 21:42:57.521 [info] Got 1 sessions for user:email...
2023-12-15 21:42:58.045 [info] Getting sessions for user:email...
2023-12-15 21:42:58.045 [info] Got 1 sessions for user:email...
2023-12-15 22:07:56.503 [info] Getting sessions for read:user...
2023-12-15 22:07:56.503 [info] Got 0 sessions for read:user...
2023-12-15 22:07:56.506 [info] Getting sessions for user:email...
2023-12-15 22:07:56.506 [info] Got 1 sessions for user:email...
2023-12-15 22:07:58.047 [info] Getting sessions for user:email...
2023-12-15 22:07:58.047 [info] Got 1 sessions for user:email...
2023-12-15 22:07:58.673 [info] Getting sessions for user:email...
2023-12-15 22:07:58.673 [info] Got 1 sessions for user:email...
2023-12-15 22:32:56.985 [info] Getting sessions for read:user...
2023-12-15 22:32:56.985 [info] Got 0 sessions for read:user...
2023-12-15 22:32:56.988 [info] Getting sessions for user:email...
2023-12-15 22:32:56.988 [info] Got 1 sessions for user:email...
2023-12-15 22:32:58.675 [info] Getting sessions for user:email...
2023-12-15 22:32:58.675 [info] Got 1 sessions for user:email...
2023-12-15 22:32:59.275 [info] Getting sessions for user:email...
2023-12-15 22:32:59.276 [info] Got 1 sessions for user:email...
2023-12-15 22:57:57.838 [info] Getting sessions for read:user...
2023-12-15 22:57:57.838 [info] Got 0 sessions for read:user...
2023-12-15 22:57:57.841 [info] Getting sessions for user:email...
2023-12-15 22:57:57.841 [info] Got 1 sessions for user:email...
2023-12-15 22:57:59.277 [info] Getting sessions for user:email...
2023-12-15 22:57:59.277 [info] Got 1 sessions for user:email...
2023-12-15 22:57:59.772 [info] Getting sessions for user:email...
2023-12-15 22:57:59.772 [info] Got 1 sessions for user:email...
2023-12-15 23:22:58.343 [info] Getting sessions for read:user...
2023-12-15 23:22:58.343 [info] Got 0 sessions for read:user...
2023-12-15 23:22:58.344 [info] Getting sessions for user:email...
2023-12-15 23:22:58.344 [info] Got 1 sessions for user:email...
2023-12-15 23:22:59.774 [info] Getting sessions for user:email...
2023-12-15 23:22:59.774 [info] Got 1 sessions for user:email...
2023-12-15 23:23:00.259 [info] Getting sessions for user:email...
2023-12-15 23:23:00.259 [info] Got 1 sessions for user:email...
2023-12-15 23:47:58.924 [info] Getting sessions for read:user...
2023-12-15 23:47:58.924 [info] Got 0 sessions for read:user...
2023-12-15 23:47:58.927 [info] Getting sessions for user:email...
2023-12-15 23:47:58.927 [info] Got 1 sessions for user:email...
2023-12-15 23:48:00.260 [info] Getting sessions for user:email...
2023-12-15 23:48:00.260 [info] Got 1 sessions for user:email...
2023-12-15 23:48:00.711 [info] Getting sessions for user:email...
2023-12-15 23:48:00.711 [info] Got 1 sessions for user:email...
2023-12-16 00:12:59.524 [info] Getting sessions for read:user...
2023-12-16 00:12:59.524 [info] Got 0 sessions for read:user...
2023-12-16 00:12:59.525 [info] Getting sessions for user:email...
2023-12-16 00:12:59.525 [info] Got 1 sessions for user:email...
2023-12-16 00:13:00.711 [info] Getting sessions for user:email...
2023-12-16 00:13:00.712 [info] Got 1 sessions for user:email...
2023-12-16 00:13:01.319 [info] Getting sessions for user:email...
2023-12-16 00:13:01.319 [info] Got 1 sessions for user:email...
2023-12-16 00:38:00.303 [info] Getting sessions for read:user...
2023-12-16 00:38:00.303 [info] Got 0 sessions for read:user...
2023-12-16 00:38:00.304 [info] Getting sessions for user:email...
2023-12-16 00:38:00.304 [info] Got 1 sessions for user:email...
2023-12-16 00:38:01.320 [info] Getting sessions for user:email...
2023-12-16 00:38:01.320 [info] Got 1 sessions for user:email...
2023-12-16 00:38:01.766 [info] Getting sessions for user:email...
2023-12-16 00:38:01.766 [info] Got 1 sessions for user:email...
2023-12-16 01:03:01.607 [info] Getting sessions for read:user...
2023-12-16 01:03:01.607 [info] Got 0 sessions for read:user...
2023-12-16 01:03:01.609 [info] Getting sessions for user:email...
2023-12-16 01:03:01.609 [info] Got 1 sessions for user:email...
2023-12-16 01:03:01.769 [info] Getting sessions for user:email...
2023-12-16 01:03:01.769 [info] Got 1 sessions for user:email...
2023-12-16 01:03:04.330 [info] Getting sessions for user:email...
2023-12-16 01:03:04.330 [info] Got 1 sessions for user:email...
2023-12-16 01:28:02.371 [info] Getting sessions for read:user...
2023-12-16 01:28:02.371 [info] Got 0 sessions for read:user...
2023-12-16 01:28:02.372 [info] Getting sessions for user:email...
2023-12-16 01:28:02.372 [info] Got 1 sessions for user:email...
2023-12-16 01:28:04.331 [info] Getting sessions for user:email...
2023-12-16 01:28:04.331 [info] Got 1 sessions for user:email...
2023-12-16 01:28:04.863 [info] Getting sessions for user:email...
2023-12-16 01:28:04.863 [info] Got 1 sessions for user:email...
2023-12-16 01:53:03.051 [info] Getting sessions for read:user...
2023-12-16 01:53:03.051 [info] Got 0 sessions for read:user...
2023-12-16 01:53:03.052 [info] Getting sessions for user:email...
2023-12-16 01:53:03.052 [info] Got 1 sessions for user:email...
2023-12-16 01:53:04.865 [info] Getting sessions for user:email...
2023-12-16 01:53:04.865 [info] Got 1 sessions for user:email...
2023-12-16 01:53:05.359 [info] Getting sessions for user:email...
2023-12-16 01:53:05.359 [info] Got 1 sessions for user:email...
2023-12-16 02:18:03.558 [info] Getting sessions for read:user...
2023-12-16 02:18:03.558 [info] Got 0 sessions for read:user...
2023-12-16 02:18:03.559 [info] Getting sessions for user:email...
2023-12-16 02:18:03.559 [info] Got 1 sessions for user:email...
2023-12-16 02:18:05.359 [info] Getting sessions for user:email...
2023-12-16 02:18:05.359 [info] Got 1 sessions for user:email...
2023-12-16 02:18:05.840 [info] Getting sessions for user:email...
2023-12-16 02:18:05.840 [info] Got 1 sessions for user:email...
2023-12-16 02:43:04.048 [info] Getting sessions for read:user...
2023-12-16 02:43:04.049 [info] Got 0 sessions for read:user...
2023-12-16 02:43:04.049 [info] Getting sessions for user:email...
2023-12-16 02:43:04.049 [info] Got 1 sessions for user:email...
2023-12-16 02:43:05.841 [info] Getting sessions for user:email...
2023-12-16 02:43:05.842 [info] Got 1 sessions for user:email...
2023-12-16 02:43:06.360 [info] Getting sessions for user:email...
2023-12-16 02:43:06.360 [info] Got 1 sessions for user:email...
