2023-12-13 12:27:57.238 [info] Reading sessions from keychain...
2023-12-13 12:27:57.238 [info] Getting sessions for all scopes...
2023-12-13 12:27:57.238 [info] Got stored sessions!
2023-12-13 12:27:57.238 [info] Got 1 verified sessions.
2023-12-13 12:27:57.238 [info] Got 1 sessions for ...
2023-12-13 12:27:57.238 [info] Getting sessions for all scopes...
2023-12-13 12:27:57.238 [info] Got 1 sessions for ...
2023-12-13 12:27:57.238 [info] Getting sessions for read:user,repo,user:email,workflow...
2023-12-13 12:27:57.238 [info] Got 0 sessions for read:user,repo,user:email,workflow...
2023-12-13 12:27:57.238 [info] Getting sessions for read:user...
2023-12-13 12:27:57.238 [info] Got 0 sessions for read:user...
2023-12-13 12:27:57.238 [info] Getting sessions for user:email...
2023-12-13 12:27:57.238 [info] Got 1 sessions for user:email...
2023-12-13 12:27:57.558 [info] Getting sessions for user:email...
2023-12-13 12:27:57.558 [info] Got 1 sessions for user:email...
2023-12-13 12:27:58.162 [info] Getting sessions for user:email...
2023-12-13 12:27:58.162 [info] Got 1 sessions for user:email...
2023-12-13 12:27:58.176 [info] Getting sessions for user:email...
2023-12-13 12:27:58.176 [info] Got 1 sessions for user:email...
2023-12-13 12:52:57.715 [info] Getting sessions for read:user...
2023-12-13 12:52:57.715 [info] Got 0 sessions for read:user...
2023-12-13 12:52:57.716 [info] Getting sessions for user:email...
2023-12-13 12:52:57.716 [info] Got 1 sessions for user:email...
2023-12-13 12:52:58.159 [info] Getting sessions for user:email...
2023-12-13 12:52:58.159 [info] Got 1 sessions for user:email...
2023-12-13 12:52:58.654 [info] Getting sessions for user:email...
2023-12-13 12:52:58.654 [info] Got 1 sessions for user:email...
2023-12-13 13:17:58.436 [info] Getting sessions for read:user...
2023-12-13 13:17:58.437 [info] Got 0 sessions for read:user...
2023-12-13 13:17:58.440 [info] Getting sessions for user:email...
2023-12-13 13:17:58.440 [info] Got 1 sessions for user:email...
2023-12-13 13:17:58.656 [info] Getting sessions for user:email...
2023-12-13 13:17:58.656 [info] Got 1 sessions for user:email...
2023-12-13 13:17:59.160 [info] Getting sessions for user:email...
2023-12-13 13:17:59.160 [info] Got 1 sessions for user:email...
2023-12-13 13:42:59.009 [info] Getting sessions for read:user...
2023-12-13 13:42:59.009 [info] Got 0 sessions for read:user...
2023-12-13 13:42:59.010 [info] Getting sessions for user:email...
2023-12-13 13:42:59.010 [info] Got 1 sessions for user:email...
2023-12-13 13:42:59.163 [info] Getting sessions for user:email...
2023-12-13 13:42:59.164 [info] Got 1 sessions for user:email...
2023-12-13 13:42:59.704 [info] Getting sessions for user:email...
2023-12-13 13:42:59.704 [info] Got 1 sessions for user:email...
2023-12-13 14:07:59.734 [info] Getting sessions for read:user...
2023-12-13 14:07:59.734 [info] Got 0 sessions for read:user...
2023-12-13 14:07:59.734 [info] Getting sessions for user:email...
2023-12-13 14:07:59.734 [info] Got 1 sessions for user:email...
2023-12-13 14:07:59.737 [info] Getting sessions for user:email...
2023-12-13 14:07:59.737 [info] Got 1 sessions for user:email...
2023-12-13 14:08:00.219 [info] Getting sessions for user:email...
2023-12-13 14:08:00.219 [info] Got 1 sessions for user:email...
2023-12-13 14:33:00.203 [info] Getting sessions for read:user...
2023-12-13 14:33:00.203 [info] Got 0 sessions for read:user...
2023-12-13 14:33:00.204 [info] Getting sessions for user:email...
2023-12-13 14:33:00.204 [info] Got 1 sessions for user:email...
2023-12-13 14:33:00.217 [info] Getting sessions for user:email...
2023-12-13 14:33:00.217 [info] Got 1 sessions for user:email...
2023-12-13 14:33:00.920 [info] Getting sessions for user:email...
2023-12-13 14:33:00.920 [info] Got 1 sessions for user:email...
2023-12-13 14:58:00.843 [info] Getting sessions for read:user...
2023-12-13 14:58:00.844 [info] Got 0 sessions for read:user...
2023-12-13 14:58:00.847 [info] Getting sessions for user:email...
2023-12-13 14:58:00.847 [info] Got 1 sessions for user:email...
2023-12-13 14:58:00.916 [info] Getting sessions for user:email...
2023-12-13 14:58:00.916 [info] Got 1 sessions for user:email...
2023-12-13 14:58:01.404 [info] Getting sessions for user:email...
2023-12-13 14:58:01.405 [info] Got 1 sessions for user:email...
2023-12-13 15:23:01.336 [info] Getting sessions for read:user...
2023-12-13 15:23:01.336 [info] Got 0 sessions for read:user...
2023-12-13 15:23:01.337 [info] Getting sessions for user:email...
2023-12-13 15:23:01.337 [info] Got 1 sessions for user:email...
2023-12-13 15:23:01.404 [info] Getting sessions for user:email...
2023-12-13 15:23:01.404 [info] Got 1 sessions for user:email...
2023-12-13 15:23:01.903 [info] Getting sessions for user:email...
2023-12-13 15:23:01.903 [info] Got 1 sessions for user:email...
2023-12-13 15:48:01.907 [info] Getting sessions for user:email...
2023-12-13 15:48:01.907 [info] Got 1 sessions for user:email...
2023-12-13 15:48:02.000 [info] Getting sessions for read:user...
2023-12-13 15:48:02.000 [info] Got 0 sessions for read:user...
2023-12-13 15:48:02.004 [info] Getting sessions for user:email...
2023-12-13 15:48:02.004 [info] Got 1 sessions for user:email...
2023-12-13 15:48:03.528 [info] Getting sessions for user:email...
2023-12-13 15:48:03.528 [info] Got 1 sessions for user:email...
2023-12-13 16:13:03.497 [info] Getting sessions for read:user...
2023-12-13 16:13:03.498 [info] Got 0 sessions for read:user...
2023-12-13 16:13:03.501 [info] Getting sessions for user:email...
2023-12-13 16:13:03.501 [info] Got 1 sessions for user:email...
2023-12-13 16:13:03.530 [info] Getting sessions for user:email...
2023-12-13 16:13:03.530 [info] Got 1 sessions for user:email...
2023-12-13 16:13:04.061 [info] Getting sessions for user:email...
2023-12-13 16:13:04.062 [info] Got 1 sessions for user:email...
2023-12-13 16:38:04.065 [info] Getting sessions for user:email...
2023-12-13 16:38:04.065 [info] Got 1 sessions for user:email...
2023-12-13 16:38:04.081 [info] Getting sessions for read:user...
2023-12-13 16:38:04.081 [info] Got 0 sessions for read:user...
2023-12-13 16:38:04.083 [info] Getting sessions for user:email...
2023-12-13 16:38:04.083 [info] Got 1 sessions for user:email...
2023-12-13 16:38:04.767 [info] Getting sessions for user:email...
2023-12-13 16:38:04.767 [info] Got 1 sessions for user:email...
2023-12-13 17:03:04.756 [info] Getting sessions for read:user...
2023-12-13 17:03:04.756 [info] Got 0 sessions for read:user...
2023-12-13 17:03:04.757 [info] Getting sessions for user:email...
2023-12-13 17:03:04.757 [info] Got 1 sessions for user:email...
2023-12-13 17:03:04.767 [info] Getting sessions for user:email...
2023-12-13 17:03:04.767 [info] Got 1 sessions for user:email...
2023-12-13 17:03:05.312 [info] Getting sessions for user:email...
2023-12-13 17:03:05.312 [info] Got 1 sessions for user:email...
2023-12-13 17:28:05.237 [info] Getting sessions for read:user...
2023-12-13 17:28:05.237 [info] Got 0 sessions for read:user...
2023-12-13 17:28:05.238 [info] Getting sessions for user:email...
2023-12-13 17:28:05.238 [info] Got 1 sessions for user:email...
2023-12-13 17:28:05.313 [info] Getting sessions for user:email...
2023-12-13 17:28:05.313 [info] Got 1 sessions for user:email...
2023-12-13 17:28:05.762 [info] Getting sessions for user:email...
2023-12-13 17:28:05.762 [info] Got 1 sessions for user:email...
2023-12-13 17:53:05.764 [info] Getting sessions for read:user...
2023-12-13 17:53:05.764 [info] Got 0 sessions for read:user...
2023-12-13 17:53:05.764 [info] Getting sessions for user:email...
2023-12-13 17:53:05.764 [info] Got 1 sessions for user:email...
2023-12-13 17:53:05.766 [info] Getting sessions for user:email...
2023-12-13 17:53:05.766 [info] Got 1 sessions for user:email...
2023-12-13 17:53:06.248 [info] Getting sessions for user:email...
2023-12-13 17:53:06.248 [info] Got 1 sessions for user:email...
