2023-12-16 21:46:14.257 [info] Reading sessions from keychain...
2023-12-16 21:46:14.257 [info] Getting sessions for all scopes...
2023-12-16 21:46:14.257 [info] Getting sessions for all scopes...
2023-12-16 21:46:14.257 [info] Got stored sessions!
2023-12-16 21:46:14.257 [info] Got 1 verified sessions.
2023-12-16 21:46:14.257 [info] Got 1 sessions for ...
2023-12-16 21:46:14.257 [info] Got 1 sessions for ...
2023-12-16 21:46:14.257 [info] Getting sessions for read:user...
2023-12-16 21:46:14.257 [info] Got 0 sessions for read:user...
2023-12-16 21:46:14.264 [info] Getting sessions for user:email...
2023-12-16 21:46:14.264 [info] Got 1 sessions for user:email...
2023-12-16 21:46:14.332 [info] Getting sessions for read:user,repo,user:email,workflow...
2023-12-16 21:46:14.332 [info] Got 0 sessions for read:user,repo,user:email,workflow...
2023-12-16 21:46:14.627 [info] Getting sessions for user:email...
2023-12-16 21:46:14.627 [info] Got 1 sessions for user:email...
2023-12-16 21:46:15.177 [info] Getting sessions for user:email...
2023-12-16 21:46:15.177 [info] Got 1 sessions for user:email...
2023-12-16 21:46:15.189 [info] Getting sessions for user:email...
2023-12-16 21:46:15.189 [info] Got 1 sessions for user:email...
2023-12-16 22:11:14.860 [info] Getting sessions for read:user...
2023-12-16 22:11:14.860 [info] Got 0 sessions for read:user...
2023-12-16 22:11:14.861 [info] Getting sessions for user:email...
2023-12-16 22:11:14.861 [info] Got 1 sessions for user:email...
2023-12-16 22:11:15.178 [info] Getting sessions for user:email...
2023-12-16 22:11:15.178 [info] Got 1 sessions for user:email...
2023-12-16 22:11:16.102 [info] Getting sessions for user:email...
2023-12-16 22:11:16.102 [info] Got 1 sessions for user:email...
2023-12-16 22:36:15.430 [info] Getting sessions for read:user...
2023-12-16 22:36:15.430 [info] Got 0 sessions for read:user...
2023-12-16 22:36:15.433 [info] Getting sessions for user:email...
2023-12-16 22:36:15.433 [info] Got 1 sessions for user:email...
2023-12-16 22:36:16.104 [info] Getting sessions for user:email...
2023-12-16 22:36:16.104 [info] Got 1 sessions for user:email...
2023-12-16 22:36:16.648 [info] Getting sessions for user:email...
2023-12-16 22:36:16.649 [info] Got 1 sessions for user:email...
2023-12-16 23:01:15.987 [info] Getting sessions for read:user...
2023-12-16 23:01:15.987 [info] Got 0 sessions for read:user...
2023-12-16 23:01:15.990 [info] Getting sessions for user:email...
2023-12-16 23:01:15.991 [info] Got 1 sessions for user:email...
2023-12-16 23:01:16.650 [info] Getting sessions for user:email...
2023-12-16 23:01:16.650 [info] Got 1 sessions for user:email...
2023-12-16 23:01:17.181 [info] Getting sessions for user:email...
2023-12-16 23:01:17.181 [info] Got 1 sessions for user:email...
2023-12-16 23:26:16.543 [info] Getting sessions for read:user...
2023-12-16 23:26:16.543 [info] Got 0 sessions for read:user...
2023-12-16 23:26:16.546 [info] Getting sessions for user:email...
2023-12-16 23:26:16.546 [info] Got 1 sessions for user:email...
2023-12-16 23:26:17.182 [info] Getting sessions for user:email...
2023-12-16 23:26:17.182 [info] Got 1 sessions for user:email...
2023-12-16 23:26:17.873 [info] Getting sessions for user:email...
2023-12-16 23:26:17.873 [info] Got 1 sessions for user:email...
2023-12-16 23:51:17.157 [info] Getting sessions for read:user...
2023-12-16 23:51:17.157 [info] Got 0 sessions for read:user...
2023-12-16 23:51:17.160 [info] Getting sessions for user:email...
2023-12-16 23:51:17.161 [info] Got 1 sessions for user:email...
2023-12-16 23:51:17.875 [info] Getting sessions for user:email...
2023-12-16 23:51:17.875 [info] Got 1 sessions for user:email...
2023-12-16 23:51:18.316 [info] Getting sessions for user:email...
2023-12-16 23:51:18.317 [info] Got 1 sessions for user:email...
2023-12-17 00:16:17.717 [info] Getting sessions for read:user...
2023-12-17 00:16:17.717 [info] Got 0 sessions for read:user...
2023-12-17 00:16:17.720 [info] Getting sessions for user:email...
2023-12-17 00:16:17.720 [info] Got 1 sessions for user:email...
2023-12-17 00:16:18.316 [info] Getting sessions for user:email...
2023-12-17 00:16:18.316 [info] Got 1 sessions for user:email...
2023-12-17 00:16:18.750 [info] Getting sessions for user:email...
2023-12-17 00:16:18.750 [info] Got 1 sessions for user:email...
2023-12-17 00:41:18.339 [info] Getting sessions for read:user...
2023-12-17 00:41:18.339 [info] Got 0 sessions for read:user...
2023-12-17 00:41:18.342 [info] Getting sessions for user:email...
2023-12-17 00:41:18.342 [info] Got 1 sessions for user:email...
2023-12-17 00:41:18.752 [info] Getting sessions for user:email...
2023-12-17 00:41:18.752 [info] Got 1 sessions for user:email...
2023-12-17 00:41:19.204 [info] Getting sessions for user:email...
2023-12-17 00:41:19.204 [info] Got 1 sessions for user:email...
2023-12-17 01:06:18.896 [info] Getting sessions for read:user...
2023-12-17 01:06:18.896 [info] Got 0 sessions for read:user...
2023-12-17 01:06:18.899 [info] Getting sessions for user:email...
2023-12-17 01:06:18.899 [info] Got 1 sessions for user:email...
2023-12-17 01:06:19.206 [info] Getting sessions for user:email...
2023-12-17 01:06:19.206 [info] Got 1 sessions for user:email...
2023-12-17 01:06:19.650 [info] Getting sessions for user:email...
2023-12-17 01:06:19.650 [info] Got 1 sessions for user:email...
2023-12-17 01:31:19.468 [info] Getting sessions for read:user...
2023-12-17 01:31:19.468 [info] Got 0 sessions for read:user...
2023-12-17 01:31:19.472 [info] Getting sessions for user:email...
2023-12-17 01:31:19.472 [info] Got 1 sessions for user:email...
2023-12-17 01:31:19.652 [info] Getting sessions for user:email...
2023-12-17 01:31:19.652 [info] Got 1 sessions for user:email...
2023-12-17 01:31:20.196 [info] Getting sessions for user:email...
2023-12-17 01:31:20.196 [info] Got 1 sessions for user:email...
