2023-12-15 12:32:38.100 [info] Log level: Info
2023-12-15 12:32:38.100 [info] Validating found git in: "git"
2023-12-15 12:32:38.100 [info] Using git "2.25.1" from "git"
2023-12-15 12:32:38.100 [info] > git rev-parse --show-toplevel [2ms]
2023-12-15 12:32:38.100 [info] > git rev-parse --git-dir --git-common-dir [1ms]
2023-12-15 12:32:38.100 [info] Open repository: /home/ikbal/repos/resortApp
2023-12-15 12:32:38.100 [info] > git rev-parse --show-toplevel [2ms]
2023-12-15 12:32:38.100 [info] > git config --get commit.template [5ms]
2023-12-15 12:32:38.104 [info] > git rev-parse --show-toplevel [5ms]
2023-12-15 12:32:38.110 [info] > git rev-parse --show-toplevel [3ms]
2023-12-15 12:32:38.113 [info] > git for-each-ref --format=%(refname)%00%(upstream:short)%00%(objectname)%00%(upstream:track)%00%(upstream:remotename)%00%(upstream:remoteref) refs/heads/main refs/remotes/main [10ms]
2023-12-15 12:32:38.117 [warning] ENOENT: no such file or directory, open '/home/ikbal/repos/resortApp/.git/refs/remotes/origin/main'
2023-12-15 12:32:38.118 [info] > git rev-parse refs/remotes/origin/main [1ms]
2023-12-15 12:32:38.423 [info] > git status -z -uall [301ms]
2023-12-15 12:32:38.841 [info] > git check-ignore -v -z --stdin [10ms]
2023-12-15 12:32:38.842 [info] > git config --get commit.template [6ms]
2023-12-15 12:32:38.884 [info] > git show --textconv :frontend/src/components/styleguide/searchbar/location-date-search.scss [38ms]
2023-12-15 12:32:38.884 [info] > git ls-files --stage -- /home/ikbal/repos/resortApp/frontend/src/components/styleguide/searchbar/location-date-search.scss [34ms]
2023-12-15 12:32:38.902 [info] > git for-each-ref --format=%(refname)%00%(upstream:short)%00%(objectname)%00%(upstream:track)%00%(upstream:remotename)%00%(upstream:remoteref) refs/heads/main refs/remotes/main [12ms]
2023-12-15 12:32:38.920 [warning] ENOENT: no such file or directory, open '/home/ikbal/repos/resortApp/.git/refs/remotes/origin/main'
2023-12-15 12:32:38.921 [info] > git rev-parse refs/remotes/origin/main [2ms]
2023-12-15 12:32:38.957 [info] > git status -z -uall [33ms]
2023-12-15 12:33:35.740 [info] > git config --get commit.template [1ms]
2023-12-15 12:33:35.745 [info] > git for-each-ref --format=%(refname)%00%(upstream:short)%00%(objectname)%00%(upstream:track)%00%(upstream:remotename)%00%(upstream:remoteref) refs/heads/main refs/remotes/main [1ms]
2023-12-15 12:33:35.748 [warning] ENOENT: no such file or directory, open '/home/ikbal/repos/resortApp/.git/refs/remotes/origin/main'
2023-12-15 12:33:35.749 [info] > git rev-parse refs/remotes/origin/main [1ms]
2023-12-15 12:33:35.756 [info] > git status -z -uall [5ms]
2023-12-15 12:34:23.674 [info] > git show --textconv :frontend/src/components/styleguide/searchbar/location-date-search/index.jsx [6ms]
2023-12-15 12:34:23.675 [info] > git ls-files --stage -- /home/ikbal/repos/resortApp/frontend/src/components/styleguide/searchbar/location-date-search/index.jsx [2ms]
2023-12-15 12:34:38.704 [info] > git config --get commit.template [1ms]
2023-12-15 12:34:38.709 [info] > git for-each-ref --format=%(refname)%00%(upstream:short)%00%(objectname)%00%(upstream:track)%00%(upstream:remotename)%00%(upstream:remoteref) refs/heads/main refs/remotes/main [1ms]
2023-12-15 12:34:38.713 [warning] ENOENT: no such file or directory, open '/home/ikbal/repos/resortApp/.git/refs/remotes/origin/main'
2023-12-15 12:34:38.713 [info] > git rev-parse refs/remotes/origin/main [1ms]
2023-12-15 12:34:38.721 [info] > git status -z -uall [4ms]
2023-12-15 12:34:39.572 [info] > git show --textconv :frontend/src/components/styleguide/searchbar/location-date-search.scss [5ms]
2023-12-15 12:34:39.573 [info] > git ls-files --stage -- /home/ikbal/repos/resortApp/frontend/src/components/styleguide/searchbar/location-date-search.scss [2ms]
2023-12-15 12:35:18.500 [info] > git config --get commit.template [0ms]
2023-12-15 12:35:18.504 [info] > git for-each-ref --format=%(refname)%00%(upstream:short)%00%(objectname)%00%(upstream:track)%00%(upstream:remotename)%00%(upstream:remoteref) refs/heads/main refs/remotes/main [1ms]
2023-12-15 12:35:18.507 [warning] ENOENT: no such file or directory, open '/home/ikbal/repos/resortApp/.git/refs/remotes/origin/main'
2023-12-15 12:35:18.508 [info] > git rev-parse refs/remotes/origin/main [1ms]
2023-12-15 12:35:18.515 [info] > git status -z -uall [4ms]
2023-12-15 12:35:29.345 [info] > git config --get commit.template [11ms]
2023-12-15 12:35:29.346 [info] > git for-each-ref --format=%(refname)%00%(upstream:short)%00%(objectname)%00%(upstream:track)%00%(upstream:remotename)%00%(upstream:remoteref) refs/heads/main refs/remotes/main [3ms]
2023-12-15 12:35:29.354 [warning] ENOENT: no such file or directory, open '/home/ikbal/repos/resortApp/.git/refs/remotes/origin/main'
2023-12-15 12:35:29.354 [info] > git rev-parse refs/remotes/origin/main [1ms]
2023-12-15 12:35:29.366 [info] > git status -z -uall [6ms]
2023-12-15 12:35:47.218 [info] > git config --get commit.template [5ms]
2023-12-15 12:35:47.218 [info] > git for-each-ref --format=%(refname)%00%(upstream:short)%00%(objectname)%00%(upstream:track)%00%(upstream:remotename)%00%(upstream:remoteref) refs/heads/main refs/remotes/main [0ms]
2023-12-15 12:35:47.222 [warning] ENOENT: no such file or directory, open '/home/ikbal/repos/resortApp/.git/refs/remotes/origin/main'
2023-12-15 12:35:47.223 [info] > git rev-parse refs/remotes/origin/main [0ms]
2023-12-15 12:35:47.230 [info] > git status -z -uall [4ms]
2023-12-15 12:36:10.503 [info] > git config --get commit.template [7ms]
2023-12-15 12:36:10.504 [info] > git for-each-ref --format=%(refname)%00%(upstream:short)%00%(objectname)%00%(upstream:track)%00%(upstream:remotename)%00%(upstream:remoteref) refs/heads/main refs/remotes/main [2ms]
2023-12-15 12:36:10.512 [warning] ENOENT: no such file or directory, open '/home/ikbal/repos/resortApp/.git/refs/remotes/origin/main'
2023-12-15 12:36:10.513 [info] > git rev-parse refs/remotes/origin/main [1ms]
2023-12-15 12:36:10.526 [info] > git status -z -uall [6ms]
2023-12-15 12:36:26.297 [info] > git config --get commit.template [4ms]
2023-12-15 12:36:26.297 [info] > git for-each-ref --format=%(refname)%00%(upstream:short)%00%(objectname)%00%(upstream:track)%00%(upstream:remotename)%00%(upstream:remoteref) refs/heads/main refs/remotes/main [1ms]
2023-12-15 12:36:26.300 [warning] ENOENT: no such file or directory, open '/home/ikbal/repos/resortApp/.git/refs/remotes/origin/main'
2023-12-15 12:36:26.301 [info] > git rev-parse refs/remotes/origin/main [1ms]
2023-12-15 12:36:26.308 [info] > git status -z -uall [4ms]
2023-12-15 12:36:31.740 [info] > git show --textconv :frontend/src/components/styleguide/searchbar/location-date-search/index.jsx [4ms]
2023-12-15 12:36:31.741 [info] > git ls-files --stage -- /home/ikbal/repos/resortApp/frontend/src/components/styleguide/searchbar/location-date-search/index.jsx [1ms]
2023-12-15 12:36:42.250 [info] > git config --get commit.template [13ms]
2023-12-15 12:36:42.250 [info] > git for-each-ref --format=%(refname)%00%(upstream:short)%00%(objectname)%00%(upstream:track)%00%(upstream:remotename)%00%(upstream:remoteref) refs/heads/main refs/remotes/main [3ms]
2023-12-15 12:36:42.260 [warning] ENOENT: no such file or directory, open '/home/ikbal/repos/resortApp/.git/refs/remotes/origin/main'
2023-12-15 12:36:42.262 [info] > git rev-parse refs/remotes/origin/main [2ms]
2023-12-15 12:36:42.278 [info] > git status -z -uall [8ms]
2023-12-15 12:36:44.303 [info] > git show --textconv :frontend/src/components/styleguide/searchbar/location-date-search.scss [4ms]
2023-12-15 12:36:44.304 [info] > git ls-files --stage -- /home/ikbal/repos/resortApp/frontend/src/components/styleguide/searchbar/location-date-search.scss [1ms]
2023-12-15 12:37:00.362 [info] > git config --get commit.template [1ms]
2023-12-15 12:37:00.367 [info] > git for-each-ref --format=%(refname)%00%(upstream:short)%00%(objectname)%00%(upstream:track)%00%(upstream:remotename)%00%(upstream:remoteref) refs/heads/main refs/remotes/main [1ms]
2023-12-15 12:37:00.370 [warning] ENOENT: no such file or directory, open '/home/ikbal/repos/resortApp/.git/refs/remotes/origin/main'
2023-12-15 12:37:00.371 [info] > git rev-parse refs/remotes/origin/main [1ms]
2023-12-15 12:37:00.378 [info] > git status -z -uall [4ms]
2023-12-15 12:37:32.163 [info] > git show --textconv :frontend/src/components/styleguide/searchbar/location-date-search/index.jsx [5ms]
2023-12-15 12:37:32.164 [info] > git ls-files --stage -- /home/ikbal/repos/resortApp/frontend/src/components/styleguide/searchbar/location-date-search/index.jsx [1ms]
2023-12-15 12:38:04.720 [info] > git show --textconv :frontend/src/components/styleguide/searchbar/location-date-search.scss [4ms]
2023-12-15 12:38:04.721 [info] > git ls-files --stage -- /home/ikbal/repos/resortApp/frontend/src/components/styleguide/searchbar/location-date-search.scss [1ms]
2023-12-15 12:38:05.625 [info] > git config --get commit.template [4ms]
2023-12-15 12:38:05.625 [info] > git for-each-ref --format=%(refname)%00%(upstream:short)%00%(objectname)%00%(upstream:track)%00%(upstream:remotename)%00%(upstream:remoteref) refs/heads/main refs/remotes/main [1ms]
2023-12-15 12:38:05.628 [warning] ENOENT: no such file or directory, open '/home/ikbal/repos/resortApp/.git/refs/remotes/origin/main'
2023-12-15 12:38:05.629 [info] > git rev-parse refs/remotes/origin/main [1ms]
2023-12-15 12:38:05.636 [info] > git status -z -uall [4ms]
2023-12-15 12:38:36.505 [info] > git config --get commit.template [11ms]
2023-12-15 12:38:36.506 [info] > git for-each-ref --format=%(refname)%00%(upstream:short)%00%(objectname)%00%(upstream:track)%00%(upstream:remotename)%00%(upstream:remoteref) refs/heads/main refs/remotes/main [2ms]
2023-12-15 12:38:36.514 [warning] ENOENT: no such file or directory, open '/home/ikbal/repos/resortApp/.git/refs/remotes/origin/main'
2023-12-15 12:38:36.516 [info] > git rev-parse refs/remotes/origin/main [2ms]
2023-12-15 12:38:36.524 [info] > git status -z -uall [4ms]
2023-12-15 12:38:47.320 [info] > git config --get commit.template [4ms]
2023-12-15 12:38:47.321 [info] > git for-each-ref --format=%(refname)%00%(upstream:short)%00%(objectname)%00%(upstream:track)%00%(upstream:remotename)%00%(upstream:remoteref) refs/heads/main refs/remotes/main [1ms]
2023-12-15 12:38:47.324 [warning] ENOENT: no such file or directory, open '/home/ikbal/repos/resortApp/.git/refs/remotes/origin/main'
2023-12-15 12:38:47.325 [info] > git rev-parse refs/remotes/origin/main [1ms]
2023-12-15 12:38:47.332 [info] > git status -z -uall [4ms]
2023-12-15 12:39:22.008 [info] > git config --get commit.template [5ms]
2023-12-15 12:39:22.008 [info] > git for-each-ref --format=%(refname)%00%(upstream:short)%00%(objectname)%00%(upstream:track)%00%(upstream:remotename)%00%(upstream:remoteref) refs/heads/main refs/remotes/main [0ms]
2023-12-15 12:39:22.012 [warning] ENOENT: no such file or directory, open '/home/ikbal/repos/resortApp/.git/refs/remotes/origin/main'
2023-12-15 12:39:22.012 [info] > git rev-parse refs/remotes/origin/main [0ms]
2023-12-15 12:39:22.019 [info] > git status -z -uall [4ms]
2023-12-15 12:39:59.641 [info] > git config --get commit.template [1ms]
2023-12-15 12:39:59.645 [info] > git for-each-ref --format=%(refname)%00%(upstream:short)%00%(objectname)%00%(upstream:track)%00%(upstream:remotename)%00%(upstream:remoteref) refs/heads/main refs/remotes/main [1ms]
2023-12-15 12:39:59.648 [warning] ENOENT: no such file or directory, open '/home/ikbal/repos/resortApp/.git/refs/remotes/origin/main'
2023-12-15 12:39:59.649 [info] > git rev-parse refs/remotes/origin/main [1ms]
2023-12-15 12:39:59.656 [info] > git status -z -uall [4ms]
2023-12-15 12:40:19.188 [info] > git config --get commit.template [5ms]
2023-12-15 12:40:19.189 [info] > git for-each-ref --format=%(refname)%00%(upstream:short)%00%(objectname)%00%(upstream:track)%00%(upstream:remotename)%00%(upstream:remoteref) refs/heads/main refs/remotes/main [1ms]
2023-12-15 12:40:19.194 [warning] ENOENT: no such file or directory, open '/home/ikbal/repos/resortApp/.git/refs/remotes/origin/main'
2023-12-15 12:40:19.195 [info] > git rev-parse refs/remotes/origin/main [1ms]
2023-12-15 12:40:19.204 [info] > git status -z -uall [5ms]
2023-12-15 12:40:43.289 [info] > git config --get commit.template [4ms]
2023-12-15 12:40:43.289 [info] > git for-each-ref --format=%(refname)%00%(upstream:short)%00%(objectname)%00%(upstream:track)%00%(upstream:remotename)%00%(upstream:remoteref) refs/heads/main refs/remotes/main [1ms]
2023-12-15 12:40:43.293 [warning] ENOENT: no such file or directory, open '/home/ikbal/repos/resortApp/.git/refs/remotes/origin/main'
2023-12-15 12:40:43.294 [info] > git rev-parse refs/remotes/origin/main [1ms]
2023-12-15 12:40:43.301 [info] > git status -z -uall [4ms]
2023-12-15 12:41:04.472 [info] > git config --get commit.template [4ms]
2023-12-15 12:41:04.473 [info] > git for-each-ref --format=%(refname)%00%(upstream:short)%00%(objectname)%00%(upstream:track)%00%(upstream:remotename)%00%(upstream:remoteref) refs/heads/main refs/remotes/main [2ms]
2023-12-15 12:41:04.483 [warning] ENOENT: no such file or directory, open '/home/ikbal/repos/resortApp/.git/refs/remotes/origin/main'
2023-12-15 12:41:04.484 [info] > git rev-parse refs/remotes/origin/main [2ms]
2023-12-15 12:41:04.497 [info] > git status -z -uall [5ms]
2023-12-15 12:41:12.858 [info] > git config --get commit.template [4ms]
2023-12-15 12:41:12.858 [info] > git for-each-ref --format=%(refname)%00%(upstream:short)%00%(objectname)%00%(upstream:track)%00%(upstream:remotename)%00%(upstream:remoteref) refs/heads/main refs/remotes/main [1ms]
2023-12-15 12:41:12.861 [warning] ENOENT: no such file or directory, open '/home/ikbal/repos/resortApp/.git/refs/remotes/origin/main'
2023-12-15 12:41:12.861 [info] > git rev-parse refs/remotes/origin/main [0ms]
2023-12-15 12:41:12.868 [info] > git status -z -uall [4ms]
2023-12-15 12:41:24.398 [info] > git for-each-ref --format=%(refname)%00%(upstream:short)%00%(objectname)%00%(upstream:track)%00%(upstream:remotename)%00%(upstream:remoteref) refs/heads/main refs/remotes/main [1ms]
2023-12-15 12:41:24.398 [info] > git config --get commit.template [5ms]
2023-12-15 12:41:24.401 [warning] ENOENT: no such file or directory, open '/home/ikbal/repos/resortApp/.git/refs/remotes/origin/main'
2023-12-15 12:41:24.402 [info] > git rev-parse refs/remotes/origin/main [1ms]
2023-12-15 12:41:24.408 [info] > git status -z -uall [3ms]
2023-12-15 12:41:29.430 [info] > git config --get commit.template [8ms]
2023-12-15 12:41:29.432 [info] > git for-each-ref --format=%(refname)%00%(upstream:short)%00%(objectname)%00%(upstream:track)%00%(upstream:remotename)%00%(upstream:remoteref) refs/heads/main refs/remotes/main [2ms]
2023-12-15 12:41:29.441 [warning] ENOENT: no such file or directory, open '/home/ikbal/repos/resortApp/.git/refs/remotes/origin/main'
2023-12-15 12:41:29.442 [info] > git rev-parse refs/remotes/origin/main [1ms]
2023-12-15 12:41:29.459 [info] > git status -z -uall [8ms]
2023-12-15 12:41:37.167 [info] > git config --get commit.template [12ms]
2023-12-15 12:41:37.168 [info] > git for-each-ref --format=%(refname)%00%(upstream:short)%00%(objectname)%00%(upstream:track)%00%(upstream:remotename)%00%(upstream:remoteref) refs/heads/main refs/remotes/main [2ms]
2023-12-15 12:41:37.176 [warning] ENOENT: no such file or directory, open '/home/ikbal/repos/resortApp/.git/refs/remotes/origin/main'
2023-12-15 12:41:37.178 [info] > git rev-parse refs/remotes/origin/main [2ms]
2023-12-15 12:41:37.192 [info] > git status -z -uall [7ms]
2023-12-15 12:42:21.291 [info] > git config --get commit.template [4ms]
2023-12-15 12:42:21.291 [info] > git for-each-ref --format=%(refname)%00%(upstream:short)%00%(objectname)%00%(upstream:track)%00%(upstream:remotename)%00%(upstream:remoteref) refs/heads/main refs/remotes/main [0ms]
2023-12-15 12:42:21.295 [warning] ENOENT: no such file or directory, open '/home/ikbal/repos/resortApp/.git/refs/remotes/origin/main'
2023-12-15 12:42:21.295 [info] > git rev-parse refs/remotes/origin/main [0ms]
2023-12-15 12:42:21.303 [info] > git status -z -uall [4ms]
2023-12-15 12:42:36.245 [info] > git config --get commit.template [5ms]
2023-12-15 12:42:36.246 [info] > git for-each-ref --format=%(refname)%00%(upstream:short)%00%(objectname)%00%(upstream:track)%00%(upstream:remotename)%00%(upstream:remoteref) refs/heads/main refs/remotes/main [1ms]
2023-12-15 12:42:36.249 [warning] ENOENT: no such file or directory, open '/home/ikbal/repos/resortApp/.git/refs/remotes/origin/main'
2023-12-15 12:42:36.249 [info] > git rev-parse refs/remotes/origin/main [0ms]
2023-12-15 12:42:36.256 [info] > git status -z -uall [3ms]
2023-12-15 12:42:49.906 [info] > git config --get commit.template [4ms]
2023-12-15 12:42:49.906 [info] > git for-each-ref --format=%(refname)%00%(upstream:short)%00%(objectname)%00%(upstream:track)%00%(upstream:remotename)%00%(upstream:remoteref) refs/heads/main refs/remotes/main [1ms]
2023-12-15 12:42:49.909 [warning] ENOENT: no such file or directory, open '/home/ikbal/repos/resortApp/.git/refs/remotes/origin/main'
2023-12-15 12:42:49.910 [info] > git rev-parse refs/remotes/origin/main [1ms]
2023-12-15 12:42:49.917 [info] > git status -z -uall [4ms]
2023-12-15 12:42:59.775 [info] > git config --get commit.template [10ms]
2023-12-15 12:42:59.776 [info] > git for-each-ref --format=%(refname)%00%(upstream:short)%00%(objectname)%00%(upstream:track)%00%(upstream:remotename)%00%(upstream:remoteref) refs/heads/main refs/remotes/main [2ms]
2023-12-15 12:42:59.784 [warning] ENOENT: no such file or directory, open '/home/ikbal/repos/resortApp/.git/refs/remotes/origin/main'
2023-12-15 12:42:59.786 [info] > git rev-parse refs/remotes/origin/main [2ms]
2023-12-15 12:42:59.806 [info] > git status -z -uall [11ms]
2023-12-15 12:43:09.835 [info] > git config --get commit.template [1ms]
2023-12-15 12:43:09.840 [info] > git for-each-ref --format=%(refname)%00%(upstream:short)%00%(objectname)%00%(upstream:track)%00%(upstream:remotename)%00%(upstream:remoteref) refs/heads/main refs/remotes/main [1ms]
2023-12-15 12:43:09.843 [warning] ENOENT: no such file or directory, open '/home/ikbal/repos/resortApp/.git/refs/remotes/origin/main'
2023-12-15 12:43:09.843 [info] > git rev-parse refs/remotes/origin/main [0ms]
2023-12-15 12:43:09.850 [info] > git status -z -uall [3ms]
2023-12-15 12:44:08.776 [info] > git config --get commit.template [6ms]
2023-12-15 12:44:08.777 [info] > git for-each-ref --format=%(refname)%00%(upstream:short)%00%(objectname)%00%(upstream:track)%00%(upstream:remotename)%00%(upstream:remoteref) refs/heads/main refs/remotes/main [2ms]
2023-12-15 12:44:08.786 [warning] ENOENT: no such file or directory, open '/home/ikbal/repos/resortApp/.git/refs/remotes/origin/main'
2023-12-15 12:44:08.788 [info] > git rev-parse refs/remotes/origin/main [2ms]
2023-12-15 12:44:08.805 [info] > git status -z -uall [10ms]
2023-12-15 12:44:16.491 [info] > git show --textconv :frontend/src/components/styleguide/searchbar/location-date-search/index.jsx [9ms]
2023-12-15 12:44:16.492 [info] > git ls-files --stage -- /home/ikbal/repos/resortApp/frontend/src/components/styleguide/searchbar/location-date-search/index.jsx [1ms]
2023-12-15 12:44:19.218 [info] > git show --textconv :frontend/src/components/styleguide/searchbar/location-date-search.scss [4ms]
2023-12-15 12:44:19.219 [info] > git ls-files --stage -- /home/ikbal/repos/resortApp/frontend/src/components/styleguide/searchbar/location-date-search.scss [1ms]
2023-12-15 12:44:45.498 [info] > git for-each-ref --format=%(refname)%00%(upstream:short)%00%(objectname)%00%(upstream:track)%00%(upstream:remotename)%00%(upstream:remoteref) refs/heads/main refs/remotes/main [1ms]
2023-12-15 12:44:45.498 [info] > git config --get commit.template [5ms]
2023-12-15 12:44:45.501 [warning] ENOENT: no such file or directory, open '/home/ikbal/repos/resortApp/.git/refs/remotes/origin/main'
2023-12-15 12:44:45.502 [info] > git rev-parse refs/remotes/origin/main [1ms]
2023-12-15 12:44:45.509 [info] > git status -z -uall [4ms]
2023-12-15 12:44:50.529 [info] > git config --get commit.template [10ms]
2023-12-15 12:44:50.530 [info] > git for-each-ref --format=%(refname)%00%(upstream:short)%00%(objectname)%00%(upstream:track)%00%(upstream:remotename)%00%(upstream:remoteref) refs/heads/main refs/remotes/main [2ms]
2023-12-15 12:44:50.534 [warning] ENOENT: no such file or directory, open '/home/ikbal/repos/resortApp/.git/refs/remotes/origin/main'
2023-12-15 12:44:50.536 [info] > git rev-parse refs/remotes/origin/main [2ms]
2023-12-15 12:44:50.550 [info] > git status -z -uall [8ms]
2023-12-15 12:44:55.579 [info] > git config --get commit.template [13ms]
2023-12-15 12:44:55.580 [info] > git for-each-ref --format=%(refname)%00%(upstream:short)%00%(objectname)%00%(upstream:track)%00%(upstream:remotename)%00%(upstream:remoteref) refs/heads/main refs/remotes/main [2ms]
2023-12-15 12:44:55.588 [warning] ENOENT: no such file or directory, open '/home/ikbal/repos/resortApp/.git/refs/remotes/origin/main'
2023-12-15 12:44:55.589 [info] > git rev-parse refs/remotes/origin/main [1ms]
2023-12-15 12:44:55.603 [info] > git status -z -uall [7ms]
2023-12-15 12:45:00.616 [info] > git config --get commit.template [4ms]
2023-12-15 12:45:00.617 [info] > git for-each-ref --format=%(refname)%00%(upstream:short)%00%(objectname)%00%(upstream:track)%00%(upstream:remotename)%00%(upstream:remoteref) refs/heads/main refs/remotes/main [1ms]
2023-12-15 12:45:00.620 [warning] ENOENT: no such file or directory, open '/home/ikbal/repos/resortApp/.git/refs/remotes/origin/main'
2023-12-15 12:45:00.621 [info] > git rev-parse refs/remotes/origin/main [1ms]
2023-12-15 12:45:00.629 [info] > git status -z -uall [4ms]
2023-12-15 12:45:08.728 [info] > git config --get commit.template [9ms]
2023-12-15 12:45:08.728 [info] > git for-each-ref --format=%(refname)%00%(upstream:short)%00%(objectname)%00%(upstream:track)%00%(upstream:remotename)%00%(upstream:remoteref) refs/heads/main refs/remotes/main [1ms]
2023-12-15 12:45:08.732 [warning] ENOENT: no such file or directory, open '/home/ikbal/repos/resortApp/.git/refs/remotes/origin/main'
2023-12-15 12:45:08.732 [info] > git rev-parse refs/remotes/origin/main [0ms]
2023-12-15 12:45:08.748 [info] > git status -z -uall [10ms]
2023-12-15 12:45:14.899 [info] > git config --get commit.template [0ms]
2023-12-15 12:45:14.903 [info] > git for-each-ref --format=%(refname)%00%(upstream:short)%00%(objectname)%00%(upstream:track)%00%(upstream:remotename)%00%(upstream:remoteref) refs/heads/main refs/remotes/main [1ms]
2023-12-15 12:45:14.906 [warning] ENOENT: no such file or directory, open '/home/ikbal/repos/resortApp/.git/refs/remotes/origin/main'
2023-12-15 12:45:14.907 [info] > git rev-parse refs/remotes/origin/main [1ms]
2023-12-15 12:45:14.914 [info] > git status -z -uall [4ms]
2023-12-15 12:45:27.215 [info] > git show --textconv :frontend/src/components/styleguide/searchbar/location/location.scss [5ms]
2023-12-15 12:45:27.215 [info] > git ls-files --stage -- /home/ikbal/repos/resortApp/frontend/src/components/styleguide/searchbar/location/location.scss [0ms]
2023-12-15 12:45:28.062 [info] > git show --textconv :frontend/src/components/styleguide/searchbar/datepicker/datepicker.scss [4ms]
2023-12-15 12:45:28.063 [info] > git ls-files --stage -- /home/ikbal/repos/resortApp/frontend/src/components/styleguide/searchbar/datepicker/datepicker.scss [1ms]
2023-12-15 12:45:30.930 [info] > git show --textconv :frontend/src/components/styleguide/searchbar/location-date-search/index.jsx [4ms]
2023-12-15 12:45:30.931 [info] > git ls-files --stage -- /home/ikbal/repos/resortApp/frontend/src/components/styleguide/searchbar/location-date-search/index.jsx [1ms]
2023-12-15 12:45:40.613 [info] > git config --get commit.template [4ms]
2023-12-15 12:45:40.613 [info] > git for-each-ref --format=%(refname)%00%(upstream:short)%00%(objectname)%00%(upstream:track)%00%(upstream:remotename)%00%(upstream:remoteref) refs/heads/main refs/remotes/main [1ms]
2023-12-15 12:45:40.616 [warning] ENOENT: no such file or directory, open '/home/ikbal/repos/resortApp/.git/refs/remotes/origin/main'
2023-12-15 12:45:40.617 [info] > git rev-parse refs/remotes/origin/main [1ms]
2023-12-15 12:45:40.624 [info] > git status -z -uall [3ms]
2023-12-15 12:45:46.755 [info] > git show --textconv :frontend/src/components/styleguide/searchbar/location-date-search.scss [4ms]
2023-12-15 12:45:46.755 [info] > git ls-files --stage -- /home/ikbal/repos/resortApp/frontend/src/components/styleguide/searchbar/location-date-search.scss [0ms]
2023-12-15 12:45:53.491 [info] > git config --get commit.template [13ms]
2023-12-15 12:45:53.491 [info] > git for-each-ref --format=%(refname)%00%(upstream:short)%00%(objectname)%00%(upstream:track)%00%(upstream:remotename)%00%(upstream:remoteref) refs/heads/main refs/remotes/main [2ms]
2023-12-15 12:45:53.501 [warning] ENOENT: no such file or directory, open '/home/ikbal/repos/resortApp/.git/refs/remotes/origin/main'
2023-12-15 12:45:53.503 [info] > git rev-parse refs/remotes/origin/main [2ms]
2023-12-15 12:45:53.517 [info] > git status -z -uall [4ms]
2023-12-15 12:46:14.525 [info] > git config --get commit.template [6ms]
2023-12-15 12:46:14.525 [info] > git for-each-ref --format=%(refname)%00%(upstream:short)%00%(objectname)%00%(upstream:track)%00%(upstream:remotename)%00%(upstream:remoteref) refs/heads/main refs/remotes/main [1ms]
2023-12-15 12:46:14.530 [warning] ENOENT: no such file or directory, open '/home/ikbal/repos/resortApp/.git/refs/remotes/origin/main'
2023-12-15 12:46:14.531 [info] > git rev-parse refs/remotes/origin/main [1ms]
2023-12-15 12:46:14.539 [info] > git status -z -uall [4ms]
2023-12-15 12:46:17.515 [info] > git show --textconv :frontend/src/components/styleguide/searchbar/location-date-search/index.jsx [4ms]
2023-12-15 12:46:17.516 [info] > git ls-files --stage -- /home/ikbal/repos/resortApp/frontend/src/components/styleguide/searchbar/location-date-search/index.jsx [1ms]
2023-12-15 12:46:29.341 [info] > git config --get commit.template [4ms]
2023-12-15 12:46:29.341 [info] > git for-each-ref --format=%(refname)%00%(upstream:short)%00%(objectname)%00%(upstream:track)%00%(upstream:remotename)%00%(upstream:remoteref) refs/heads/main refs/remotes/main [0ms]
2023-12-15 12:46:29.345 [warning] ENOENT: no such file or directory, open '/home/ikbal/repos/resortApp/.git/refs/remotes/origin/main'
2023-12-15 12:46:29.345 [info] > git rev-parse refs/remotes/origin/main [0ms]
2023-12-15 12:46:29.353 [info] > git status -z -uall [4ms]
2023-12-15 12:46:35.688 [info] > git config --get commit.template [10ms]
2023-12-15 12:46:35.689 [info] > git for-each-ref --format=%(refname)%00%(upstream:short)%00%(objectname)%00%(upstream:track)%00%(upstream:remotename)%00%(upstream:remoteref) refs/heads/main refs/remotes/main [2ms]
2023-12-15 12:46:35.696 [warning] ENOENT: no such file or directory, open '/home/ikbal/repos/resortApp/.git/refs/remotes/origin/main'
2023-12-15 12:46:35.697 [info] > git rev-parse refs/remotes/origin/main [0ms]
2023-12-15 12:46:35.708 [info] > git status -z -uall [6ms]
2023-12-15 12:46:40.736 [info] > git config --get commit.template [11ms]
2023-12-15 12:46:40.737 [info] > git for-each-ref --format=%(refname)%00%(upstream:short)%00%(objectname)%00%(upstream:track)%00%(upstream:remotename)%00%(upstream:remoteref) refs/heads/main refs/remotes/main [2ms]
2023-12-15 12:46:40.747 [warning] ENOENT: no such file or directory, open '/home/ikbal/repos/resortApp/.git/refs/remotes/origin/main'
2023-12-15 12:46:40.748 [info] > git rev-parse refs/remotes/origin/main [1ms]
2023-12-15 12:46:40.764 [info] > git status -z -uall [7ms]
2023-12-15 12:46:48.849 [info] > git config --get commit.template [7ms]
2023-12-15 12:46:48.850 [info] > git for-each-ref --format=%(refname)%00%(upstream:short)%00%(objectname)%00%(upstream:track)%00%(upstream:remotename)%00%(upstream:remoteref) refs/heads/main refs/remotes/main [1ms]
2023-12-15 12:46:48.855 [warning] ENOENT: no such file or directory, open '/home/ikbal/repos/resortApp/.git/refs/remotes/origin/main'
2023-12-15 12:46:48.856 [info] > git rev-parse refs/remotes/origin/main [1ms]
2023-12-15 12:46:48.867 [info] > git status -z -uall [7ms]
2023-12-15 12:46:50.623 [info] > git show --textconv :frontend/src/components/styleguide/searchbar/location-date-search.scss [11ms]
2023-12-15 12:46:50.624 [info] > git ls-files --stage -- /home/ikbal/repos/resortApp/frontend/src/components/styleguide/searchbar/location-date-search.scss [1ms]
2023-12-15 12:47:00.922 [info] > git show --textconv :frontend/src/components/styleguide/searchbar/location/location.scss [5ms]
2023-12-15 12:47:00.922 [info] > git ls-files --stage -- /home/ikbal/repos/resortApp/frontend/src/components/styleguide/searchbar/location/location.scss [0ms]
2023-12-15 12:47:13.048 [info] > git config --get commit.template [5ms]
2023-12-15 12:47:13.048 [info] > git for-each-ref --format=%(refname)%00%(upstream:short)%00%(objectname)%00%(upstream:track)%00%(upstream:remotename)%00%(upstream:remoteref) refs/heads/main refs/remotes/main [0ms]
2023-12-15 12:47:13.052 [warning] ENOENT: no such file or directory, open '/home/ikbal/repos/resortApp/.git/refs/remotes/origin/main'
2023-12-15 12:47:13.052 [info] > git rev-parse refs/remotes/origin/main [0ms]
2023-12-15 12:47:13.059 [info] > git status -z -uall [3ms]
2023-12-15 12:47:17.459 [info] > git show --textconv :frontend/src/components/styleguide/searchbar/datepicker/datepicker.scss [4ms]
2023-12-15 12:47:17.460 [info] > git ls-files --stage -- /home/ikbal/repos/resortApp/frontend/src/components/styleguide/searchbar/datepicker/datepicker.scss [1ms]
2023-12-15 12:47:28.109 [info] > git config --get commit.template [1ms]
2023-12-15 12:47:28.116 [info] > git for-each-ref --format=%(refname)%00%(upstream:short)%00%(objectname)%00%(upstream:track)%00%(upstream:remotename)%00%(upstream:remoteref) refs/heads/main refs/remotes/main [2ms]
2023-12-15 12:47:28.126 [warning] ENOENT: no such file or directory, open '/home/ikbal/repos/resortApp/.git/refs/remotes/origin/main'
2023-12-15 12:47:28.127 [info] > git rev-parse refs/remotes/origin/main [1ms]
2023-12-15 12:47:28.147 [info] > git status -z -uall [11ms]
2023-12-15 12:47:49.271 [info] > git config --get commit.template [12ms]
2023-12-15 12:47:49.272 [info] > git for-each-ref --format=%(refname)%00%(upstream:short)%00%(objectname)%00%(upstream:track)%00%(upstream:remotename)%00%(upstream:remoteref) refs/heads/main refs/remotes/main [2ms]
2023-12-15 12:47:49.279 [warning] ENOENT: no such file or directory, open '/home/ikbal/repos/resortApp/.git/refs/remotes/origin/main'
2023-12-15 12:47:49.281 [info] > git rev-parse refs/remotes/origin/main [2ms]
2023-12-15 12:47:49.294 [info] > git status -z -uall [5ms]
2023-12-15 12:47:54.306 [info] > git config --get commit.template [4ms]
2023-12-15 12:47:54.306 [info] > git for-each-ref --format=%(refname)%00%(upstream:short)%00%(objectname)%00%(upstream:track)%00%(upstream:remotename)%00%(upstream:remoteref) refs/heads/main refs/remotes/main [0ms]
2023-12-15 12:47:54.310 [warning] ENOENT: no such file or directory, open '/home/ikbal/repos/resortApp/.git/refs/remotes/origin/main'
2023-12-15 12:47:54.310 [info] > git rev-parse refs/remotes/origin/main [0ms]
2023-12-15 12:47:54.318 [info] > git status -z -uall [4ms]
2023-12-15 12:47:58.618 [info] > git show --textconv :frontend/src/components/styleguide/searchbar/location-date-search.scss [5ms]
2023-12-15 12:47:58.618 [info] > git ls-files --stage -- /home/ikbal/repos/resortApp/frontend/src/components/styleguide/searchbar/location-date-search.scss [0ms]
2023-12-15 12:48:05.209 [info] > git config --get commit.template [5ms]
2023-12-15 12:48:05.209 [info] > git for-each-ref --format=%(refname)%00%(upstream:short)%00%(objectname)%00%(upstream:track)%00%(upstream:remotename)%00%(upstream:remoteref) refs/heads/main refs/remotes/main [0ms]
2023-12-15 12:48:05.213 [warning] ENOENT: no such file or directory, open '/home/ikbal/repos/resortApp/.git/refs/remotes/origin/main'
2023-12-15 12:48:05.213 [info] > git rev-parse refs/remotes/origin/main [0ms]
2023-12-15 12:48:05.221 [info] > git status -z -uall [4ms]
2023-12-15 12:48:21.444 [info] > git config --get commit.template [5ms]
2023-12-15 12:48:21.445 [info] > git for-each-ref --format=%(refname)%00%(upstream:short)%00%(objectname)%00%(upstream:track)%00%(upstream:remotename)%00%(upstream:remoteref) refs/heads/main refs/remotes/main [1ms]
2023-12-15 12:48:21.450 [warning] ENOENT: no such file or directory, open '/home/ikbal/repos/resortApp/.git/refs/remotes/origin/main'
2023-12-15 12:48:21.451 [info] > git rev-parse refs/remotes/origin/main [1ms]
2023-12-15 12:48:21.460 [info] > git status -z -uall [4ms]
2023-12-15 12:48:22.633 [info] > git show --textconv :frontend/src/components/styleguide/searchbar/location/location.scss [4ms]
2023-12-15 12:48:22.634 [info] > git ls-files --stage -- /home/ikbal/repos/resortApp/frontend/src/components/styleguide/searchbar/location/location.scss [1ms]
2023-12-15 12:48:24.392 [info] > git show --textconv :frontend/src/components/styleguide/searchbar/datepicker/datepicker.scss [4ms]
2023-12-15 12:48:24.393 [info] > git ls-files --stage -- /home/ikbal/repos/resortApp/frontend/src/components/styleguide/searchbar/datepicker/datepicker.scss [1ms]
2023-12-15 12:48:26.928 [info] > git show --textconv :frontend/src/components/styleguide/searchbar/location-date-search.scss [4ms]
2023-12-15 12:48:26.929 [info] > git ls-files --stage -- /home/ikbal/repos/resortApp/frontend/src/components/styleguide/searchbar/location-date-search.scss [1ms]
2023-12-15 12:48:27.766 [info] > git show --textconv :frontend/src/components/styleguide/searchbar/location/location.scss [4ms]
2023-12-15 12:48:27.766 [info] > git ls-files --stage -- /home/ikbal/repos/resortApp/frontend/src/components/styleguide/searchbar/location/location.scss [1ms]
2023-12-15 12:48:35.002 [info] > git config --get commit.template [5ms]
2023-12-15 12:48:35.002 [info] > git for-each-ref --format=%(refname)%00%(upstream:short)%00%(objectname)%00%(upstream:track)%00%(upstream:remotename)%00%(upstream:remoteref) refs/heads/main refs/remotes/main [1ms]
2023-12-15 12:48:35.005 [warning] ENOENT: no such file or directory, open '/home/ikbal/repos/resortApp/.git/refs/remotes/origin/main'
2023-12-15 12:48:35.006 [info] > git rev-parse refs/remotes/origin/main [1ms]
2023-12-15 12:48:35.013 [info] > git status -z -uall [4ms]
2023-12-15 12:48:50.211 [info] > git config --get commit.template [11ms]
2023-12-15 12:48:50.211 [info] > git for-each-ref --format=%(refname)%00%(upstream:short)%00%(objectname)%00%(upstream:track)%00%(upstream:remotename)%00%(upstream:remoteref) refs/heads/main refs/remotes/main [1ms]
2023-12-15 12:48:50.215 [warning] ENOENT: no such file or directory, open '/home/ikbal/repos/resortApp/.git/refs/remotes/origin/main'
2023-12-15 12:48:50.215 [info] > git rev-parse refs/remotes/origin/main [0ms]
2023-12-15 12:48:50.228 [info] > git status -z -uall [5ms]
2023-12-15 12:48:56.667 [info] > git config --get commit.template [4ms]
2023-12-15 12:48:56.668 [info] > git for-each-ref --format=%(refname)%00%(upstream:short)%00%(objectname)%00%(upstream:track)%00%(upstream:remotename)%00%(upstream:remoteref) refs/heads/main refs/remotes/main [1ms]
2023-12-15 12:48:56.672 [warning] ENOENT: no such file or directory, open '/home/ikbal/repos/resortApp/.git/refs/remotes/origin/main'
2023-12-15 12:48:56.672 [info] > git rev-parse refs/remotes/origin/main [0ms]
2023-12-15 12:48:56.680 [info] > git status -z -uall [4ms]
2023-12-15 12:48:57.797 [info] > git show --textconv :frontend/src/components/styleguide/searchbar/datepicker/datepicker.scss [9ms]
2023-12-15 12:48:57.798 [info] > git ls-files --stage -- /home/ikbal/repos/resortApp/frontend/src/components/styleguide/searchbar/datepicker/datepicker.scss [1ms]
2023-12-15 12:49:06.339 [info] > git config --get commit.template [6ms]
2023-12-15 12:49:06.340 [info] > git for-each-ref --format=%(refname)%00%(upstream:short)%00%(objectname)%00%(upstream:track)%00%(upstream:remotename)%00%(upstream:remoteref) refs/heads/main refs/remotes/main [2ms]
2023-12-15 12:49:06.348 [warning] ENOENT: no such file or directory, open '/home/ikbal/repos/resortApp/.git/refs/remotes/origin/main'
2023-12-15 12:49:06.350 [info] > git rev-parse refs/remotes/origin/main [1ms]
2023-12-15 12:49:06.367 [info] > git status -z -uall [9ms]
2023-12-15 12:49:23.407 [info] > git config --get commit.template [0ms]
2023-12-15 12:49:23.412 [info] > git for-each-ref --format=%(refname)%00%(upstream:short)%00%(objectname)%00%(upstream:track)%00%(upstream:remotename)%00%(upstream:remoteref) refs/heads/main refs/remotes/main [0ms]
2023-12-15 12:49:23.416 [warning] ENOENT: no such file or directory, open '/home/ikbal/repos/resortApp/.git/refs/remotes/origin/main'
2023-12-15 12:49:23.416 [info] > git rev-parse refs/remotes/origin/main [0ms]
2023-12-15 12:49:23.424 [info] > git status -z -uall [4ms]
2023-12-15 12:49:32.693 [info] > git config --get commit.template [5ms]
2023-12-15 12:49:32.693 [info] > git for-each-ref --format=%(refname)%00%(upstream:short)%00%(objectname)%00%(upstream:track)%00%(upstream:remotename)%00%(upstream:remoteref) refs/heads/main refs/remotes/main [1ms]
2023-12-15 12:49:32.697 [warning] ENOENT: no such file or directory, open '/home/ikbal/repos/resortApp/.git/refs/remotes/origin/main'
2023-12-15 12:49:32.697 [info] > git rev-parse refs/remotes/origin/main [0ms]
2023-12-15 12:49:32.706 [info] > git status -z -uall [5ms]
2023-12-15 12:50:06.271 [info] > git show --textconv :frontend/src/components/styleguide/searchbar/location-date-search.scss [5ms]
2023-12-15 12:50:06.271 [info] > git ls-files --stage -- /home/ikbal/repos/resortApp/frontend/src/components/styleguide/searchbar/location-date-search.scss [0ms]
2023-12-15 12:50:12.246 [info] > git show --textconv :frontend/src/components/styleguide/searchbar/location/location.scss [4ms]
2023-12-15 12:50:12.246 [info] > git ls-files --stage -- /home/ikbal/repos/resortApp/frontend/src/components/styleguide/searchbar/location/location.scss [0ms]
2023-12-15 12:50:17.812 [info] > git config --get commit.template [5ms]
2023-12-15 12:50:17.812 [info] > git for-each-ref --format=%(refname)%00%(upstream:short)%00%(objectname)%00%(upstream:track)%00%(upstream:remotename)%00%(upstream:remoteref) refs/heads/main refs/remotes/main [1ms]
2023-12-15 12:50:17.815 [warning] ENOENT: no such file or directory, open '/home/ikbal/repos/resortApp/.git/refs/remotes/origin/main'
2023-12-15 12:50:17.816 [info] > git rev-parse refs/remotes/origin/main [1ms]
2023-12-15 12:50:17.824 [info] > git status -z -uall [4ms]
2023-12-15 12:50:27.740 [info] > git config --get commit.template [6ms]
2023-12-15 12:50:27.741 [info] > git for-each-ref --format=%(refname)%00%(upstream:short)%00%(objectname)%00%(upstream:track)%00%(upstream:remotename)%00%(upstream:remoteref) refs/heads/main refs/remotes/main [1ms]
2023-12-15 12:50:27.747 [warning] ENOENT: no such file or directory, open '/home/ikbal/repos/resortApp/.git/refs/remotes/origin/main'
2023-12-15 12:50:27.747 [info] > git rev-parse refs/remotes/origin/main [0ms]
2023-12-15 12:50:27.756 [info] > git status -z -uall [4ms]
2023-12-15 12:50:34.537 [info] > git config --get commit.template [4ms]
2023-12-15 12:50:34.537 [info] > git for-each-ref --format=%(refname)%00%(upstream:short)%00%(objectname)%00%(upstream:track)%00%(upstream:remotename)%00%(upstream:remoteref) refs/heads/main refs/remotes/main [0ms]
2023-12-15 12:50:34.541 [warning] ENOENT: no such file or directory, open '/home/ikbal/repos/resortApp/.git/refs/remotes/origin/main'
2023-12-15 12:50:34.541 [info] > git rev-parse refs/remotes/origin/main [0ms]
2023-12-15 12:50:34.549 [info] > git status -z -uall [3ms]
2023-12-15 12:50:53.216 [info] > git show --textconv :frontend/src/components/styleguide/searchbar/datepicker/datepicker.scss [6ms]
2023-12-15 12:50:53.216 [info] > git ls-files --stage -- /home/ikbal/repos/resortApp/frontend/src/components/styleguide/searchbar/datepicker/datepicker.scss [1ms]
2023-12-15 12:51:00.906 [info] > git config --get commit.template [4ms]
2023-12-15 12:51:00.906 [info] > git for-each-ref --format=%(refname)%00%(upstream:short)%00%(objectname)%00%(upstream:track)%00%(upstream:remotename)%00%(upstream:remoteref) refs/heads/main refs/remotes/main [1ms]
2023-12-15 12:51:00.909 [warning] ENOENT: no such file or directory, open '/home/ikbal/repos/resortApp/.git/refs/remotes/origin/main'
2023-12-15 12:51:00.910 [info] > git rev-parse refs/remotes/origin/main [1ms]
2023-12-15 12:51:00.917 [info] > git status -z -uall [4ms]
2023-12-15 12:51:08.931 [info] > git config --get commit.template [12ms]
2023-12-15 12:51:08.932 [info] > git for-each-ref --format=%(refname)%00%(upstream:short)%00%(objectname)%00%(upstream:track)%00%(upstream:remotename)%00%(upstream:remoteref) refs/heads/main refs/remotes/main [2ms]
2023-12-15 12:51:08.942 [warning] ENOENT: no such file or directory, open '/home/ikbal/repos/resortApp/.git/refs/remotes/origin/main'
2023-12-15 12:51:08.943 [info] > git rev-parse refs/remotes/origin/main [1ms]
2023-12-15 12:51:08.958 [info] > git status -z -uall [6ms]
2023-12-15 12:51:18.367 [info] > git show --textconv :frontend/src/components/styleguide/searchbar/location/location.scss [5ms]
2023-12-15 12:51:18.367 [info] > git ls-files --stage -- /home/ikbal/repos/resortApp/frontend/src/components/styleguide/searchbar/location/location.scss [1ms]
2023-12-15 12:51:31.989 [info] > git config --get commit.template [6ms]
2023-12-15 12:51:31.990 [info] > git for-each-ref --format=%(refname)%00%(upstream:short)%00%(objectname)%00%(upstream:track)%00%(upstream:remotename)%00%(upstream:remoteref) refs/heads/main refs/remotes/main [2ms]
2023-12-15 12:51:32.001 [warning] ENOENT: no such file or directory, open '/home/ikbal/repos/resortApp/.git/refs/remotes/origin/main'
2023-12-15 12:51:32.002 [info] > git rev-parse refs/remotes/origin/main [1ms]
2023-12-15 12:51:32.017 [info] > git status -z -uall [8ms]
2023-12-15 12:51:46.259 [info] > git config --get commit.template [8ms]
2023-12-15 12:51:46.260 [info] > git for-each-ref --format=%(refname)%00%(upstream:short)%00%(objectname)%00%(upstream:track)%00%(upstream:remotename)%00%(upstream:remoteref) refs/heads/main refs/remotes/main [2ms]
2023-12-15 12:51:46.269 [warning] ENOENT: no such file or directory, open '/home/ikbal/repos/resortApp/.git/refs/remotes/origin/main'
2023-12-15 12:51:46.271 [info] > git rev-parse refs/remotes/origin/main [2ms]
2023-12-15 12:51:46.289 [info] > git status -z -uall [8ms]
2023-12-15 12:52:14.632 [info] > git show --textconv :frontend/src/components/styleguide/searchbar/datepicker/datepicker.scss [5ms]
2023-12-15 12:52:14.632 [info] > git ls-files --stage -- /home/ikbal/repos/resortApp/frontend/src/components/styleguide/searchbar/datepicker/datepicker.scss [1ms]
2023-12-15 12:52:19.504 [info] > git config --get commit.template [11ms]
2023-12-15 12:52:19.505 [info] > git for-each-ref --format=%(refname)%00%(upstream:short)%00%(objectname)%00%(upstream:track)%00%(upstream:remotename)%00%(upstream:remoteref) refs/heads/main refs/remotes/main [2ms]
2023-12-15 12:52:19.514 [warning] ENOENT: no such file or directory, open '/home/ikbal/repos/resortApp/.git/refs/remotes/origin/main'
2023-12-15 12:52:19.515 [info] > git rev-parse refs/remotes/origin/main [1ms]
2023-12-15 12:52:19.532 [info] > git status -z -uall [8ms]
2023-12-15 12:52:27.565 [info] > git config --get commit.template [5ms]
2023-12-15 12:52:27.565 [info] > git for-each-ref --format=%(refname)%00%(upstream:short)%00%(objectname)%00%(upstream:track)%00%(upstream:remotename)%00%(upstream:remoteref) refs/heads/main refs/remotes/main [1ms]
2023-12-15 12:52:27.568 [warning] ENOENT: no such file or directory, open '/home/ikbal/repos/resortApp/.git/refs/remotes/origin/main'
2023-12-15 12:52:27.569 [info] > git rev-parse refs/remotes/origin/main [1ms]
2023-12-15 12:52:27.578 [info] > git status -z -uall [6ms]
2023-12-15 12:52:37.118 [info] > git show --textconv :frontend/src/components/styleguide/searchbar/location-date-search.scss [4ms]
2023-12-15 12:52:37.119 [info] > git ls-files --stage -- /home/ikbal/repos/resortApp/frontend/src/components/styleguide/searchbar/location-date-search.scss [1ms]
2023-12-15 12:52:39.329 [info] > git show --textconv :frontend/src/components/styleguide/searchbar/location/location.scss [12ms]
2023-12-15 12:52:39.330 [info] > git ls-files --stage -- /home/ikbal/repos/resortApp/frontend/src/components/styleguide/searchbar/location/location.scss [2ms]
2023-12-15 12:52:55.715 [info] > git config --get commit.template [0ms]
2023-12-15 12:52:55.720 [info] > git for-each-ref --format=%(refname)%00%(upstream:short)%00%(objectname)%00%(upstream:track)%00%(upstream:remotename)%00%(upstream:remoteref) refs/heads/main refs/remotes/main [1ms]
2023-12-15 12:52:55.724 [warning] ENOENT: no such file or directory, open '/home/ikbal/repos/resortApp/.git/refs/remotes/origin/main'
2023-12-15 12:52:55.724 [info] > git rev-parse refs/remotes/origin/main [0ms]
2023-12-15 12:52:55.732 [info] > git status -z -uall [4ms]
2023-12-15 12:54:04.864 [info] > git show --textconv :frontend/src/components/styleguide/searchbar/datepicker/datepicker.scss [5ms]
2023-12-15 12:54:04.865 [info] > git ls-files --stage -- /home/ikbal/repos/resortApp/frontend/src/components/styleguide/searchbar/datepicker/datepicker.scss [1ms]
2023-12-15 12:54:17.775 [info] > git config --get commit.template [4ms]
2023-12-15 12:54:17.775 [info] > git for-each-ref --format=%(refname)%00%(upstream:short)%00%(objectname)%00%(upstream:track)%00%(upstream:remotename)%00%(upstream:remoteref) refs/heads/main refs/remotes/main [1ms]
2023-12-15 12:54:17.779 [warning] ENOENT: no such file or directory, open '/home/ikbal/repos/resortApp/.git/refs/remotes/origin/main'
2023-12-15 12:54:17.779 [info] > git rev-parse refs/remotes/origin/main [0ms]
2023-12-15 12:54:17.787 [info] > git status -z -uall [4ms]
2023-12-15 12:54:24.275 [info] > git config --get commit.template [4ms]
2023-12-15 12:54:24.275 [info] > git for-each-ref --format=%(refname)%00%(upstream:short)%00%(objectname)%00%(upstream:track)%00%(upstream:remotename)%00%(upstream:remoteref) refs/heads/main refs/remotes/main [0ms]
2023-12-15 12:54:24.279 [warning] ENOENT: no such file or directory, open '/home/ikbal/repos/resortApp/.git/refs/remotes/origin/main'
2023-12-15 12:54:24.279 [info] > git rev-parse refs/remotes/origin/main [0ms]
2023-12-15 12:54:24.286 [info] > git status -z -uall [3ms]
2023-12-15 12:54:31.361 [info] > git config --get commit.template [5ms]
2023-12-15 12:54:31.362 [info] > git for-each-ref --format=%(refname)%00%(upstream:short)%00%(objectname)%00%(upstream:track)%00%(upstream:remotename)%00%(upstream:remoteref) refs/heads/main refs/remotes/main [0ms]
2023-12-15 12:54:31.367 [warning] ENOENT: no such file or directory, open '/home/ikbal/repos/resortApp/.git/refs/remotes/origin/main'
2023-12-15 12:54:31.368 [info] > git rev-parse refs/remotes/origin/main [1ms]
2023-12-15 12:54:31.377 [info] > git status -z -uall [4ms]
2023-12-15 12:54:55.568 [info] > git config --get commit.template [4ms]
2023-12-15 12:54:55.569 [info] > git for-each-ref --format=%(refname)%00%(upstream:short)%00%(objectname)%00%(upstream:track)%00%(upstream:remotename)%00%(upstream:remoteref) refs/heads/main refs/remotes/main [1ms]
2023-12-15 12:54:55.573 [warning] ENOENT: no such file or directory, open '/home/ikbal/repos/resortApp/.git/refs/remotes/origin/main'
2023-12-15 12:54:55.573 [info] > git rev-parse refs/remotes/origin/main [0ms]
2023-12-15 12:54:55.581 [info] > git status -z -uall [4ms]
2023-12-15 12:55:04.413 [info] > git show --textconv :frontend/src/components/styleguide/searchbar/location-date-search.scss [5ms]
2023-12-15 12:55:04.414 [info] > git ls-files --stage -- /home/ikbal/repos/resortApp/frontend/src/components/styleguide/searchbar/location-date-search.scss [1ms]
2023-12-15 12:55:09.784 [info] > git config --get commit.template [5ms]
2023-12-15 12:55:09.784 [info] > git for-each-ref --format=%(refname)%00%(upstream:short)%00%(objectname)%00%(upstream:track)%00%(upstream:remotename)%00%(upstream:remoteref) refs/heads/main refs/remotes/main [0ms]
2023-12-15 12:55:09.790 [warning] ENOENT: no such file or directory, open '/home/ikbal/repos/resortApp/.git/refs/remotes/origin/main'
2023-12-15 12:55:09.790 [info] > git rev-parse refs/remotes/origin/main [0ms]
2023-12-15 12:55:09.798 [info] > git status -z -uall [4ms]
2023-12-15 12:55:22.081 [info] > git config --get commit.template [6ms]
2023-12-15 12:55:22.082 [info] > git for-each-ref --format=%(refname)%00%(upstream:short)%00%(objectname)%00%(upstream:track)%00%(upstream:remotename)%00%(upstream:remoteref) refs/heads/main refs/remotes/main [1ms]
2023-12-15 12:55:22.088 [warning] ENOENT: no such file or directory, open '/home/ikbal/repos/resortApp/.git/refs/remotes/origin/main'
2023-12-15 12:55:22.089 [info] > git rev-parse refs/remotes/origin/main [0ms]
2023-12-15 12:55:22.097 [info] > git status -z -uall [4ms]
2023-12-15 12:55:27.112 [info] > git config --get commit.template [4ms]
2023-12-15 12:55:27.113 [info] > git for-each-ref --format=%(refname)%00%(upstream:short)%00%(objectname)%00%(upstream:track)%00%(upstream:remotename)%00%(upstream:remoteref) refs/heads/main refs/remotes/main [1ms]
2023-12-15 12:55:27.118 [warning] ENOENT: no such file or directory, open '/home/ikbal/repos/resortApp/.git/refs/remotes/origin/main'
2023-12-15 12:55:27.119 [info] > git rev-parse refs/remotes/origin/main [1ms]
2023-12-15 12:55:27.131 [info] > git status -z -uall [7ms]
2023-12-15 12:55:32.156 [info] > git config --get commit.template [11ms]
2023-12-15 12:55:32.156 [info] > git for-each-ref --format=%(refname)%00%(upstream:short)%00%(objectname)%00%(upstream:track)%00%(upstream:remotename)%00%(upstream:remoteref) refs/heads/main refs/remotes/main [1ms]
2023-12-15 12:55:32.165 [warning] ENOENT: no such file or directory, open '/home/ikbal/repos/resortApp/.git/refs/remotes/origin/main'
2023-12-15 12:55:32.166 [info] > git rev-parse refs/remotes/origin/main [1ms]
2023-12-15 12:55:32.178 [info] > git status -z -uall [7ms]
2023-12-15 12:55:37.191 [info] > git config --get commit.template [4ms]
2023-12-15 12:55:37.192 [info] > git for-each-ref --format=%(refname)%00%(upstream:short)%00%(objectname)%00%(upstream:track)%00%(upstream:remotename)%00%(upstream:remoteref) refs/heads/main refs/remotes/main [1ms]
2023-12-15 12:55:37.195 [warning] ENOENT: no such file or directory, open '/home/ikbal/repos/resortApp/.git/refs/remotes/origin/main'
2023-12-15 12:55:37.196 [info] > git rev-parse refs/remotes/origin/main [1ms]
2023-12-15 12:55:37.204 [info] > git status -z -uall [4ms]
2023-12-15 12:55:59.893 [info] > git config --get commit.template [9ms]
2023-12-15 12:55:59.894 [info] > git for-each-ref --format=%(refname)%00%(upstream:short)%00%(objectname)%00%(upstream:track)%00%(upstream:remotename)%00%(upstream:remoteref) refs/heads/main refs/remotes/main [2ms]
2023-12-15 12:55:59.902 [warning] ENOENT: no such file or directory, open '/home/ikbal/repos/resortApp/.git/refs/remotes/origin/main'
2023-12-15 12:55:59.903 [info] > git rev-parse refs/remotes/origin/main [1ms]
2023-12-15 12:55:59.913 [info] > git status -z -uall [4ms]
2023-12-15 12:56:07.760 [info] > git config --get commit.template [6ms]
2023-12-15 12:56:07.761 [info] > git for-each-ref --format=%(refname)%00%(upstream:short)%00%(objectname)%00%(upstream:track)%00%(upstream:remotename)%00%(upstream:remoteref) refs/heads/main refs/remotes/main [1ms]
2023-12-15 12:56:07.766 [warning] ENOENT: no such file or directory, open '/home/ikbal/repos/resortApp/.git/refs/remotes/origin/main'
2023-12-15 12:56:07.767 [info] > git rev-parse refs/remotes/origin/main [1ms]
2023-12-15 12:56:07.777 [info] > git status -z -uall [5ms]
2023-12-15 12:56:27.448 [info] > git config --get commit.template [6ms]
2023-12-15 12:56:27.448 [info] > git for-each-ref --format=%(refname)%00%(upstream:short)%00%(objectname)%00%(upstream:track)%00%(upstream:remotename)%00%(upstream:remoteref) refs/heads/main refs/remotes/main [1ms]
2023-12-15 12:56:27.454 [warning] ENOENT: no such file or directory, open '/home/ikbal/repos/resortApp/.git/refs/remotes/origin/main'
2023-12-15 12:56:27.455 [info] > git rev-parse refs/remotes/origin/main [1ms]
2023-12-15 12:56:27.464 [info] > git status -z -uall [4ms]
2023-12-15 12:56:39.357 [info] > git config --get commit.template [4ms]
2023-12-15 12:56:39.357 [info] > git for-each-ref --format=%(refname)%00%(upstream:short)%00%(objectname)%00%(upstream:track)%00%(upstream:remotename)%00%(upstream:remoteref) refs/heads/main refs/remotes/main [1ms]
2023-12-15 12:56:39.361 [warning] ENOENT: no such file or directory, open '/home/ikbal/repos/resortApp/.git/refs/remotes/origin/main'
2023-12-15 12:56:39.361 [info] > git rev-parse refs/remotes/origin/main [0ms]
2023-12-15 12:56:39.368 [info] > git status -z -uall [4ms]
2023-12-15 12:56:47.047 [info] > git config --get commit.template [6ms]
2023-12-15 12:56:47.048 [info] > git for-each-ref --format=%(refname)%00%(upstream:short)%00%(objectname)%00%(upstream:track)%00%(upstream:remotename)%00%(upstream:remoteref) refs/heads/main refs/remotes/main [1ms]
2023-12-15 12:56:47.053 [warning] ENOENT: no such file or directory, open '/home/ikbal/repos/resortApp/.git/refs/remotes/origin/main'
2023-12-15 12:56:47.053 [info] > git rev-parse refs/remotes/origin/main [0ms]
2023-12-15 12:56:47.063 [info] > git status -z -uall [5ms]
2023-12-15 12:57:05.263 [info] > git show --textconv :frontend/src/components/styleguide/searchbar/location-date-search/index.jsx [4ms]
2023-12-15 12:57:05.264 [info] > git ls-files --stage -- /home/ikbal/repos/resortApp/frontend/src/components/styleguide/searchbar/location-date-search/index.jsx [1ms]
2023-12-15 12:57:19.493 [info] > git config --get commit.template [4ms]
2023-12-15 12:57:19.494 [info] > git for-each-ref --format=%(refname)%00%(upstream:short)%00%(objectname)%00%(upstream:track)%00%(upstream:remotename)%00%(upstream:remoteref) refs/heads/main refs/remotes/main [1ms]
2023-12-15 12:57:19.497 [warning] ENOENT: no such file or directory, open '/home/ikbal/repos/resortApp/.git/refs/remotes/origin/main'
2023-12-15 12:57:19.498 [info] > git rev-parse refs/remotes/origin/main [0ms]
2023-12-15 12:57:19.505 [info] > git status -z -uall [4ms]
2023-12-15 12:57:19.795 [info] > git show --textconv :frontend/src/components/styleguide/searchbar/location-date-search.scss [5ms]
2023-12-15 12:57:19.795 [info] > git ls-files --stage -- /home/ikbal/repos/resortApp/frontend/src/components/styleguide/searchbar/location-date-search.scss [1ms]
2023-12-15 12:58:12.273 [info] > git config --get commit.template [4ms]
2023-12-15 12:58:12.274 [info] > git for-each-ref --format=%(refname)%00%(upstream:short)%00%(objectname)%00%(upstream:track)%00%(upstream:remotename)%00%(upstream:remoteref) refs/heads/main refs/remotes/main [0ms]
2023-12-15 12:58:12.277 [warning] ENOENT: no such file or directory, open '/home/ikbal/repos/resortApp/.git/refs/remotes/origin/main'
2023-12-15 12:58:12.278 [info] > git rev-parse refs/remotes/origin/main [1ms]
2023-12-15 12:58:12.285 [info] > git status -z -uall [4ms]
2023-12-15 12:58:29.140 [info] > git show --textconv :frontend/src/components/styleguide/searchbar/location/location.scss [5ms]
2023-12-15 12:58:29.140 [info] > git ls-files --stage -- /home/ikbal/repos/resortApp/frontend/src/components/styleguide/searchbar/location/location.scss [1ms]
2023-12-15 12:58:29.658 [info] > git show --textconv :frontend/src/components/styleguide/searchbar/location-date-search.scss [4ms]
2023-12-15 12:58:29.659 [info] > git ls-files --stage -- /home/ikbal/repos/resortApp/frontend/src/components/styleguide/searchbar/location-date-search.scss [1ms]
2023-12-15 12:58:31.124 [info] > git show --textconv :frontend/src/components/styleguide/searchbar/location-date-search/index.jsx [5ms]
2023-12-15 12:58:31.124 [info] > git ls-files --stage -- /home/ikbal/repos/resortApp/frontend/src/components/styleguide/searchbar/location-date-search/index.jsx [0ms]
2023-12-15 12:58:32.459 [info] > git show --textconv :frontend/src/components/styleguide/searchbar/location/index.jsx [5ms]
2023-12-15 12:58:32.460 [info] > git ls-files --stage -- /home/ikbal/repos/resortApp/frontend/src/components/styleguide/searchbar/location/index.jsx [0ms]
2023-12-15 12:58:43.189 [info] > git config --get commit.template [5ms]
2023-12-15 12:58:43.189 [info] > git for-each-ref --format=%(refname)%00%(upstream:short)%00%(objectname)%00%(upstream:track)%00%(upstream:remotename)%00%(upstream:remoteref) refs/heads/main refs/remotes/main [1ms]
2023-12-15 12:58:43.193 [warning] ENOENT: no such file or directory, open '/home/ikbal/repos/resortApp/.git/refs/remotes/origin/main'
2023-12-15 12:58:43.193 [info] > git rev-parse refs/remotes/origin/main [1ms]
2023-12-15 12:58:43.201 [info] > git status -z -uall [4ms]
2023-12-15 12:58:48.336 [info] > git config --get commit.template [12ms]
2023-12-15 12:58:48.337 [info] > git for-each-ref --format=%(refname)%00%(upstream:short)%00%(objectname)%00%(upstream:track)%00%(upstream:remotename)%00%(upstream:remoteref) refs/heads/main refs/remotes/main [3ms]
2023-12-15 12:58:48.345 [warning] ENOENT: no such file or directory, open '/home/ikbal/repos/resortApp/.git/refs/remotes/origin/main'
2023-12-15 12:58:48.346 [info] > git rev-parse refs/remotes/origin/main [1ms]
2023-12-15 12:58:48.357 [info] > git status -z -uall [4ms]
2023-12-15 12:58:54.760 [info] > git config --get commit.template [6ms]
2023-12-15 12:58:54.761 [info] > git for-each-ref --format=%(refname)%00%(upstream:short)%00%(objectname)%00%(upstream:track)%00%(upstream:remotename)%00%(upstream:remoteref) refs/heads/main refs/remotes/main [1ms]
2023-12-15 12:58:54.766 [warning] ENOENT: no such file or directory, open '/home/ikbal/repos/resortApp/.git/refs/remotes/origin/main'
2023-12-15 12:58:54.767 [info] > git rev-parse refs/remotes/origin/main [1ms]
2023-12-15 12:58:54.776 [info] > git status -z -uall [4ms]
2023-12-15 12:58:56.167 [info] > git show --textconv :frontend/src/components/styleguide/searchbar/location-date-search.scss [4ms]
2023-12-15 12:58:56.168 [info] > git ls-files --stage -- /home/ikbal/repos/resortApp/frontend/src/components/styleguide/searchbar/location-date-search.scss [1ms]
2023-12-15 12:58:57.011 [info] > git show --textconv :frontend/src/components/styleguide/searchbar/location/index.jsx [4ms]
2023-12-15 12:58:57.012 [info] > git ls-files --stage -- /home/ikbal/repos/resortApp/frontend/src/components/styleguide/searchbar/location/index.jsx [1ms]
2023-12-15 12:58:57.688 [info] > git show --textconv :frontend/src/components/styleguide/searchbar/location-date-search.scss [5ms]
2023-12-15 12:58:57.688 [info] > git ls-files --stage -- /home/ikbal/repos/resortApp/frontend/src/components/styleguide/searchbar/location-date-search.scss [1ms]
2023-12-15 12:59:05.207 [info] > git config --get commit.template [5ms]
2023-12-15 12:59:05.208 [info] > git for-each-ref --format=%(refname)%00%(upstream:short)%00%(objectname)%00%(upstream:track)%00%(upstream:remotename)%00%(upstream:remoteref) refs/heads/main refs/remotes/main [1ms]
2023-12-15 12:59:05.211 [warning] ENOENT: no such file or directory, open '/home/ikbal/repos/resortApp/.git/refs/remotes/origin/main'
2023-12-15 12:59:05.212 [info] > git rev-parse refs/remotes/origin/main [0ms]
2023-12-15 12:59:05.219 [info] > git status -z -uall [4ms]
2023-12-15 13:00:15.794 [info] > git config --get commit.template [4ms]
2023-12-15 13:00:15.794 [info] > git for-each-ref --format=%(refname)%00%(upstream:short)%00%(objectname)%00%(upstream:track)%00%(upstream:remotename)%00%(upstream:remoteref) refs/heads/main refs/remotes/main [0ms]
2023-12-15 13:00:15.798 [warning] ENOENT: no such file or directory, open '/home/ikbal/repos/resortApp/.git/refs/remotes/origin/main'
2023-12-15 13:00:15.799 [info] > git rev-parse refs/remotes/origin/main [1ms]
2023-12-15 13:00:15.809 [info] > git status -z -uall [5ms]
2023-12-15 13:00:41.941 [info] > git config --get commit.template [4ms]
2023-12-15 13:00:41.942 [info] > git for-each-ref --format=%(refname)%00%(upstream:short)%00%(objectname)%00%(upstream:track)%00%(upstream:remotename)%00%(upstream:remoteref) refs/heads/main refs/remotes/main [0ms]
2023-12-15 13:00:41.946 [warning] ENOENT: no such file or directory, open '/home/ikbal/repos/resortApp/.git/refs/remotes/origin/main'
2023-12-15 13:00:41.947 [info] > git rev-parse refs/remotes/origin/main [0ms]
2023-12-15 13:00:41.954 [info] > git status -z -uall [3ms]
2023-12-15 13:00:53.608 [info] > git config --get commit.template [6ms]
2023-12-15 13:00:53.608 [info] > git for-each-ref --format=%(refname)%00%(upstream:short)%00%(objectname)%00%(upstream:track)%00%(upstream:remotename)%00%(upstream:remoteref) refs/heads/main refs/remotes/main [1ms]
2023-12-15 13:00:53.614 [warning] ENOENT: no such file or directory, open '/home/ikbal/repos/resortApp/.git/refs/remotes/origin/main'
2023-12-15 13:00:53.615 [info] > git rev-parse refs/remotes/origin/main [1ms]
2023-12-15 13:00:53.624 [info] > git status -z -uall [4ms]
2023-12-15 13:01:08.873 [info] > git config --get commit.template [7ms]
2023-12-15 13:01:08.874 [info] > git for-each-ref --format=%(refname)%00%(upstream:short)%00%(objectname)%00%(upstream:track)%00%(upstream:remotename)%00%(upstream:remoteref) refs/heads/main refs/remotes/main [2ms]
2023-12-15 13:01:08.880 [warning] ENOENT: no such file or directory, open '/home/ikbal/repos/resortApp/.git/refs/remotes/origin/main'
2023-12-15 13:01:08.881 [info] > git rev-parse refs/remotes/origin/main [1ms]
2023-12-15 13:01:08.895 [info] > git status -z -uall [7ms]
2023-12-15 13:01:16.590 [info] > git config --get commit.template [10ms]
2023-12-15 13:01:16.591 [info] > git for-each-ref --format=%(refname)%00%(upstream:short)%00%(objectname)%00%(upstream:track)%00%(upstream:remotename)%00%(upstream:remoteref) refs/heads/main refs/remotes/main [1ms]
2023-12-15 13:01:16.598 [warning] ENOENT: no such file or directory, open '/home/ikbal/repos/resortApp/.git/refs/remotes/origin/main'
2023-12-15 13:01:16.600 [info] > git rev-parse refs/remotes/origin/main [2ms]
2023-12-15 13:01:16.619 [info] > git status -z -uall [10ms]
2023-12-15 13:01:24.729 [info] > git config --get commit.template [0ms]
2023-12-15 13:01:24.733 [info] > git for-each-ref --format=%(refname)%00%(upstream:short)%00%(objectname)%00%(upstream:track)%00%(upstream:remotename)%00%(upstream:remoteref) refs/heads/main refs/remotes/main [1ms]
2023-12-15 13:01:24.736 [warning] ENOENT: no such file or directory, open '/home/ikbal/repos/resortApp/.git/refs/remotes/origin/main'
2023-12-15 13:01:24.737 [info] > git rev-parse refs/remotes/origin/main [1ms]
2023-12-15 13:01:24.744 [info] > git status -z -uall [4ms]
2023-12-15 13:01:51.814 [info] > git config --get commit.template [12ms]
2023-12-15 13:01:51.815 [info] > git for-each-ref --format=%(refname)%00%(upstream:short)%00%(objectname)%00%(upstream:track)%00%(upstream:remotename)%00%(upstream:remoteref) refs/heads/main refs/remotes/main [2ms]
2023-12-15 13:01:51.826 [warning] ENOENT: no such file or directory, open '/home/ikbal/repos/resortApp/.git/refs/remotes/origin/main'
2023-12-15 13:01:51.827 [info] > git rev-parse refs/remotes/origin/main [2ms]
2023-12-15 13:01:51.839 [info] > git status -z -uall [5ms]
2023-12-15 13:02:18.764 [info] > git show --textconv :frontend/src/components/styleguide/searchbar/location/index.jsx [4ms]
2023-12-15 13:02:18.765 [info] > git ls-files --stage -- /home/ikbal/repos/resortApp/frontend/src/components/styleguide/searchbar/location/index.jsx [1ms]
2023-12-15 13:02:22.368 [info] > git show --textconv :frontend/src/components/styleguide/searchbar/location-date-search.scss [4ms]
2023-12-15 13:02:22.369 [info] > git ls-files --stage -- /home/ikbal/repos/resortApp/frontend/src/components/styleguide/searchbar/location-date-search.scss [1ms]
2023-12-15 13:02:23.242 [info] > git show --textconv :frontend/src/components/styleguide/searchbar/location/location.scss [4ms]
2023-12-15 13:02:23.242 [info] > git ls-files --stage -- /home/ikbal/repos/resortApp/frontend/src/components/styleguide/searchbar/location/location.scss [1ms]
2023-12-15 13:02:35.876 [info] > git config --get commit.template [5ms]
2023-12-15 13:02:35.876 [info] > git for-each-ref --format=%(refname)%00%(upstream:short)%00%(objectname)%00%(upstream:track)%00%(upstream:remotename)%00%(upstream:remoteref) refs/heads/main refs/remotes/main [0ms]
2023-12-15 13:02:35.880 [warning] ENOENT: no such file or directory, open '/home/ikbal/repos/resortApp/.git/refs/remotes/origin/main'
2023-12-15 13:02:35.881 [info] > git rev-parse refs/remotes/origin/main [1ms]
2023-12-15 13:02:35.889 [info] > git status -z -uall [4ms]
2023-12-15 13:02:51.842 [info] > git config --get commit.template [4ms]
2023-12-15 13:02:51.843 [info] > git for-each-ref --format=%(refname)%00%(upstream:short)%00%(objectname)%00%(upstream:track)%00%(upstream:remotename)%00%(upstream:remoteref) refs/heads/main refs/remotes/main [1ms]
2023-12-15 13:02:51.847 [warning] ENOENT: no such file or directory, open '/home/ikbal/repos/resortApp/.git/refs/remotes/origin/main'
2023-12-15 13:02:51.848 [info] > git rev-parse refs/remotes/origin/main [1ms]
2023-12-15 13:02:51.856 [info] > git status -z -uall [5ms]
2023-12-15 13:02:58.669 [info] > git show --textconv :frontend/src/components/styleguide/searchbar/datepicker/datepicker.scss [6ms]
2023-12-15 13:02:58.670 [info] > git ls-files --stage -- /home/ikbal/repos/resortApp/frontend/src/components/styleguide/searchbar/datepicker/datepicker.scss [2ms]
2023-12-15 13:03:08.083 [info] > git config --get commit.template [4ms]
2023-12-15 13:03:08.084 [info] > git for-each-ref --format=%(refname)%00%(upstream:short)%00%(objectname)%00%(upstream:track)%00%(upstream:remotename)%00%(upstream:remoteref) refs/heads/main refs/remotes/main [1ms]
2023-12-15 13:03:08.087 [warning] ENOENT: no such file or directory, open '/home/ikbal/repos/resortApp/.git/refs/remotes/origin/main'
2023-12-15 13:03:08.087 [info] > git rev-parse refs/remotes/origin/main [0ms]
2023-12-15 13:03:08.095 [info] > git status -z -uall [4ms]
2023-12-15 13:03:17.507 [info] > git config --get commit.template [13ms]
2023-12-15 13:03:17.508 [info] > git for-each-ref --format=%(refname)%00%(upstream:short)%00%(objectname)%00%(upstream:track)%00%(upstream:remotename)%00%(upstream:remoteref) refs/heads/main refs/remotes/main [2ms]
2023-12-15 13:03:17.518 [warning] ENOENT: no such file or directory, open '/home/ikbal/repos/resortApp/.git/refs/remotes/origin/main'
2023-12-15 13:03:17.519 [info] > git rev-parse refs/remotes/origin/main [1ms]
2023-12-15 13:03:17.529 [info] > git status -z -uall [4ms]
2023-12-15 13:03:29.709 [info] > git config --get commit.template [1ms]
2023-12-15 13:03:29.714 [info] > git for-each-ref --format=%(refname)%00%(upstream:short)%00%(objectname)%00%(upstream:track)%00%(upstream:remotename)%00%(upstream:remoteref) refs/heads/main refs/remotes/main [1ms]
2023-12-15 13:03:29.717 [warning] ENOENT: no such file or directory, open '/home/ikbal/repos/resortApp/.git/refs/remotes/origin/main'
2023-12-15 13:03:29.718 [info] > git rev-parse refs/remotes/origin/main [1ms]
2023-12-15 13:03:29.727 [info] > git status -z -uall [6ms]
2023-12-15 13:04:12.443 [info] > git config --get commit.template [5ms]
2023-12-15 13:04:12.444 [info] > git for-each-ref --format=%(refname)%00%(upstream:short)%00%(objectname)%00%(upstream:track)%00%(upstream:remotename)%00%(upstream:remoteref) refs/heads/main refs/remotes/main [1ms]
2023-12-15 13:04:12.447 [warning] ENOENT: no such file or directory, open '/home/ikbal/repos/resortApp/.git/refs/remotes/origin/main'
2023-12-15 13:04:12.448 [info] > git rev-parse refs/remotes/origin/main [1ms]
2023-12-15 13:04:12.456 [info] > git status -z -uall [4ms]
2023-12-15 13:04:19.658 [info] > git config --get commit.template [4ms]
2023-12-15 13:04:19.659 [info] > git for-each-ref --format=%(refname)%00%(upstream:short)%00%(objectname)%00%(upstream:track)%00%(upstream:remotename)%00%(upstream:remoteref) refs/heads/main refs/remotes/main [1ms]
2023-12-15 13:04:19.663 [warning] ENOENT: no such file or directory, open '/home/ikbal/repos/resortApp/.git/refs/remotes/origin/main'
2023-12-15 13:04:19.663 [info] > git rev-parse refs/remotes/origin/main [0ms]
2023-12-15 13:04:19.672 [info] > git status -z -uall [4ms]
2023-12-15 13:05:12.288 [info] > git show --textconv :frontend/src/components/styleguide/searchbar/location-date-search.scss [4ms]
2023-12-15 13:05:12.289 [info] > git ls-files --stage -- /home/ikbal/repos/resortApp/frontend/src/components/styleguide/searchbar/location-date-search.scss [1ms]
2023-12-15 13:05:17.130 [info] > git config --get commit.template [4ms]
2023-12-15 13:05:17.131 [info] > git for-each-ref --format=%(refname)%00%(upstream:short)%00%(objectname)%00%(upstream:track)%00%(upstream:remotename)%00%(upstream:remoteref) refs/heads/main refs/remotes/main [1ms]
2023-12-15 13:05:17.135 [warning] ENOENT: no such file or directory, open '/home/ikbal/repos/resortApp/.git/refs/remotes/origin/main'
2023-12-15 13:05:17.135 [info] > git rev-parse refs/remotes/origin/main [0ms]
2023-12-15 13:05:17.143 [info] > git status -z -uall [4ms]
2023-12-15 13:05:29.869 [info] > git config --get commit.template [7ms]
2023-12-15 13:05:29.869 [info] > git for-each-ref --format=%(refname)%00%(upstream:short)%00%(objectname)%00%(upstream:track)%00%(upstream:remotename)%00%(upstream:remoteref) refs/heads/main refs/remotes/main [1ms]
2023-12-15 13:05:29.875 [warning] ENOENT: no such file or directory, open '/home/ikbal/repos/resortApp/.git/refs/remotes/origin/main'
2023-12-15 13:05:29.876 [info] > git rev-parse refs/remotes/origin/main [1ms]
2023-12-15 13:05:29.885 [info] > git status -z -uall [4ms]
2023-12-15 13:05:43.100 [info] > git config --get commit.template [6ms]
2023-12-15 13:05:43.100 [info] > git for-each-ref --format=%(refname)%00%(upstream:short)%00%(objectname)%00%(upstream:track)%00%(upstream:remotename)%00%(upstream:remoteref) refs/heads/main refs/remotes/main [1ms]
2023-12-15 13:05:43.105 [warning] ENOENT: no such file or directory, open '/home/ikbal/repos/resortApp/.git/refs/remotes/origin/main'
2023-12-15 13:05:43.106 [info] > git rev-parse refs/remotes/origin/main [1ms]
2023-12-15 13:05:43.115 [info] > git status -z -uall [5ms]
2023-12-15 13:05:44.671 [info] > git show --textconv :frontend/src/components/styleguide/searchbar/location/location.scss [11ms]
2023-12-15 13:05:44.672 [info] > git ls-files --stage -- /home/ikbal/repos/resortApp/frontend/src/components/styleguide/searchbar/location/location.scss [2ms]
2023-12-15 13:05:46.968 [info] > git show --textconv :frontend/src/components/styleguide/searchbar/datepicker/datepicker.scss [11ms]
2023-12-15 13:05:46.969 [info] > git ls-files --stage -- /home/ikbal/repos/resortApp/frontend/src/components/styleguide/searchbar/datepicker/datepicker.scss [0ms]
2023-12-15 13:05:52.358 [info] > git config --get commit.template [0ms]
2023-12-15 13:05:52.363 [info] > git for-each-ref --format=%(refname)%00%(upstream:short)%00%(objectname)%00%(upstream:track)%00%(upstream:remotename)%00%(upstream:remoteref) refs/heads/main refs/remotes/main [0ms]
2023-12-15 13:05:52.367 [warning] ENOENT: no such file or directory, open '/home/ikbal/repos/resortApp/.git/refs/remotes/origin/main'
2023-12-15 13:05:52.367 [info] > git rev-parse refs/remotes/origin/main [0ms]
2023-12-15 13:05:52.375 [info] > git status -z -uall [4ms]
2023-12-15 13:05:57.387 [info] > git config --get commit.template [4ms]
2023-12-15 13:05:57.388 [info] > git for-each-ref --format=%(refname)%00%(upstream:short)%00%(objectname)%00%(upstream:track)%00%(upstream:remotename)%00%(upstream:remoteref) refs/heads/main refs/remotes/main [1ms]
2023-12-15 13:05:57.391 [warning] ENOENT: no such file or directory, open '/home/ikbal/repos/resortApp/.git/refs/remotes/origin/main'
2023-12-15 13:05:57.392 [info] > git rev-parse refs/remotes/origin/main [1ms]
2023-12-15 13:05:57.399 [info] > git status -z -uall [4ms]
2023-12-15 13:06:02.419 [info] > git config --get commit.template [5ms]
2023-12-15 13:06:02.419 [info] > git for-each-ref --format=%(refname)%00%(upstream:short)%00%(objectname)%00%(upstream:track)%00%(upstream:remotename)%00%(upstream:remoteref) refs/heads/main refs/remotes/main [1ms]
2023-12-15 13:06:02.426 [warning] ENOENT: no such file or directory, open '/home/ikbal/repos/resortApp/.git/refs/remotes/origin/main'
2023-12-15 13:06:02.426 [info] > git rev-parse refs/remotes/origin/main [0ms]
2023-12-15 13:06:02.441 [info] > git status -z -uall [8ms]
2023-12-15 13:06:25.525 [info] > git config --get commit.template [4ms]
2023-12-15 13:06:25.526 [info] > git for-each-ref --format=%(refname)%00%(upstream:short)%00%(objectname)%00%(upstream:track)%00%(upstream:remotename)%00%(upstream:remoteref) refs/heads/main refs/remotes/main [1ms]
2023-12-15 13:06:25.530 [warning] ENOENT: no such file or directory, open '/home/ikbal/repos/resortApp/.git/refs/remotes/origin/main'
2023-12-15 13:06:25.530 [info] > git rev-parse refs/remotes/origin/main [0ms]
2023-12-15 13:06:25.538 [info] > git status -z -uall [4ms]
2023-12-15 13:06:31.272 [info] > git config --get commit.template [11ms]
2023-12-15 13:06:31.273 [info] > git for-each-ref --format=%(refname)%00%(upstream:short)%00%(objectname)%00%(upstream:track)%00%(upstream:remotename)%00%(upstream:remoteref) refs/heads/main refs/remotes/main [2ms]
2023-12-15 13:06:31.280 [warning] ENOENT: no such file or directory, open '/home/ikbal/repos/resortApp/.git/refs/remotes/origin/main'
2023-12-15 13:06:31.281 [info] > git rev-parse refs/remotes/origin/main [1ms]
2023-12-15 13:06:31.294 [info] > git status -z -uall [7ms]
2023-12-15 13:06:58.146 [info] > git config --get commit.template [5ms]
2023-12-15 13:06:58.146 [info] > git for-each-ref --format=%(refname)%00%(upstream:short)%00%(objectname)%00%(upstream:track)%00%(upstream:remotename)%00%(upstream:remoteref) refs/heads/main refs/remotes/main [1ms]
2023-12-15 13:06:58.150 [warning] ENOENT: no such file or directory, open '/home/ikbal/repos/resortApp/.git/refs/remotes/origin/main'
2023-12-15 13:06:58.150 [info] > git rev-parse refs/remotes/origin/main [0ms]
2023-12-15 13:06:58.157 [info] > git status -z -uall [4ms]
2023-12-15 13:07:16.622 [info] > git config --get commit.template [5ms]
2023-12-15 13:07:16.622 [info] > git for-each-ref --format=%(refname)%00%(upstream:short)%00%(objectname)%00%(upstream:track)%00%(upstream:remotename)%00%(upstream:remoteref) refs/heads/main refs/remotes/main [1ms]
2023-12-15 13:07:16.625 [warning] ENOENT: no such file or directory, open '/home/ikbal/repos/resortApp/.git/refs/remotes/origin/main'
2023-12-15 13:07:16.626 [info] > git rev-parse refs/remotes/origin/main [1ms]
2023-12-15 13:07:16.634 [info] > git status -z -uall [4ms]
2023-12-15 13:07:21.646 [info] > git config --get commit.template [5ms]
2023-12-15 13:07:21.646 [info] > git for-each-ref --format=%(refname)%00%(upstream:short)%00%(objectname)%00%(upstream:track)%00%(upstream:remotename)%00%(upstream:remoteref) refs/heads/main refs/remotes/main [0ms]
2023-12-15 13:07:21.650 [warning] ENOENT: no such file or directory, open '/home/ikbal/repos/resortApp/.git/refs/remotes/origin/main'
2023-12-15 13:07:21.650 [info] > git rev-parse refs/remotes/origin/main [0ms]
2023-12-15 13:07:21.658 [info] > git status -z -uall [4ms]
2023-12-15 13:07:34.751 [info] > git config --get commit.template [5ms]
2023-12-15 13:07:34.752 [info] > git for-each-ref --format=%(refname)%00%(upstream:short)%00%(objectname)%00%(upstream:track)%00%(upstream:remotename)%00%(upstream:remoteref) refs/heads/main refs/remotes/main [1ms]
2023-12-15 13:07:34.756 [warning] ENOENT: no such file or directory, open '/home/ikbal/repos/resortApp/.git/refs/remotes/origin/main'
2023-12-15 13:07:34.757 [info] > git rev-parse refs/remotes/origin/main [1ms]
2023-12-15 13:07:34.767 [info] > git status -z -uall [6ms]
2023-12-15 13:08:37.702 [info] > git show --textconv :frontend/src/components/styleguide/searchbar/location-date-search.scss [5ms]
2023-12-15 13:08:37.702 [info] > git ls-files --stage -- /home/ikbal/repos/resortApp/frontend/src/components/styleguide/searchbar/location-date-search.scss [1ms]
2023-12-15 13:08:50.279 [info] > git config --get commit.template [4ms]
2023-12-15 13:08:50.279 [info] > git for-each-ref --format=%(refname)%00%(upstream:short)%00%(objectname)%00%(upstream:track)%00%(upstream:remotename)%00%(upstream:remoteref) refs/heads/main refs/remotes/main [0ms]
2023-12-15 13:08:50.283 [warning] ENOENT: no such file or directory, open '/home/ikbal/repos/resortApp/.git/refs/remotes/origin/main'
2023-12-15 13:08:50.284 [info] > git rev-parse refs/remotes/origin/main [1ms]
2023-12-15 13:08:50.291 [info] > git status -z -uall [4ms]
2023-12-15 13:08:59.826 [info] > git config --get commit.template [7ms]
2023-12-15 13:08:59.827 [info] > git for-each-ref --format=%(refname)%00%(upstream:short)%00%(objectname)%00%(upstream:track)%00%(upstream:remotename)%00%(upstream:remoteref) refs/heads/main refs/remotes/main [2ms]
2023-12-15 13:08:59.833 [warning] ENOENT: no such file or directory, open '/home/ikbal/repos/resortApp/.git/refs/remotes/origin/main'
2023-12-15 13:08:59.834 [info] > git rev-parse refs/remotes/origin/main [1ms]
2023-12-15 13:08:59.846 [info] > git status -z -uall [8ms]
2023-12-15 13:09:07.823 [info] > git config --get commit.template [5ms]
2023-12-15 13:09:07.823 [info] > git for-each-ref --format=%(refname)%00%(upstream:short)%00%(objectname)%00%(upstream:track)%00%(upstream:remotename)%00%(upstream:remoteref) refs/heads/main refs/remotes/main [1ms]
2023-12-15 13:09:07.827 [warning] ENOENT: no such file or directory, open '/home/ikbal/repos/resortApp/.git/refs/remotes/origin/main'
2023-12-15 13:09:07.827 [info] > git rev-parse refs/remotes/origin/main [0ms]
2023-12-15 13:09:07.834 [info] > git status -z -uall [3ms]
2023-12-16 00:01:59.168 [info] > git config --get commit.template [5ms]
2023-12-16 00:01:59.168 [info] > git for-each-ref --format=%(refname)%00%(upstream:short)%00%(objectname)%00%(upstream:track)%00%(upstream:remotename)%00%(upstream:remoteref) refs/heads/main refs/remotes/main [0ms]
2023-12-16 00:01:59.172 [warning] ENOENT: no such file or directory, open '/home/ikbal/repos/resortApp/.git/refs/remotes/origin/main'
2023-12-16 00:01:59.173 [info] > git rev-parse refs/remotes/origin/main [1ms]
2023-12-16 00:01:59.181 [info] > git status -z -uall [4ms]
2023-12-16 00:02:38.647 [info] > git config --get commit.template [4ms]
2023-12-16 00:02:38.647 [info] > git for-each-ref --format=%(refname)%00%(upstream:short)%00%(objectname)%00%(upstream:track)%00%(upstream:remotename)%00%(upstream:remoteref) refs/heads/main refs/remotes/main [1ms]
2023-12-16 00:02:38.651 [warning] ENOENT: no such file or directory, open '/home/ikbal/repos/resortApp/.git/refs/remotes/origin/main'
2023-12-16 00:02:38.651 [info] > git rev-parse refs/remotes/origin/main [0ms]
2023-12-16 00:02:38.659 [info] > git status -z -uall [4ms]
2023-12-16 00:03:13.819 [info] > git config --get commit.template [4ms]
2023-12-16 00:03:13.819 [info] > git for-each-ref --format=%(refname)%00%(upstream:short)%00%(objectname)%00%(upstream:track)%00%(upstream:remotename)%00%(upstream:remoteref) refs/heads/main refs/remotes/main [1ms]
2023-12-16 00:03:13.823 [warning] ENOENT: no such file or directory, open '/home/ikbal/repos/resortApp/.git/refs/remotes/origin/main'
2023-12-16 00:03:13.824 [info] > git rev-parse refs/remotes/origin/main [1ms]
2023-12-16 00:03:13.831 [info] > git status -z -uall [4ms]
2023-12-16 00:04:15.054 [info] > git show --textconv :frontend/src/components/styleguide/searchbar/location/location.scss [5ms]
2023-12-16 00:04:15.055 [info] > git ls-files --stage -- /home/ikbal/repos/resortApp/frontend/src/components/styleguide/searchbar/location/location.scss [1ms]
2023-12-16 00:04:16.437 [info] > git show --textconv :frontend/src/components/styleguide/searchbar/datepicker/datepicker.scss [5ms]
2023-12-16 00:04:16.438 [info] > git ls-files --stage -- /home/ikbal/repos/resortApp/frontend/src/components/styleguide/searchbar/datepicker/datepicker.scss [1ms]
2023-12-16 00:04:44.390 [info] > git config --get commit.template [12ms]
2023-12-16 00:04:44.391 [info] > git for-each-ref --format=%(refname)%00%(upstream:short)%00%(objectname)%00%(upstream:track)%00%(upstream:remotename)%00%(upstream:remoteref) refs/heads/main refs/remotes/main [1ms]
2023-12-16 00:04:44.399 [warning] ENOENT: no such file or directory, open '/home/ikbal/repos/resortApp/.git/refs/remotes/origin/main'
2023-12-16 00:04:44.400 [info] > git rev-parse refs/remotes/origin/main [1ms]
2023-12-16 00:04:44.413 [info] > git status -z -uall [6ms]
2023-12-16 00:04:58.020 [info] > git config --get commit.template [1ms]
2023-12-16 00:04:58.025 [info] > git for-each-ref --format=%(refname)%00%(upstream:short)%00%(objectname)%00%(upstream:track)%00%(upstream:remotename)%00%(upstream:remoteref) refs/heads/main refs/remotes/main [1ms]
2023-12-16 00:04:58.028 [warning] ENOENT: no such file or directory, open '/home/ikbal/repos/resortApp/.git/refs/remotes/origin/main'
2023-12-16 00:04:58.029 [info] > git rev-parse refs/remotes/origin/main [1ms]
2023-12-16 00:04:58.036 [info] > git status -z -uall [4ms]
2023-12-16 00:05:15.943 [info] > git config --get commit.template [10ms]
2023-12-16 00:05:15.945 [info] > git for-each-ref --format=%(refname)%00%(upstream:short)%00%(objectname)%00%(upstream:track)%00%(upstream:remotename)%00%(upstream:remoteref) refs/heads/main refs/remotes/main [3ms]
2023-12-16 00:05:15.954 [warning] ENOENT: no such file or directory, open '/home/ikbal/repos/resortApp/.git/refs/remotes/origin/main'
2023-12-16 00:05:15.956 [info] > git rev-parse refs/remotes/origin/main [2ms]
2023-12-16 00:05:15.970 [info] > git status -z -uall [6ms]
2023-12-16 00:05:21.839 [info] > git config --get commit.template [5ms]
2023-12-16 00:05:21.840 [info] > git for-each-ref --format=%(refname)%00%(upstream:short)%00%(objectname)%00%(upstream:track)%00%(upstream:remotename)%00%(upstream:remoteref) refs/heads/main refs/remotes/main [1ms]
2023-12-16 00:05:21.844 [warning] ENOENT: no such file or directory, open '/home/ikbal/repos/resortApp/.git/refs/remotes/origin/main'
2023-12-16 00:05:21.844 [info] > git rev-parse refs/remotes/origin/main [0ms]
2023-12-16 00:05:21.852 [info] > git status -z -uall [4ms]
