2023-12-12 16:00:13.023 [info] Reading sessions from keychain...
2023-12-12 16:00:13.023 [info] Getting sessions for all scopes...
2023-12-12 16:00:13.023 [info] Getting sessions for all scopes...
2023-12-12 16:00:13.023 [info] Got stored sessions!
2023-12-12 16:00:13.023 [info] Got 1 verified sessions.
2023-12-12 16:00:13.023 [info] Got 1 sessions for ...
2023-12-12 16:00:13.023 [info] Got 1 sessions for ...
2023-12-12 16:00:13.023 [info] Getting sessions for read:user...
2023-12-12 16:00:13.023 [info] Got 0 sessions for read:user...
2023-12-12 16:00:13.023 [info] Getting sessions for user:email...
2023-12-12 16:00:13.023 [info] Got 1 sessions for user:email...
2023-12-12 16:00:13.068 [info] Getting sessions for read:user,repo,user:email,workflow...
2023-12-12 16:00:13.068 [info] Got 0 sessions for read:user,repo,user:email,workflow...
2023-12-12 16:00:13.488 [info] Getting sessions for user:email...
2023-12-12 16:00:13.488 [info] Got 1 sessions for user:email...
2023-12-12 16:00:14.137 [info] Getting sessions for user:email...
2023-12-12 16:00:14.137 [info] Got 1 sessions for user:email...
2023-12-12 16:00:14.153 [info] Getting sessions for user:email...
2023-12-12 16:00:14.153 [info] Got 1 sessions for user:email...
2023-12-12 16:19:10.481 [info] Getting sessions for user:email...
2023-12-12 16:19:10.481 [info] Got 1 sessions for user:email...
2023-12-12 16:25:13.630 [info] Getting sessions for read:user...
2023-12-12 16:25:13.631 [info] Got 0 sessions for read:user...
2023-12-12 16:25:13.634 [info] Getting sessions for user:email...
2023-12-12 16:25:13.634 [info] Got 1 sessions for user:email...
2023-12-12 16:25:14.137 [info] Getting sessions for user:email...
2023-12-12 16:25:14.137 [info] Got 1 sessions for user:email...
2023-12-12 16:25:14.636 [info] Getting sessions for user:email...
2023-12-12 16:25:14.636 [info] Got 1 sessions for user:email...
2023-12-12 16:50:14.198 [info] Getting sessions for read:user...
2023-12-12 16:50:14.199 [info] Got 0 sessions for read:user...
2023-12-12 16:50:14.201 [info] Getting sessions for user:email...
2023-12-12 16:50:14.201 [info] Got 1 sessions for user:email...
2023-12-12 16:50:14.636 [info] Getting sessions for user:email...
2023-12-12 16:50:14.636 [info] Got 1 sessions for user:email...
2023-12-12 16:50:15.116 [info] Getting sessions for user:email...
2023-12-12 16:50:15.116 [info] Got 1 sessions for user:email...
2023-12-12 17:15:14.866 [info] Getting sessions for read:user...
2023-12-12 17:15:14.866 [info] Got 0 sessions for read:user...
2023-12-12 17:15:14.868 [info] Getting sessions for user:email...
2023-12-12 17:15:14.868 [info] Got 1 sessions for user:email...
2023-12-12 17:15:15.118 [info] Getting sessions for user:email...
2023-12-12 17:15:15.118 [info] Got 1 sessions for user:email...
2023-12-12 17:15:15.771 [info] Getting sessions for user:email...
2023-12-12 17:15:15.771 [info] Got 1 sessions for user:email...
2023-12-12 17:40:15.446 [info] Getting sessions for read:user...
2023-12-12 17:40:15.446 [info] Got 0 sessions for read:user...
2023-12-12 17:40:15.449 [info] Getting sessions for user:email...
2023-12-12 17:40:15.454 [info] Got 1 sessions for user:email...
2023-12-12 17:40:15.774 [info] Getting sessions for user:email...
2023-12-12 17:40:15.774 [info] Got 1 sessions for user:email...
2023-12-12 17:40:16.325 [info] Getting sessions for user:email...
2023-12-12 17:40:16.325 [info] Got 1 sessions for user:email...
2023-12-12 18:05:16.097 [info] Getting sessions for read:user...
2023-12-12 18:05:16.097 [info] Got 0 sessions for read:user...
2023-12-12 18:05:16.098 [info] Getting sessions for user:email...
2023-12-12 18:05:16.098 [info] Got 1 sessions for user:email...
2023-12-12 18:05:16.326 [info] Getting sessions for user:email...
2023-12-12 18:05:16.326 [info] Got 1 sessions for user:email...
2023-12-12 18:05:16.835 [info] Getting sessions for user:email...
2023-12-12 18:05:16.835 [info] Got 1 sessions for user:email...
2023-12-12 18:30:16.761 [info] Getting sessions for read:user...
2023-12-12 18:30:16.761 [info] Got 0 sessions for read:user...
2023-12-12 18:30:16.762 [info] Getting sessions for user:email...
2023-12-12 18:30:16.762 [info] Got 1 sessions for user:email...
2023-12-12 18:30:16.835 [info] Getting sessions for user:email...
2023-12-12 18:30:16.835 [info] Got 1 sessions for user:email...
2023-12-12 18:30:17.359 [info] Getting sessions for user:email...
2023-12-12 18:30:17.359 [info] Got 1 sessions for user:email...
2023-12-12 18:55:17.322 [info] Getting sessions for read:user...
2023-12-12 18:55:17.322 [info] Got 0 sessions for read:user...
2023-12-12 18:55:17.323 [info] Getting sessions for user:email...
2023-12-12 18:55:17.323 [info] Got 1 sessions for user:email...
2023-12-12 18:55:17.360 [info] Getting sessions for user:email...
2023-12-12 18:55:17.360 [info] Got 1 sessions for user:email...
2023-12-12 18:55:17.895 [info] Getting sessions for user:email...
2023-12-12 18:55:17.895 [info] Got 1 sessions for user:email...
2023-12-12 19:20:17.899 [info] Getting sessions for user:email...
2023-12-12 19:20:17.899 [info] Got 1 sessions for user:email...
2023-12-12 19:20:17.899 [info] Getting sessions for read:user...
2023-12-12 19:20:17.899 [info] Got 0 sessions for read:user...
2023-12-12 19:20:17.901 [info] Getting sessions for user:email...
2023-12-12 19:20:17.901 [info] Got 1 sessions for user:email...
2023-12-12 19:20:18.396 [info] Getting sessions for user:email...
2023-12-12 19:20:18.396 [info] Got 1 sessions for user:email...
2023-12-12 19:45:18.399 [info] Getting sessions for user:email...
2023-12-12 19:45:18.399 [info] Got 1 sessions for user:email...
2023-12-12 19:45:18.417 [info] Getting sessions for read:user...
2023-12-12 19:45:18.417 [info] Got 0 sessions for read:user...
2023-12-12 19:45:18.419 [info] Getting sessions for user:email...
2023-12-12 19:45:18.419 [info] Got 1 sessions for user:email...
2023-12-12 19:45:18.981 [info] Getting sessions for user:email...
2023-12-12 19:45:18.981 [info] Got 1 sessions for user:email...
2023-12-12 20:10:18.988 [info] Getting sessions for user:email...
2023-12-12 20:10:18.988 [info] Got 1 sessions for user:email...
2023-12-12 20:10:18.988 [info] Getting sessions for read:user...
2023-12-12 20:10:18.988 [info] Got 0 sessions for read:user...
2023-12-12 20:10:18.993 [info] Getting sessions for user:email...
2023-12-12 20:10:18.993 [info] Got 1 sessions for user:email...
2023-12-12 20:10:19.539 [info] Getting sessions for user:email...
2023-12-12 20:10:19.539 [info] Got 1 sessions for user:email...
2023-12-12 20:35:19.576 [info] Getting sessions for read:user...
2023-12-12 20:35:19.576 [info] Got 0 sessions for read:user...
2023-12-12 20:35:19.577 [info] Getting sessions for user:email...
2023-12-12 20:35:19.577 [info] Got 1 sessions for user:email...
2023-12-12 20:35:19.579 [info] Getting sessions for user:email...
2023-12-12 20:35:19.579 [info] Got 1 sessions for user:email...
2023-12-12 20:35:20.078 [info] Getting sessions for user:email...
2023-12-12 20:35:20.078 [info] Got 1 sessions for user:email...
2023-12-12 21:00:20.078 [info] Getting sessions for user:email...
2023-12-12 21:00:20.078 [info] Got 1 sessions for user:email...
2023-12-12 21:00:20.104 [info] Getting sessions for read:user...
2023-12-12 21:00:20.104 [info] Got 0 sessions for read:user...
2023-12-12 21:00:20.105 [info] Getting sessions for user:email...
2023-12-12 21:00:20.105 [info] Got 1 sessions for user:email...
2023-12-12 21:00:20.699 [info] Getting sessions for user:email...
2023-12-12 21:00:20.699 [info] Got 1 sessions for user:email...
2023-12-12 21:25:20.702 [info] Getting sessions for user:email...
2023-12-12 21:25:20.702 [info] Got 1 sessions for user:email...
2023-12-12 21:25:20.861 [info] Getting sessions for read:user...
2023-12-12 21:25:20.861 [info] Got 0 sessions for read:user...
2023-12-12 21:25:20.864 [info] Getting sessions for user:email...
2023-12-12 21:25:20.864 [info] Got 1 sessions for user:email...
2023-12-12 21:25:21.196 [info] Getting sessions for user:email...
2023-12-12 21:25:21.196 [info] Got 1 sessions for user:email...
2023-12-12 21:50:21.196 [info] Getting sessions for user:email...
2023-12-12 21:50:21.196 [info] Got 1 sessions for user:email...
2023-12-12 21:50:21.499 [info] Getting sessions for read:user...
2023-12-12 21:50:21.499 [info] Got 0 sessions for read:user...
2023-12-12 21:50:21.500 [info] Getting sessions for user:email...
2023-12-12 21:50:21.500 [info] Got 1 sessions for user:email...
2023-12-12 21:50:21.975 [info] Getting sessions for user:email...
2023-12-12 21:50:21.975 [info] Got 1 sessions for user:email...
2023-12-12 22:15:22.001 [info] Getting sessions for user:email...
2023-12-12 22:15:22.001 [info] Got 1 sessions for user:email...
2023-12-12 22:15:22.080 [info] Getting sessions for read:user...
2023-12-12 22:15:22.080 [info] Got 0 sessions for read:user...
2023-12-12 22:15:22.082 [info] Getting sessions for user:email...
2023-12-12 22:15:22.082 [info] Got 1 sessions for user:email...
2023-12-12 22:15:22.500 [info] Getting sessions for user:email...
2023-12-12 22:15:22.500 [info] Got 1 sessions for user:email...
2023-12-12 22:40:22.501 [info] Getting sessions for user:email...
2023-12-12 22:40:22.501 [info] Got 1 sessions for user:email...
2023-12-12 22:40:22.570 [info] Getting sessions for read:user...
2023-12-12 22:40:22.570 [info] Got 0 sessions for read:user...
2023-12-12 22:40:22.571 [info] Getting sessions for user:email...
2023-12-12 22:40:22.571 [info] Got 1 sessions for user:email...
2023-12-12 22:40:23.047 [info] Getting sessions for user:email...
2023-12-12 22:40:23.047 [info] Got 1 sessions for user:email...
2023-12-12 23:05:23.051 [info] Getting sessions for user:email...
2023-12-12 23:05:23.051 [info] Got 1 sessions for user:email...
2023-12-12 23:05:23.068 [info] Getting sessions for read:user...
2023-12-12 23:05:23.068 [info] Got 0 sessions for read:user...
2023-12-12 23:05:23.071 [info] Getting sessions for user:email...
2023-12-12 23:05:23.071 [info] Got 1 sessions for user:email...
2023-12-12 23:05:23.809 [info] Getting sessions for user:email...
2023-12-12 23:05:23.809 [info] Got 1 sessions for user:email...
2023-12-12 23:30:23.809 [info] Getting sessions for user:email...
2023-12-12 23:30:23.809 [info] Got 1 sessions for user:email...
2023-12-12 23:30:23.813 [info] Getting sessions for read:user...
2023-12-12 23:30:23.813 [info] Got 0 sessions for read:user...
2023-12-12 23:30:23.816 [info] Getting sessions for user:email...
2023-12-12 23:30:23.816 [info] Got 1 sessions for user:email...
2023-12-12 23:30:24.347 [info] Getting sessions for user:email...
2023-12-12 23:30:24.348 [info] Got 1 sessions for user:email...
2023-12-12 23:55:24.349 [info] Getting sessions for user:email...
2023-12-12 23:55:24.349 [info] Got 1 sessions for user:email...
2023-12-12 23:55:24.505 [info] Getting sessions for read:user...
2023-12-12 23:55:24.505 [info] Got 0 sessions for read:user...
2023-12-12 23:55:24.508 [info] Getting sessions for user:email...
2023-12-12 23:55:24.508 [info] Got 1 sessions for user:email...
2023-12-12 23:55:24.866 [info] Getting sessions for user:email...
2023-12-12 23:55:24.866 [info] Got 1 sessions for user:email...
2023-12-13 00:20:24.868 [info] Getting sessions for user:email...
2023-12-13 00:20:24.868 [info] Got 1 sessions for user:email...
2023-12-13 00:20:25.028 [info] Getting sessions for read:user...
2023-12-13 00:20:25.028 [info] Got 0 sessions for read:user...
2023-12-13 00:20:25.031 [info] Getting sessions for user:email...
2023-12-13 00:20:25.031 [info] Got 1 sessions for user:email...
2023-12-13 00:20:25.396 [info] Getting sessions for user:email...
2023-12-13 00:20:25.396 [info] Got 1 sessions for user:email...
2023-12-13 00:45:25.396 [info] Getting sessions for user:email...
2023-12-13 00:45:25.396 [info] Got 1 sessions for user:email...
2023-12-13 00:45:25.667 [info] Getting sessions for read:user...
2023-12-13 00:45:25.667 [info] Got 0 sessions for read:user...
2023-12-13 00:45:25.670 [info] Getting sessions for user:email...
2023-12-13 00:45:25.670 [info] Got 1 sessions for user:email...
2023-12-13 00:45:26.158 [info] Getting sessions for user:email...
2023-12-13 00:45:26.158 [info] Got 1 sessions for user:email...
2023-12-13 01:10:26.159 [info] Getting sessions for user:email...
2023-12-13 01:10:26.159 [info] Got 1 sessions for user:email...
2023-12-13 01:10:26.160 [info] Getting sessions for read:user...
2023-12-13 01:10:26.167 [info] Got 0 sessions for read:user...
2023-12-13 01:10:26.171 [info] Getting sessions for user:email...
2023-12-13 01:10:26.171 [info] Got 1 sessions for user:email...
2023-12-13 01:10:26.829 [info] Getting sessions for user:email...
2023-12-13 01:10:26.830 [info] Got 1 sessions for user:email...
2023-12-13 01:35:26.830 [info] Getting sessions for user:email...
2023-12-13 01:35:26.830 [info] Got 1 sessions for user:email...
2023-12-13 01:35:26.833 [info] Getting sessions for read:user...
2023-12-13 01:35:26.833 [info] Got 0 sessions for read:user...
2023-12-13 01:35:26.836 [info] Getting sessions for user:email...
2023-12-13 01:35:26.836 [info] Got 1 sessions for user:email...
2023-12-13 01:35:27.365 [info] Getting sessions for user:email...
2023-12-13 01:35:27.365 [info] Got 1 sessions for user:email...
2023-12-13 02:00:27.365 [info] Getting sessions for user:email...
2023-12-13 02:00:27.365 [info] Got 1 sessions for user:email...
2023-12-13 02:00:27.368 [info] Getting sessions for read:user...
2023-12-13 02:00:27.368 [info] Got 0 sessions for read:user...
2023-12-13 02:00:27.371 [info] Getting sessions for user:email...
2023-12-13 02:00:27.371 [info] Got 1 sessions for user:email...
2023-12-13 02:00:27.887 [info] Getting sessions for user:email...
2023-12-13 02:00:27.888 [info] Got 1 sessions for user:email...
2023-12-13 02:25:27.886 [info] Getting sessions for user:email...
2023-12-13 02:25:27.887 [info] Got 1 sessions for user:email...
2023-12-13 02:25:27.887 [info] Getting sessions for read:user...
2023-12-13 02:25:27.887 [info] Got 0 sessions for read:user...
2023-12-13 02:25:27.892 [info] Getting sessions for user:email...
2023-12-13 02:25:27.892 [info] Got 1 sessions for user:email...
2023-12-13 02:25:28.423 [info] Getting sessions for user:email...
2023-12-13 02:25:28.423 [info] Got 1 sessions for user:email...
